# JRE version: OpenJDK Runtime Environment (8.0_252-b09) (build 1.8.0_252-b09)
# Java VM: OpenJDK 64-Bit Server VM (25.252-b09 mixed mode linux-amd64 compressed oops)
Heap:
 par new generation   total 306688K, used 283338K [0x0000000505c00000, 0x000000051a8c0000, 0x000000051a8c0000)
  eden space 272640K,  91% used [0x0000000505c00000, 0x0000000514f72e28, 0x0000000516640000)
  from space 34048K,  99% used [0x0000000518780000, 0x000000051a8bf9d8, 0x000000051a8c0000)
  to   space 34048K,   0% used [0x0000000516640000, 0x0000000516640000, 0x0000000518780000)
 concurrent mark-sweep generation total 5073648K, used 4969553K [0x000000051a8c0000, 0x000000065037c000, 0x00000007c0000000)
 Metaspace       used 139775K, capacity 142876K, committed 143436K, reserved 1173504K
  class space    used 18254K, capacity 18901K, committed 19084K, reserved 1048576K
GC Heap History (250 events):
Event: 8416.909 GC heap before
{Heap before GC invocations=388 (full 12):
 par new generation   total 306688K, used 283479K [0x0000000505c00000, 0x000000051a8c0000, 0x000000051a8c0000)
  eden space 272640K, 100% used [0x0000000505c00000, 0x0000000516640000, 0x0000000516640000)
  from space 34048K,  31% used [0x0000000518780000, 0x0000000519215c60, 0x000000051a8c0000)
  to   space 34048K,   0% used [0x0000000516640000, 0x0000000516640000, 0x0000000518780000)
 concurrent mark-sweep generation total 803464K, used 309800K [0x000000051a8c0000, 0x000000054b962000, 0x00000007c0000000)
 Metaspace       used 139849K, capacity 143006K, committed 143308K, reserved 1173504K
  class space    used 18277K, capacity 18942K, committed 18956K, reserved 1048576K
Event: 8416.914 GC heap after
Heap after GC invocations=389 (full 12):
 par new generation   total 306688K, used 7907K [0x0000000505c00000, 0x000000051a8c0000, 0x000000051a8c0000)
  eden space 272640K,   0% used [0x0000000505c00000, 0x0000000505c00000, 0x0000000516640000)
  from space 34048K,  23% used [0x0000000516640000, 0x0000000516df8f40, 0x0000000518780000)
  to   space 34048K,   0% used [0x0000000518780000, 0x0000000518780000, 0x000000051a8c0000)
 concurrent mark-sweep generation total 803464K, used 310320K [0x000000051a8c0000, 0x000000054b962000, 0x00000007c0000000)
 Metaspace       used 139849K, capacity 143006K, committed 143308K, reserved 1173504K
  class space    used 18277K, capacity 18942K, committed 18956K, reserved 1048576K
}
Event: 8417.324 GC heap before
{Heap before GC invocations=389 (full 12):
 par new generation   total 306688K, used 280547K [0x0000000505c00000, 0x000000051a8c0000, 0x000000051a8c0000)
  eden space 272640K, 100% used [0x0000000505c00000, 0x0000000516640000, 0x0000000516640000)
  from space 34048K,  23% used [0x0000000516640000, 0x0000000516df8f40, 0x0000000518780000)
  to   space 34048K,   0% used [0x0000000518780000, 0x0000000518780000, 0x000000051a8c0000)
 concurrent mark-sweep generation total 803464K, used 310320K [0x000000051a8c0000, 0x000000054b962000, 0x00000007c0000000)
 Metaspace       used 139849K, capacity 143006K, committed 143308K, reserved 1173504K
  class space    used 18277K, capacity 18942K, committed 18956K, reserved 1048576K
Event: 8417.330 GC heap after
Heap after GC invocations=390 (full 12):
 par new generation   total 306688K, used 9640K [0x0000000505c00000, 0x000000051a8c0000, 0x000000051a8c0000)
  eden space 272640K,   0% used [0x0000000505c00000, 0x0000000505c00000, 0x0000000516640000)
  from space 34048K,  28% used [0x0000000518780000, 0x00000005190ea3a8, 0x000000051a8c0000)
  to   space 34048K,   0% used [0x0000000516640000, 0x0000000516640000, 0x0000000518780000)
 concurrent mark-sweep generation total 803464K, used 310952K [0x000000051a8c0000, 0x000000054b962000, 0x00000007c0000000)
 Metaspace       used 139849K, capacity 143006K, committed 143308K, reserved 1173504K
  class space    used 18277K, capacity 18942K, committed 18956K, reserved 1048576K
}
Event: 8417.751 GC heap before
{Heap before GC invocations=390 (full 12):
 par new generation   total 306688K, used 282280K [0x0000000505c00000, 0x000000051a8c0000, 0x000000051a8c0000)
  eden space 272640K, 100% used [0x0000000505c00000, 0x0000000516640000, 0x0000000516640000)
  from space 34048K,  28% used [0x0000000518780000, 0x00000005190ea3a8, 0x000000051a8c0000)
  to   space 34048K,   0% used [0x0000000516640000, 0x0000000516640000, 0x0000000518780000)
 concurrent mark-sweep generation total 803464K, used 310952K [0x000000051a8c0000, 0x000000054b962000, 0x00000007c0000000)
 Metaspace       used 139849K, capacity 143006K, committed 143308K, reserved 1173504K
  class space    used 18277K, capacity 18942K, committed 18956K, reserved 1048576K
Event: 8417.757 GC heap after
Heap after GC invocations=391 (full 12):
 par new generation   total 306688K, used 9645K [0x0000000505c00000, 0x000000051a8c0000, 0x000000051a8c0000)
  eden space 272640K,   0% used [0x0000000505c00000, 0x0000000505c00000, 0x0000000516640000)
  from space 34048K,  28% used [0x0000000516640000, 0x0000000516fab580, 0x0000000518780000)
  to   space 34048K,   0% used [0x0000000518780000, 0x0000000518780000, 0x000000051a8c0000)
 concurrent mark-sweep generation total 803464K, used 311581K [0x000000051a8c0000, 0x000000054b962000, 0x00000007c0000000)
 Metaspace       used 139849K, capacity 143006K, committed 143308K, reserved 1173504K
  class space    used 18277K, capacity 18942K, committed 18956K, reserved 1048576K
}
Event: 8418.159 GC heap before
{Heap before GC invocations=391 (full 12):
 par new generation   total 306688K, used 282285K [0x0000000505c00000, 0x000000051a8c0000, 0x000000051a8c0000)
  eden space 272640K, 100% used [0x0000000505c00000, 0x0000000516640000, 0x0000000516640000)
  from space 34048K,  28% used [0x0000000516640000, 0x0000000516fab580, 0x0000000518780000)
  to   space 34048K,   0% used [0x0000000518780000, 0x0000000518780000, 0x000000051a8c0000)
 concurrent mark-sweep generation total 803464K, used 311581K [0x000000051a8c0000, 0x000000054b962000, 0x00000007c0000000)
 Metaspace       used 139849K, capacity 143006K, committed 143308K, reserved 1173504K
  class space    used 18277K, capacity 18942K, committed 18956K, reserved 1048576K
Event: 8418.166 GC heap after
Heap after GC invocations=392 (full 12):
 par new generation   total 306688K, used 11054K [0x0000000505c00000, 0x000000051a8c0000, 0x000000051a8c0000)
  eden space 272640K,   0% used [0x0000000505c00000, 0x0000000505c00000, 0x0000000516640000)
  from space 34048K,  32% used [0x0000000518780000, 0x000000051924b8a0, 0x000000051a8c0000)
  to   space 34048K,   0% used [0x0000000516640000, 0x0000000516640000, 0x0000000518780000)
 concurrent mark-sweep generation total 803464K, used 312482K [0x000000051a8c0000, 0x000000054b962000, 0x00000007c0000000)
 Metaspace       used 139849K, capacity 143006K, committed 143308K, reserved 1173504K
  class space    used 18277K, capacity 18942K, committed 18956K, reserved 1048576K
}
Event: 8418.523 GC heap before
{Heap before GC invocations=392 (full 12):
 par new generation   total 306688K, used 283694K [0x0000000505c00000, 0x000000051a8c0000, 0x000000051a8c0000)
  eden space 272640K, 100% used [0x0000000505c00000, 0x0000000516640000, 0x0000000516640000)
  from space 34048K,  32% used [0x0000000518780000, 0x000000051924b8a0, 0x000000051a8c0000)
  to   space 34048K,   0% used [0x0000000516640000, 0x0000000516640000, 0x0000000518780000)
 concurrent mark-sweep generation total 803464K, used 312482K [0x000000051a8c0000, 0x000000054b962000, 0x00000007c0000000)
 Metaspace       used 139849K, capacity 143006K, committed 143308K, reserved 1173504K
  class space    used 18277K, capacity 18942K, committed 18956K, reserved 1048576K
Event: 8418.529 GC heap after
Heap after GC invocations=393 (full 12):
 par new generation   total 306688K, used 14374K [0x0000000505c00000, 0x000000051a8c0000, 0x000000051a8c0000)
  eden space 272640K,   0% used [0x0000000505c00000, 0x0000000505c00000, 0x0000000516640000)
  from space 34048K,  42% used [0x0000000516640000, 0x0000000517449808, 0x0000000518780000)
  to   space 34048K,   0% used [0x0000000518780000, 0x0000000518780000, 0x000000051a8c0000)
 concurrent mark-sweep generation total 803464K, used 313024K [0x000000051a8c0000, 0x000000054b962000, 0x00000007c0000000)
 Metaspace       used 139849K, capacity 143006K, committed 143308K, reserved 1173504K
  class space    used 18277K, capacity 18942K, committed 18956K, reserved 1048576K
}
Event: 8418.928 GC heap before
{Heap before GC invocations=393 (full 12):
 par new generation   total 306688K, used 287014K [0x0000000505c00000, 0x000000051a8c0000, 0x000000051a8c0000)
  eden space 272640K, 100% used [0x0000000505c00000, 0x0000000516640000, 0x0000000516640000)
  from space 34048K,  42% used [0x0000000516640000, 0x0000000517449808, 0x0000000518780000)
  to   space 34048K,   0% used [0x0000000518780000, 0x0000000518780000, 0x000000051a8c0000)
 concurrent mark-sweep generation total 803464K, used 313024K [0x000000051a8c0000, 0x000000054b962000, 0x00000007c0000000)
 Metaspace       used 139849K, capacity 143006K, committed 143308K, reserved 1173504K
  class space    used 18277K, capacity 18942K, committed 18956K, reserved 1048576K
Event: 8418.935 GC heap after
Heap after GC invocations=394 (full 12):
 par new generation   total 306688K, used 14052K [0x0000000505c00000, 0x000000051a8c0000, 0x000000051a8c0000)
  eden space 272640K,   0% used [0x0000000505c00000, 0x0000000505c00000, 0x0000000516640000)
  from space 34048K,  41% used [0x0000000518780000, 0x0000000519539120, 0x000000051a8c0000)
  to   space 34048K,   0% used [0x0000000516640000, 0x0000000516640000, 0x0000000518780000)
 concurrent mark-sweep generation total 803464K, used 314482K [0x000000051a8c0000, 0x000000054b962000, 0x00000007c0000000)
 Metaspace       used 139849K, capacity 143006K, committed 143308K, reserved 1173504K
  class space    used 18277K, capacity 18942K, committed 18956K, reserved 1048576K
}
Event: 8419.317 GC heap before
{Heap before GC invocations=394 (full 12):
 par new generation   total 306688K, used 286692K [0x0000000505c00000, 0x000000051a8c0000, 0x000000051a8c0000)
  eden space 272640K, 100% used [0x0000000505c00000, 0x0000000516640000, 0x0000000516640000)
  from space 34048K,  41% used [0x0000000518780000, 0x0000000519539120, 0x000000051a8c0000)
  to   space 34048K,   0% used [0x0000000516640000, 0x0000000516640000, 0x0000000518780000)
 concurrent mark-sweep generation total 803464K, used 314482K [0x000000051a8c0000, 0x000000054b962000, 0x00000007c0000000)
 Metaspace       used 139849K, capacity 143006K, committed 143308K, reserved 1173504K
  class space    used 18277K, capacity 18942K, committed 18956K, reserved 1048576K
Event: 8419.325 GC heap after
Heap after GC invocations=395 (full 12):
 par new generation   total 306688K, used 17092K [0x0000000505c00000, 0x000000051a8c0000, 0x000000051a8c0000)
  eden space 272640K,   0% used [0x0000000505c00000, 0x0000000505c00000, 0x0000000516640000)
  from space 34048K,  50% used [0x0000000516640000, 0x00000005176f13a0, 0x0000000518780000)
  to   space 34048K,   0% used [0x0000000518780000, 0x0000000518780000, 0x000000051a8c0000)
 concurrent mark-sweep generation total 803464K, used 316031K [0x000000051a8c0000, 0x000000054b962000, 0x00000007c0000000)
 Metaspace       used 139849K, capacity 143006K, committed 143308K, reserved 1173504K
  class space    used 18277K, capacity 18942K, committed 18956K, reserved 1048576K
}
Event: 8419.739 GC heap before
{Heap before GC invocations=395 (full 12):
 par new generation   total 306688K, used 289732K [0x0000000505c00000, 0x000000051a8c0000, 0x000000051a8c0000)
  eden space 272640K, 100% used [0x0000000505c00000, 0x0000000516640000, 0x0000000516640000)
  from space 34048K,  50% used [0x0000000516640000, 0x00000005176f13a0, 0x0000000518780000)
  to   space 34048K,   0% used [0x0000000518780000, 0x0000000518780000, 0x000000051a8c0000)
 concurrent mark-sweep generation total 803464K, used 316031K [0x000000051a8c0000, 0x000000054b962000, 0x00000007c0000000)
 Metaspace       used 139849K, capacity 143006K, committed 143308K, reserved 1173504K
  class space    used 18277K, capacity 18942K, committed 18956K, reserved 1048576K
Event: 8419.747 GC heap after
Heap after GC invocations=396 (full 12):
 par new generation   total 306688K, used 15336K [0x0000000505c00000, 0x000000051a8c0000, 0x000000051a8c0000)
  eden space 272640K,   0% used [0x0000000505c00000, 0x0000000505c00000, 0x0000000516640000)
  from space 34048K,  45% used [0x0000000518780000, 0x000000051967a150, 0x000000051a8c0000)
  to   space 34048K,   0% used [0x0000000516640000, 0x0000000516640000, 0x0000000518780000)
 concurrent mark-sweep generation total 803464K, used 317608K [0x000000051a8c0000, 0x000000054b962000, 0x00000007c0000000)
 Metaspace       used 139849K, capacity 143006K, committed 143308K, reserved 1173504K
  class space    used 18277K, capacity 18942K, committed 18956K, reserved 1048576K
}
Event: 8540.643 GC heap before
{Heap before GC invocations=396 (full 12):
 par new generation   total 306688K, used 287976K [0x0000000505c00000, 0x000000051a8c0000, 0x000000051a8c0000)
  eden space 272640K, 100% used [0x0000000505c00000, 0x0000000516640000, 0x0000000516640000)
  from space 34048K,  45% used [0x0000000518780000, 0x000000051967a150, 0x000000051a8c0000)
  to   space 34048K,   0% used [0x0000000516640000, 0x0000000516640000, 0x0000000518780000)
 concurrent mark-sweep generation total 803464K, used 317608K [0x000000051a8c0000, 0x000000054b962000, 0x00000007c0000000)
 Metaspace       used 139849K, capacity 143006K, committed 143308K, reserved 1173504K
  class space    used 18277K, capacity 18942K, committed 18956K, reserved 1048576K
Event: 8540.648 GC heap after
Heap after GC invocations=397 (full 12):
 par new generation   total 306688K, used 10540K [0x0000000505c00000, 0x000000051a8c0000, 0x000000051a8c0000)
  eden space 272640K,   0% used [0x0000000505c00000, 0x0000000505c00000, 0x0000000516640000)
  from space 34048K,  30% used [0x0000000516640000, 0x000000051708b0e0, 0x0000000518780000)
  to   space 34048K,   0% used [0x0000000518780000, 0x0000000518780000, 0x000000051a8c0000)
 concurrent mark-sweep generation total 803464K, used 317975K [0x000000051a8c0000, 0x000000054b962000, 0x00000007c0000000)
 Metaspace       used 139849K, capacity 143006K, committed 143308K, reserved 1173504K
  class space    used 18277K, capacity 18942K, committed 18956K, reserved 1048576K
}
Event: 8541.053 GC heap before
{Heap before GC invocations=397 (full 12):
 par new generation   total 306688K, used 283180K [0x0000000505c00000, 0x000000051a8c0000, 0x000000051a8c0000)
  eden space 272640K, 100% used [0x0000000505c00000, 0x0000000516640000, 0x0000000516640000)
  from space 34048K,  30% used [0x0000000516640000, 0x000000051708b0e0, 0x0000000518780000)
  to   space 34048K,   0% used [0x0000000518780000, 0x0000000518780000, 0x000000051a8c0000)
 concurrent mark-sweep generation total 803464K, used 317975K [0x000000051a8c0000, 0x000000054b962000, 0x00000007c0000000)
 Metaspace       used 139849K, capacity 143006K, committed 143308K, reserved 1173504K
  class space    used 18277K, capacity 18942K, committed 18956K, reserved 1048576K
Event: 8541.058 GC heap after
Heap after GC invocations=398 (full 12):
 par new generation   total 306688K, used 7209K [0x0000000505c00000, 0x000000051a8c0000, 0x000000051a8c0000)
  eden space 272640K,   0% used [0x0000000505c00000, 0x0000000505c00000, 0x0000000516640000)
  from space 34048K,  21% used [0x0000000518780000, 0x0000000518e8a400, 0x000000051a8c0000)
  to   space 34048K,   0% used [0x0000000516640000, 0x0000000516640000, 0x0000000518780000)
 concurrent mark-sweep generation total 803464K, used 318501K [0x000000051a8c0000, 0x000000054b962000, 0x00000007c0000000)
 Metaspace       used 139849K, capacity 143006K, committed 143308K, reserved 1173504K
  class space    used 18277K, capacity 18942K, committed 18956K, reserved 1048576K
}
Event: 8541.475 GC heap before
{Heap before GC invocations=398 (full 12):
 par new generation   total 306688K, used 279849K [0x0000000505c00000, 0x000000051a8c0000, 0x000000051a8c0000)
  eden space 272640K, 100% used [0x0000000505c00000, 0x0000000516640000, 0x0000000516640000)
  from space 34048K,  21% used [0x0000000518780000, 0x0000000518e8a400, 0x000000051a8c0000)
  to   space 34048K,   0% used [0x0000000516640000, 0x0000000516640000, 0x0000000518780000)
 concurrent mark-sweep generation total 803464K, used 318501K [0x000000051a8c0000, 0x000000054b962000, 0x00000007c0000000)
 Metaspace       used 139849K, capacity 143006K, committed 143308K, reserved 1173504K
  class space    used 18277K, capacity 18942K, committed 18956K, reserved 1048576K
Event: 8541.480 GC heap after
Heap after GC invocations=399 (full 12):
 par new generation   total 306688K, used 8104K [0x0000000505c00000, 0x000000051a8c0000, 0x000000051a8c0000)
  eden space 272640K,   0% used [0x0000000505c00000, 0x0000000505c00000, 0x0000000516640000)
  from space 34048K,  23% used [0x0000000516640000, 0x0000000516e2a138, 0x0000000518780000)
  to   space 34048K,   0% used [0x0000000518780000, 0x0000000518780000, 0x000000051a8c0000)
 concurrent mark-sweep generation total 803464K, used 318895K [0x000000051a8c0000, 0x000000054b962000, 0x00000007c0000000)
 Metaspace       used 139849K, capacity 143006K, committed 143308K, reserved 1173504K
  class space    used 18277K, capacity 18942K, committed 18956K, reserved 1048576K
}
Event: 8541.915 GC heap before
{Heap before GC invocations=399 (full 12):
 par new generation   total 306688K, used 280744K [0x0000000505c00000, 0x000000051a8c0000, 0x000000051a8c0000)
  eden space 272640K, 100% used [0x0000000505c00000, 0x0000000516640000, 0x0000000516640000)
  from space 34048K,  23% used [0x0000000516640000, 0x0000000516e2a138, 0x0000000518780000)
  to   space 34048K,   0% used [0x0000000518780000, 0x0000000518780000, 0x000000051a8c0000)
 concurrent mark-sweep generation total 803464K, used 318895K [0x000000051a8c0000, 0x000000054b962000, 0x00000007c0000000)
 Metaspace       used 139849K, capacity 143006K, committed 143308K, reserved 1173504K
  class space    used 18277K, capacity 18942K, committed 18956K, reserved 1048576K
Event: 8541.921 GC heap after
Heap after GC invocations=400 (full 12):
 par new generation   total 306688K, used 9907K [0x0000000505c00000, 0x000000051a8c0000, 0x000000051a8c0000)
  eden space 272640K,   0% used [0x0000000505c00000, 0x0000000505c00000, 0x0000000516640000)
  from space 34048K,  29% used [0x0000000518780000, 0x000000051912ccc0, 0x000000051a8c0000)
  to   space 34048K,   0% used [0x0000000516640000, 0x0000000516640000, 0x0000000518780000)
 concurrent mark-sweep generation total 803464K, used 319415K [0x000000051a8c0000, 0x000000054b962000, 0x00000007c0000000)
 Metaspace       used 139849K, capacity 143006K, committed 143308K, reserved 1173504K
  class space    used 18277K, capacity 18942K, committed 18956K, reserved 1048576K
}
Event: 8542.318 GC heap before
{Heap before GC invocations=400 (full 12):
 par new generation   total 306688K, used 282547K [0x0000000505c00000, 0x000000051a8c0000, 0x000000051a8c0000)
  eden space 272640K, 100% used [0x0000000505c00000, 0x0000000516640000, 0x0000000516640000)
  from space 34048K,  29% used [0x0000000518780000, 0x000000051912ccc0, 0x000000051a8c0000)
  to   space 34048K,   0% used [0x0000000516640000, 0x0000000516640000, 0x0000000518780000)
 concurrent mark-sweep generation total 803464K, used 319415K [0x000000051a8c0000, 0x000000054b962000, 0x00000007c0000000)
 Metaspace       used 139849K, capacity 143006K, committed 143308K, reserved 1173504K
  class space    used 18277K, capacity 18942K, committed 18956K, reserved 1048576K
Event: 8542.325 GC heap after
Heap after GC invocations=401 (full 12):
 par new generation   total 306688K, used 10035K [0x0000000505c00000, 0x000000051a8c0000, 0x000000051a8c0000)
  eden space 272640K,   0% used [0x0000000505c00000, 0x0000000505c00000, 0x0000000516640000)
  from space 34048K,  29% used [0x0000000516640000, 0x000000051700cf30, 0x0000000518780000)
  to   space 34048K,   0% used [0x0000000518780000, 0x0000000518780000, 0x000000051a8c0000)
 concurrent mark-sweep generation total 803464K, used 320154K [0x000000051a8c0000, 0x000000054b962000, 0x00000007c0000000)
 Metaspace       used 139849K, capacity 143006K, committed 143308K, reserved 1173504K
  class space    used 18277K, capacity 18942K, committed 18956K, reserved 1048576K
}
Event: 8542.717 GC heap before
{Heap before GC invocations=401 (full 12):
 par new generation   total 306688K, used 282675K [0x0000000505c00000, 0x000000051a8c0000, 0x000000051a8c0000)
  eden space 272640K, 100% used [0x0000000505c00000, 0x0000000516640000, 0x0000000516640000)
  from space 34048K,  29% used [0x0000000516640000, 0x000000051700cf30, 0x0000000518780000)
  to   space 34048K,   0% used [0x0000000518780000, 0x0000000518780000, 0x000000051a8c0000)
 concurrent mark-sweep generation total 803464K, used 320154K [0x000000051a8c0000, 0x000000054b962000, 0x00000007c0000000)
 Metaspace       used 139849K, capacity 143006K, committed 143308K, reserved 1173504K
  class space    used 18277K, capacity 18942K, committed 18956K, reserved 1048576K
Event: 8542.724 GC heap after
Heap after GC invocations=402 (full 12):
 par new generation   total 306688K, used 11631K [0x0000000505c00000, 0x000000051a8c0000, 0x000000051a8c0000)
  eden space 272640K,   0% used [0x0000000505c00000, 0x0000000505c00000, 0x0000000516640000)
  from space 34048K,  34% used [0x0000000518780000, 0x00000005192dbc30, 0x000000051a8c0000)
  to   space 34048K,   0% used [0x0000000516640000, 0x0000000516640000, 0x0000000518780000)
 concurrent mark-sweep generation total 803464K, used 320738K [0x000000051a8c0000, 0x000000054b962000, 0x00000007c0000000)
 Metaspace       used 139849K, capacity 143006K, committed 143308K, reserved 1173504K
  class space    used 18277K, capacity 18942K, committed 18956K, reserved 1048576K
}
Event: 8543.109 GC heap before
{Heap before GC invocations=402 (full 12):
 par new generation   total 306688K, used 284271K [0x0000000505c00000, 0x000000051a8c0000, 0x000000051a8c0000)
  eden space 272640K, 100% used [0x0000000505c00000, 0x0000000516640000, 0x0000000516640000)
  from space 34048K,  34% used [0x0000000518780000, 0x00000005192dbc30, 0x000000051a8c0000)
  to   space 34048K,   0% used [0x0000000516640000, 0x0000000516640000, 0x0000000518780000)
 concurrent mark-sweep generation total 803464K, used 320738K [0x000000051a8c0000, 0x000000054b962000, 0x00000007c0000000)
 Metaspace       used 139849K, capacity 143006K, committed 143308K, reserved 1173504K
  class space    used 18277K, capacity 18942K, committed 18956K, reserved 1048576K
Event: 8543.117 GC heap after
Heap after GC invocations=403 (full 12):
 par new generation   total 306688K, used 13232K [0x0000000505c00000, 0x000000051a8c0000, 0x000000051a8c0000)
  eden space 272640K,   0% used [0x0000000505c00000, 0x0000000505c00000, 0x0000000516640000)
  from space 34048K,  38% used [0x0000000516640000, 0x000000051732c1c0, 0x0000000518780000)
  to   space 34048K,   0% used [0x0000000518780000, 0x0000000518780000, 0x000000051a8c0000)
 concurrent mark-sweep generation total 803464K, used 321790K [0x000000051a8c0000, 0x000000054b962000, 0x00000007c0000000)
 Metaspace       used 139849K, capacity 143006K, committed 143308K, reserved 1173504K
  class space    used 18277K, capacity 18942K, committed 18956K, reserved 1048576K
}
Event: 8543.506 GC heap before
{Heap before GC invocations=403 (full 12):
 par new generation   total 306688K, used 285872K [0x0000000505c00000, 0x000000051a8c0000, 0x000000051a8c0000)
  eden space 272640K, 100% used [0x0000000505c00000, 0x0000000516640000, 0x0000000516640000)
  from space 34048K,  38% used [0x0000000516640000, 0x000000051732c1c0, 0x0000000518780000)
  to   space 34048K,   0% used [0x0000000518780000, 0x0000000518780000, 0x000000051a8c0000)
 concurrent mark-sweep generation total 803464K, used 321790K [0x000000051a8c0000, 0x000000054b962000, 0x00000007c0000000)
 Metaspace       used 139849K, capacity 143006K, committed 143308K, reserved 1173504K
  class space    used 18277K, capacity 18942K, committed 18956K, reserved 1048576K
Event: 8543.514 GC heap after
Heap after GC invocations=404 (full 12):
 par new generation   total 306688K, used 14437K [0x0000000505c00000, 0x000000051a8c0000, 0x000000051a8c0000)
  eden space 272640K,   0% used [0x0000000505c00000, 0x0000000505c00000, 0x0000000516640000)
  from space 34048K,  42% used [0x0000000518780000, 0x00000005195994e0, 0x000000051a8c0000)
  to   space 34048K,   0% used [0x0000000516640000, 0x0000000516640000, 0x0000000518780000)
 concurrent mark-sweep generation total 803464K, used 323323K [0x000000051a8c0000, 0x000000054b962000, 0x00000007c0000000)
 Metaspace       used 139849K, capacity 143006K, committed 143308K, reserved 1173504K
  class space    used 18277K, capacity 18942K, committed 18956K, reserved 1048576K
}
Event: 8543.919 GC heap before
{Heap before GC invocations=404 (full 12):
 par new generation   total 306688K, used 287077K [0x0000000505c00000, 0x000000051a8c0000, 0x000000051a8c0000)
  eden space 272640K, 100% used [0x0000000505c00000, 0x0000000516640000, 0x0000000516640000)
  from space 34048K,  42% used [0x0000000518780000, 0x00000005195994e0, 0x000000051a8c0000)
  to   space 34048K,   0% used [0x0000000516640000, 0x0000000516640000, 0x0000000518780000)
 concurrent mark-sweep generation total 803464K, used 323323K [0x000000051a8c0000, 0x000000054b962000, 0x00000007c0000000)
 Metaspace       used 139849K, capacity 143006K, committed 143308K, reserved 1173504K
  class space    used 18277K, capacity 18942K, committed 18956K, reserved 1048576K
Event: 8543.927 GC heap after
Heap after GC invocations=405 (full 12):
 par new generation   total 306688K, used 12507K [0x0000000505c00000, 0x000000051a8c0000, 0x000000051a8c0000)
  eden space 272640K,   0% used [0x0000000505c00000, 0x0000000505c00000, 0x0000000516640000)
  from space 34048K,  36% used [0x0000000516640000, 0x0000000517276e00, 0x0000000518780000)
  to   space 34048K,   0% used [0x0000000518780000, 0x0000000518780000, 0x000000051a8c0000)
 concurrent mark-sweep generation total 803464K, used 324868K [0x000000051a8c0000, 0x000000054b962000, 0x00000007c0000000)
 Metaspace       used 139849K, capacity 143006K, committed 143308K, reserved 1173504K
  class space    used 18277K, capacity 18942K, committed 18956K, reserved 1048576K
}
Event: 8588.511 GC heap before
{Heap before GC invocations=405 (full 12):
 par new generation   total 306688K, used 285147K [0x0000000505c00000, 0x000000051a8c0000, 0x000000051a8c0000)
  eden space 272640K, 100% used [0x0000000505c00000, 0x0000000516640000, 0x0000000516640000)
  from space 34048K,  36% used [0x0000000516640000, 0x0000000517276e00, 0x0000000518780000)
  to   space 34048K,   0% used [0x0000000518780000, 0x0000000518780000, 0x000000051a8c0000)
 concurrent mark-sweep generation total 803464K, used 324868K [0x000000051a8c0000, 0x000000054b962000, 0x00000007c0000000)
 Metaspace       used 139849K, capacity 143006K, committed 143308K, reserved 1173504K
  class space    used 18277K, capacity 18942K, committed 18956K, reserved 1048576K
Event: 8588.520 GC heap after
Heap after GC invocations=406 (full 12):
 par new generation   total 306688K, used 15639K [0x0000000505c00000, 0x000000051a8c0000, 0x000000051a8c0000)
  eden space 272640K,   0% used [0x0000000505c00000, 0x0000000505c00000, 0x0000000516640000)
  from space 34048K,  45% used [0x0000000518780000, 0x00000005196c5f00, 0x000000051a8c0000)
  to   space 34048K,   0% used [0x0000000516640000, 0x0000000516640000, 0x0000000518780000)
 concurrent mark-sweep generation total 803464K, used 326442K [0x000000051a8c0000, 0x000000054b962000, 0x00000007c0000000)
 Metaspace       used 139849K, capacity 143006K, committed 143308K, reserved 1173504K
  class space    used 18277K, capacity 18942K, committed 18956K, reserved 1048576K
}
Event: 8665.077 GC heap before
{Heap before GC invocations=406 (full 12):
 par new generation   total 306688K, used 288279K [0x0000000505c00000, 0x000000051a8c0000, 0x000000051a8c0000)
  eden space 272640K, 100% used [0x0000000505c00000, 0x0000000516640000, 0x0000000516640000)
  from space 34048K,  45% used [0x0000000518780000, 0x00000005196c5f00, 0x000000051a8c0000)
  to   space 34048K,   0% used [0x0000000516640000, 0x0000000516640000, 0x0000000518780000)
 concurrent mark-sweep generation total 803464K, used 326442K [0x000000051a8c0000, 0x000000054b962000, 0x00000007c0000000)
 Metaspace       used 139849K, capacity 143006K, committed 143308K, reserved 1173504K
  class space    used 18277K, capacity 18942K, committed 18956K, reserved 1048576K
Event: 8665.082 GC heap after
Heap after GC invocations=407 (full 12):
 par new generation   total 306688K, used 10705K [0x0000000505c00000, 0x000000051a8c0000, 0x000000051a8c0000)
  eden space 272640K,   0% used [0x0000000505c00000, 0x0000000505c00000, 0x0000000516640000)
  from space 34048K,  31% used [0x0000000516640000, 0x00000005170b46c0, 0x0000000518780000)
  to   space 34048K,   0% used [0x0000000518780000, 0x0000000518780000, 0x000000051a8c0000)
 concurrent mark-sweep generation total 803464K, used 326948K [0x000000051a8c0000, 0x000000054b962000, 0x00000007c0000000)
 Metaspace       used 139849K, capacity 143006K, committed 143308K, reserved 1173504K
  class space    used 18277K, capacity 18942K, committed 18956K, reserved 1048576K
}
Event: 8665.544 GC heap before
{Heap before GC invocations=407 (full 12):
 par new generation   total 306688K, used 283345K [0x0000000505c00000, 0x000000051a8c0000, 0x000000051a8c0000)
  eden space 272640K, 100% used [0x0000000505c00000, 0x0000000516640000, 0x0000000516640000)
  from space 34048K,  31% used [0x0000000516640000, 0x00000005170b46c0, 0x0000000518780000)
  to   space 34048K,   0% used [0x0000000518780000, 0x0000000518780000, 0x000000051a8c0000)
 concurrent mark-sweep generation total 803464K, used 326948K [0x000000051a8c0000, 0x000000054b962000, 0x00000007c0000000)
 Metaspace       used 139849K, capacity 143006K, committed 143308K, reserved 1173504K
  class space    used 18277K, capacity 18942K, committed 18956K, reserved 1048576K
Event: 8665.549 GC heap after
Heap after GC invocations=408 (full 12):
 par new generation   total 306688K, used 5489K [0x0000000505c00000, 0x000000051a8c0000, 0x000000051a8c0000)
  eden space 272640K,   0% used [0x0000000505c00000, 0x0000000505c00000, 0x0000000516640000)
  from space 34048K,  16% used [0x0000000518780000, 0x0000000518cdc5a8, 0x000000051a8c0000)
  to   space 34048K,   0% used [0x0000000516640000, 0x0000000516640000, 0x0000000518780000)
 concurrent mark-sweep generation total 803464K, used 327571K [0x000000051a8c0000, 0x000000054b962000, 0x00000007c0000000)
 Metaspace       used 139849K, capacity 143006K, committed 143308K, reserved 1173504K
  class space    used 18277K, capacity 18942K, committed 18956K, reserved 1048576K
}
Event: 8665.943 GC heap before
{Heap before GC invocations=408 (full 12):
 par new generation   total 306688K, used 278129K [0x0000000505c00000, 0x000000051a8c0000, 0x000000051a8c0000)
  eden space 272640K, 100% used [0x0000000505c00000, 0x0000000516640000, 0x0000000516640000)
  from space 34048K,  16% used [0x0000000518780000, 0x0000000518cdc5a8, 0x000000051a8c0000)
  to   space 34048K,   0% used [0x0000000516640000, 0x0000000516640000, 0x0000000518780000)
 concurrent mark-sweep generation total 803464K, used 327571K [0x000000051a8c0000, 0x000000054b962000, 0x00000007c0000000)
 Metaspace       used 139849K, capacity 143006K, committed 143308K, reserved 1173504K
  class space    used 18277K, capacity 18942K, committed 18956K, reserved 1048576K
Event: 8665.948 GC heap after
Heap after GC invocations=409 (full 12):
 par new generation   total 306688K, used 5736K [0x0000000505c00000, 0x000000051a8c0000, 0x000000051a8c0000)
  eden space 272640K,   0% used [0x0000000505c00000, 0x0000000505c00000, 0x0000000516640000)
  from space 34048K,  16% used [0x0000000516640000, 0x0000000516bda3c0, 0x0000000518780000)
  to   space 34048K,   0% used [0x0000000518780000, 0x0000000518780000, 0x000000051a8c0000)
 concurrent mark-sweep generation total 803464K, used 328378K [0x000000051a8c0000, 0x000000054b962000, 0x00000007c0000000)
 Metaspace       used 139849K, capacity 143006K, committed 143308K, reserved 1173504K
  class space    used 18277K, capacity 18942K, committed 18956K, reserved 1048576K
}
Event: 8666.353 GC heap before
{Heap before GC invocations=409 (full 12):
 par new generation   total 306688K, used 278376K [0x0000000505c00000, 0x000000051a8c0000, 0x000000051a8c0000)
  eden space 272640K, 100% used [0x0000000505c00000, 0x0000000516640000, 0x0000000516640000)
  from space 34048K,  16% used [0x0000000516640000, 0x0000000516bda3c0, 0x0000000518780000)
  to   space 34048K,   0% used [0x0000000518780000, 0x0000000518780000, 0x000000051a8c0000)
 concurrent mark-sweep generation total 803464K, used 328378K [0x000000051a8c0000, 0x000000054b962000, 0x00000007c0000000)
 Metaspace       used 139849K, capacity 143006K, committed 143308K, reserved 1173504K
  class space    used 18277K, capacity 18942K, committed 18956K, reserved 1048576K
Event: 8666.359 GC heap after
Heap after GC invocations=410 (full 12):
 par new generation   total 306688K, used 7320K [0x0000000505c00000, 0x000000051a8c0000, 0x000000051a8c0000)
  eden space 272640K,   0% used [0x0000000505c00000, 0x0000000505c00000, 0x0000000516640000)
  from space 34048K,  21% used [0x0000000518780000, 0x0000000518ea6090, 0x000000051a8c0000)
  to   space 34048K,   0% used [0x0000000516640000, 0x0000000516640000, 0x0000000518780000)
 concurrent mark-sweep generation total 803464K, used 328883K [0x000000051a8c0000, 0x000000054b962000, 0x00000007c0000000)
 Metaspace       used 139849K, capacity 143006K, committed 143308K, reserved 1173504K
  class space    used 18277K, capacity 18942K, committed 18956K, reserved 1048576K
}
Event: 8666.744 GC heap before
{Heap before GC invocations=410 (full 12):
 par new generation   total 306688K, used 279960K [0x0000000505c00000, 0x000000051a8c0000, 0x000000051a8c0000)
  eden space 272640K, 100% used [0x0000000505c00000, 0x0000000516640000, 0x0000000516640000)
  from space 34048K,  21% used [0x0000000518780000, 0x0000000518ea6090, 0x000000051a8c0000)
  to   space 34048K,   0% used [0x0000000516640000, 0x0000000516640000, 0x0000000518780000)
 concurrent mark-sweep generation total 803464K, used 328883K [0x000000051a8c0000, 0x000000054b962000, 0x00000007c0000000)
 Metaspace       used 139849K, capacity 143006K, committed 143308K, reserved 1173504K
  class space    used 18277K, capacity 18942K, committed 18956K, reserved 1048576K
Event: 8666.750 GC heap after
Heap after GC invocations=411 (full 12):
 par new generation   total 306688K, used 8856K [0x0000000505c00000, 0x000000051a8c0000, 0x000000051a8c0000)
  eden space 272640K,   0% used [0x0000000505c00000, 0x0000000505c00000, 0x0000000516640000)
  from space 34048K,  26% used [0x0000000516640000, 0x0000000516ee63a8, 0x0000000518780000)
  to   space 34048K,   0% used [0x0000000518780000, 0x0000000518780000, 0x000000051a8c0000)
 concurrent mark-sweep generation total 803464K, used 329412K [0x000000051a8c0000, 0x000000054b962000, 0x00000007c0000000)
 Metaspace       used 139849K, capacity 143006K, committed 143308K, reserved 1173504K
  class space    used 18277K, capacity 18942K, committed 18956K, reserved 1048576K
}
Event: 8667.138 GC heap before
{Heap before GC invocations=411 (full 12):
 par new generation   total 306688K, used 281496K [0x0000000505c00000, 0x000000051a8c0000, 0x000000051a8c0000)
  eden space 272640K, 100% used [0x0000000505c00000, 0x0000000516640000, 0x0000000516640000)
  from space 34048K,  26% used [0x0000000516640000, 0x0000000516ee63a8, 0x0000000518780000)
  to   space 34048K,   0% used [0x0000000518780000, 0x0000000518780000, 0x000000051a8c0000)
 concurrent mark-sweep generation total 803464K, used 329412K [0x000000051a8c0000, 0x000000054b962000, 0x00000007c0000000)
 Metaspace       used 139849K, capacity 143006K, committed 143308K, reserved 1173504K
  class space    used 18277K, capacity 18942K, committed 18956K, reserved 1048576K
Event: 8667.145 GC heap after
Heap after GC invocations=412 (full 12):
 par new generation   total 306688K, used 10895K [0x0000000505c00000, 0x000000051a8c0000, 0x000000051a8c0000)
  eden space 272640K,   0% used [0x0000000505c00000, 0x0000000505c00000, 0x0000000516640000)
  from space 34048K,  32% used [0x0000000518780000, 0x0000000519223f88, 0x000000051a8c0000)
  to   space 34048K,   0% used [0x0000000516640000, 0x0000000516640000, 0x0000000518780000)
 concurrent mark-sweep generation total 803464K, used 330097K [0x000000051a8c0000, 0x000000054b962000, 0x00000007c0000000)
 Metaspace       used 139849K, capacity 143006K, committed 143308K, reserved 1173504K
  class space    used 18277K, capacity 18942K, committed 18956K, reserved 1048576K
}
Event: 8667.549 GC heap before
{Heap before GC invocations=412 (full 12):
 par new generation   total 306688K, used 283535K [0x0000000505c00000, 0x000000051a8c0000, 0x000000051a8c0000)
  eden space 272640K, 100% used [0x0000000505c00000, 0x0000000516640000, 0x0000000516640000)
  from space 34048K,  32% used [0x0000000518780000, 0x0000000519223f88, 0x000000051a8c0000)
  to   space 34048K,   0% used [0x0000000516640000, 0x0000000516640000, 0x0000000518780000)
 concurrent mark-sweep generation total 803464K, used 330097K [0x000000051a8c0000, 0x000000054b962000, 0x00000007c0000000)
 Metaspace       used 139849K, capacity 143006K, committed 143308K, reserved 1173504K
  class space    used 18277K, capacity 18942K, committed 18956K, reserved 1048576K
Event: 8667.555 GC heap after
Heap after GC invocations=413 (full 12):
 par new generation   total 306688K, used 12856K [0x0000000505c00000, 0x000000051a8c0000, 0x000000051a8c0000)
  eden space 272640K,   0% used [0x0000000505c00000, 0x0000000505c00000, 0x0000000516640000)
  from space 34048K,  37% used [0x0000000516640000, 0x00000005172ce2d0, 0x0000000518780000)
  to   space 34048K,   0% used [0x0000000518780000, 0x0000000518780000, 0x000000051a8c0000)
 concurrent mark-sweep generation total 803464K, used 330142K [0x000000051a8c0000, 0x000000054b962000, 0x00000007c0000000)
 Metaspace       used 139849K, capacity 143006K, committed 143308K, reserved 1173504K
  class space    used 18277K, capacity 18942K, committed 18956K, reserved 1048576K
}
Event: 8667.951 GC heap before
{Heap before GC invocations=413 (full 12):
 par new generation   total 306688K, used 285496K [0x0000000505c00000, 0x000000051a8c0000, 0x000000051a8c0000)
  eden space 272640K, 100% used [0x0000000505c00000, 0x0000000516640000, 0x0000000516640000)
  from space 34048K,  37% used [0x0000000516640000, 0x00000005172ce2d0, 0x0000000518780000)
  to   space 34048K,   0% used [0x0000000518780000, 0x0000000518780000, 0x000000051a8c0000)
 concurrent mark-sweep generation total 803464K, used 330142K [0x000000051a8c0000, 0x000000054b962000, 0x00000007c0000000)
 Metaspace       used 139849K, capacity 143006K, committed 143308K, reserved 1173504K
  class space    used 18277K, capacity 18942K, committed 18956K, reserved 1048576K
Event: 8667.958 GC heap after
Heap after GC invocations=414 (full 12):
 par new generation   total 306688K, used 13235K [0x0000000505c00000, 0x000000051a8c0000, 0x000000051a8c0000)
  eden space 272640K,   0% used [0x0000000505c00000, 0x0000000505c00000, 0x0000000516640000)
  from space 34048K,  38% used [0x0000000518780000, 0x000000051946cfd0, 0x000000051a8c0000)
  to   space 34048K,   0% used [0x0000000516640000, 0x0000000516640000, 0x0000000518780000)
 concurrent mark-sweep generation total 803464K, used 331078K [0x000000051a8c0000, 0x000000054b962000, 0x00000007c0000000)
 Metaspace       used 139849K, capacity 143006K, committed 143308K, reserved 1173504K
  class space    used 18277K, capacity 18942K, committed 18956K, reserved 1048576K
}
Event: 8668.373 GC heap before
{Heap before GC invocations=414 (full 12):
 par new generation   total 306688K, used 285875K [0x0000000505c00000, 0x000000051a8c0000, 0x000000051a8c0000)
  eden space 272640K, 100% used [0x0000000505c00000, 0x0000000516640000, 0x0000000516640000)
  from space 34048K,  38% used [0x0000000518780000, 0x000000051946cfd0, 0x000000051a8c0000)
  to   space 34048K,   0% used [0x0000000516640000, 0x0000000516640000, 0x0000000518780000)
 concurrent mark-sweep generation total 803464K, used 331078K [0x000000051a8c0000, 0x000000054b962000, 0x00000007c0000000)
 Metaspace       used 139849K, capacity 143006K, committed 143308K, reserved 1173504K
  class space    used 18277K, capacity 18942K, committed 18956K, reserved 1048576K
Event: 8668.382 GC heap after
Heap after GC invocations=415 (full 12):
 par new generation   total 306688K, used 17319K [0x0000000505c00000, 0x000000051a8c0000, 0x000000051a8c0000)
  eden space 272640K,   0% used [0x0000000505c00000, 0x0000000505c00000, 0x0000000516640000)
  from space 34048K,  50% used [0x0000000516640000, 0x0000000517729c98, 0x0000000518780000)
  to   space 34048K,   0% used [0x0000000518780000, 0x0000000518780000, 0x000000051a8c0000)
 concurrent mark-sweep generation total 803464K, used 332634K [0x000000051a8c0000, 0x000000054b962000, 0x00000007c0000000)
 Metaspace       used 139849K, capacity 143006K, committed 143308K, reserved 1173504K
  class space    used 18277K, capacity 18942K, committed 18956K, reserved 1048576K
}
Event: 8789.238 GC heap before
{Heap before GC invocations=415 (full 12):
 par new generation   total 306688K, used 289959K [0x0000000505c00000, 0x000000051a8c0000, 0x000000051a8c0000)
  eden space 272640K, 100% used [0x0000000505c00000, 0x0000000516640000, 0x0000000516640000)
  from space 34048K,  50% used [0x0000000516640000, 0x0000000517729c98, 0x0000000518780000)
  to   space 34048K,   0% used [0x0000000518780000, 0x0000000518780000, 0x000000051a8c0000)
 concurrent mark-sweep generation total 803464K, used 332634K [0x000000051a8c0000, 0x000000054b962000, 0x00000007c0000000)
 Metaspace       used 139849K, capacity 143006K, committed 143308K, reserved 1173504K
  class space    used 18277K, capacity 18942K, committed 18956K, reserved 1048576K
Event: 8789.242 GC heap after
Heap after GC invocations=416 (full 12):
 par new generation   total 306688K, used 10382K [0x0000000505c00000, 0x000000051a8c0000, 0x000000051a8c0000)
  eden space 272640K,   0% used [0x0000000505c00000, 0x0000000505c00000, 0x0000000516640000)
  from space 34048K,  30% used [0x0000000518780000, 0x00000005191a3be0, 0x000000051a8c0000)
  to   space 34048K,   0% used [0x0000000516640000, 0x0000000516640000, 0x0000000518780000)
 concurrent mark-sweep generation total 803464K, used 332980K [0x000000051a8c0000, 0x000000054b962000, 0x00000007c0000000)
 Metaspace       used 139849K, capacity 143006K, committed 143308K, reserved 1173504K
  class space    used 18277K, capacity 18942K, committed 18956K, reserved 1048576K
}
Event: 8789.616 GC heap before
{Heap before GC invocations=416 (full 12):
 par new generation   total 306688K, used 283022K [0x0000000505c00000, 0x000000051a8c0000, 0x000000051a8c0000)
  eden space 272640K, 100% used [0x0000000505c00000, 0x0000000516640000, 0x0000000516640000)
  from space 34048K,  30% used [0x0000000518780000, 0x00000005191a3be0, 0x000000051a8c0000)
  to   space 34048K,   0% used [0x0000000516640000, 0x0000000516640000, 0x0000000518780000)
 concurrent mark-sweep generation total 803464K, used 332980K [0x000000051a8c0000, 0x000000054b962000, 0x00000007c0000000)
 Metaspace       used 139849K, capacity 143006K, committed 143308K, reserved 1173504K
  class space    used 18277K, capacity 18942K, committed 18956K, reserved 1048576K
Event: 8789.621 GC heap after
Heap after GC invocations=417 (full 12):
 par new generation   total 306688K, used 5643K [0x0000000505c00000, 0x000000051a8c0000, 0x000000051a8c0000)
  eden space 272640K,   0% used [0x0000000505c00000, 0x0000000505c00000, 0x0000000516640000)
  from space 34048K,  16% used [0x0000000516640000, 0x0000000516bc2cd0, 0x0000000518780000)
  to   space 34048K,   0% used [0x0000000518780000, 0x0000000518780000, 0x000000051a8c0000)
 concurrent mark-sweep generation total 803464K, used 333229K [0x000000051a8c0000, 0x000000054b962000, 0x00000007c0000000)
 Metaspace       used 139849K, capacity 143006K, committed 143308K, reserved 1173504K
  class space    used 18277K, capacity 18942K, committed 18956K, reserved 1048576K
}
Event: 8790.010 GC heap before
{Heap before GC invocations=417 (full 12):
 par new generation   total 306688K, used 278283K [0x0000000505c00000, 0x000000051a8c0000, 0x000000051a8c0000)
  eden space 272640K, 100% used [0x0000000505c00000, 0x0000000516640000, 0x0000000516640000)
  from space 34048K,  16% used [0x0000000516640000, 0x0000000516bc2cd0, 0x0000000518780000)
  to   space 34048K,   0% used [0x0000000518780000, 0x0000000518780000, 0x000000051a8c0000)
 concurrent mark-sweep generation total 803464K, used 333229K [0x000000051a8c0000, 0x000000054b962000, 0x00000007c0000000)
 Metaspace       used 139849K, capacity 143006K, committed 143308K, reserved 1173504K
  class space    used 18277K, capacity 18942K, committed 18956K, reserved 1048576K
Event: 8790.014 GC heap after
Heap after GC invocations=418 (full 12):
 par new generation   total 306688K, used 6506K [0x0000000505c00000, 0x000000051a8c0000, 0x000000051a8c0000)
  eden space 272640K,   0% used [0x0000000505c00000, 0x0000000505c00000, 0x0000000516640000)
  from space 34048K,  19% used [0x0000000518780000, 0x0000000518ddaa38, 0x000000051a8c0000)
  to   space 34048K,   0% used [0x0000000516640000, 0x0000000516640000, 0x0000000518780000)
 concurrent mark-sweep generation total 803464K, used 333435K [0x000000051a8c0000, 0x000000054b962000, 0x00000007c0000000)
 Metaspace       used 139849K, capacity 143006K, committed 143308K, reserved 1173504K
  class space    used 18277K, capacity 18942K, committed 18956K, reserved 1048576K
}
Event: 8790.406 GC heap before
{Heap before GC invocations=418 (full 12):
 par new generation   total 306688K, used 279146K [0x0000000505c00000, 0x000000051a8c0000, 0x000000051a8c0000)
  eden space 272640K, 100% used [0x0000000505c00000, 0x0000000516640000, 0x0000000516640000)
  from space 34048K,  19% used [0x0000000518780000, 0x0000000518ddaa38, 0x000000051a8c0000)
  to   space 34048K,   0% used [0x0000000516640000, 0x0000000516640000, 0x0000000518780000)
 concurrent mark-sweep generation total 803464K, used 333435K [0x000000051a8c0000, 0x000000054b962000, 0x00000007c0000000)
 Metaspace       used 139849K, capacity 143006K, committed 143308K, reserved 1173504K
  class space    used 18277K, capacity 18942K, committed 18956K, reserved 1048576K
Event: 8790.412 GC heap after
Heap after GC invocations=419 (full 12):
 par new generation   total 306688K, used 8405K [0x0000000505c00000, 0x000000051a8c0000, 0x000000051a8c0000)
  eden space 272640K,   0% used [0x0000000505c00000, 0x0000000505c00000, 0x0000000516640000)
  from space 34048K,  24% used [0x0000000516640000, 0x0000000516e755e0, 0x0000000518780000)
  to   space 34048K,   0% used [0x0000000518780000, 0x0000000518780000, 0x000000051a8c0000)
 concurrent mark-sweep generation total 803464K, used 333831K [0x000000051a8c0000, 0x000000054b962000, 0x00000007c0000000)
 Metaspace       used 139849K, capacity 143006K, committed 143308K, reserved 1173504K
  class space    used 18277K, capacity 18942K, committed 18956K, reserved 1048576K
}
Event: 8790.785 GC heap before
{Heap before GC invocations=419 (full 12):
 par new generation   total 306688K, used 281045K [0x0000000505c00000, 0x000000051a8c0000, 0x000000051a8c0000)
  eden space 272640K, 100% used [0x0000000505c00000, 0x0000000516640000, 0x0000000516640000)
  from space 34048K,  24% used [0x0000000516640000, 0x0000000516e755e0, 0x0000000518780000)
  to   space 34048K,   0% used [0x0000000518780000, 0x0000000518780000, 0x000000051a8c0000)
 concurrent mark-sweep generation total 803464K, used 333831K [0x000000051a8c0000, 0x000000054b962000, 0x00000007c0000000)
 Metaspace       used 139849K, capacity 143006K, committed 143308K, reserved 1173504K
  class space    used 18277K, capacity 18942K, committed 18956K, reserved 1048576K
Event: 8790.791 GC heap after
Heap after GC invocations=420 (full 12):
 par new generation   total 306688K, used 10393K [0x0000000505c00000, 0x000000051a8c0000, 0x000000051a8c0000)
  eden space 272640K,   0% used [0x0000000505c00000, 0x0000000505c00000, 0x0000000516640000)
  from space 34048K,  30% used [0x0000000518780000, 0x00000005191a66f8, 0x000000051a8c0000)
  to   space 34048K,   0% used [0x0000000516640000, 0x0000000516640000, 0x0000000518780000)
 concurrent mark-sweep generation total 803464K, used 334197K [0x000000051a8c0000, 0x000000054b962000, 0x00000007c0000000)
 Metaspace       used 139849K, capacity 143006K, committed 143308K, reserved 1173504K
  class space    used 18277K, capacity 18942K, committed 18956K, reserved 1048576K
}
Event: 8791.213 GC heap before
{Heap before GC invocations=420 (full 12):
 par new generation   total 306688K, used 282997K [0x0000000505c00000, 0x000000051a8c0000, 0x000000051a8c0000)
  eden space 272640K,  99% used [0x0000000505c00000, 0x0000000516636ff0, 0x0000000516640000)
  from space 34048K,  30% used [0x0000000518780000, 0x00000005191a66f8, 0x000000051a8c0000)
  to   space 34048K,   0% used [0x0000000516640000, 0x0000000516640000, 0x0000000518780000)
 concurrent mark-sweep generation total 803464K, used 334197K [0x000000051a8c0000, 0x000000054b962000, 0x00000007c0000000)
 Metaspace       used 139849K, capacity 143006K, committed 143308K, reserved 1173504K
  class space    used 18277K, capacity 18942K, committed 18956K, reserved 1048576K
Event: 8791.220 GC heap after
Heap after GC invocations=421 (full 12):
 par new generation   total 306688K, used 12581K [0x0000000505c00000, 0x000000051a8c0000, 0x000000051a8c0000)
  eden space 272640K,   0% used [0x0000000505c00000, 0x0000000505c00000, 0x0000000516640000)
  from space 34048K,  36% used [0x0000000516640000, 0x0000000517289728, 0x0000000518780000)
  to   space 34048K,   0% used [0x0000000518780000, 0x0000000518780000, 0x000000051a8c0000)
 concurrent mark-sweep generation total 803464K, used 334575K [0x000000051a8c0000, 0x000000054b962000, 0x00000007c0000000)
 Metaspace       used 139849K, capacity 143006K, committed 143308K, reserved 1173504K
  class space    used 18277K, capacity 18942K, committed 18956K, reserved 1048576K
}
Event: 8791.596 GC heap before
{Heap before GC invocations=421 (full 12):
 par new generation   total 306688K, used 285221K [0x0000000505c00000, 0x000000051a8c0000, 0x000000051a8c0000)
  eden space 272640K, 100% used [0x0000000505c00000, 0x0000000516640000, 0x0000000516640000)
  from space 34048K,  36% used [0x0000000516640000, 0x0000000517289728, 0x0000000518780000)
  to   space 34048K,   0% used [0x0000000518780000, 0x0000000518780000, 0x000000051a8c0000)
 concurrent mark-sweep generation total 803464K, used 334575K [0x000000051a8c0000, 0x000000054b962000, 0x00000007c0000000)
 Metaspace       used 139849K, capacity 143006K, committed 143308K, reserved 1173504K
  class space    used 18277K, capacity 18942K, committed 18956K, reserved 1048576K
Event: 8791.603 GC heap after
Heap after GC invocations=422 (full 12):
 par new generation   total 306688K, used 12730K [0x0000000505c00000, 0x000000051a8c0000, 0x000000051a8c0000)
  eden space 272640K,   0% used [0x0000000505c00000, 0x0000000505c00000, 0x0000000516640000)
  from space 34048K,  37% used [0x0000000518780000, 0x00000005193eeb20, 0x000000051a8c0000)
  to   space 34048K,   0% used [0x0000000516640000, 0x0000000516640000, 0x0000000518780000)
 concurrent mark-sweep generation total 803464K, used 335384K [0x000000051a8c0000, 0x000000054b962000, 0x00000007c0000000)
 Metaspace       used 139849K, capacity 143006K, committed 143308K, reserved 1173504K
  class space    used 18277K, capacity 18942K, committed 18956K, reserved 1048576K
}
Event: 8791.984 GC heap before
{Heap before GC invocations=422 (full 12):
 par new generation   total 306688K, used 285370K [0x0000000505c00000, 0x000000051a8c0000, 0x000000051a8c0000)
  eden space 272640K, 100% used [0x0000000505c00000, 0x0000000516640000, 0x0000000516640000)
  from space 34048K,  37% used [0x0000000518780000, 0x00000005193eeb20, 0x000000051a8c0000)
  to   space 34048K,   0% used [0x0000000516640000, 0x0000000516640000, 0x0000000518780000)
 concurrent mark-sweep generation total 803464K, used 335384K [0x000000051a8c0000, 0x000000054b962000, 0x00000007c0000000)
 Metaspace       used 139849K, capacity 143006K, committed 143308K, reserved 1173504K
  class space    used 18277K, capacity 18942K, committed 18956K, reserved 1048576K
Event: 8791.993 GC heap after
Heap after GC invocations=423 (full 12):
 par new generation   total 306688K, used 14287K [0x0000000505c00000, 0x000000051a8c0000, 0x000000051a8c0000)
  eden space 272640K,   0% used [0x0000000505c00000, 0x0000000505c00000, 0x0000000516640000)
  from space 34048K,  41% used [0x0000000516640000, 0x0000000517433ce0, 0x0000000518780000)
  to   space 34048K,   0% used [0x0000000518780000, 0x0000000518780000, 0x000000051a8c0000)
 concurrent mark-sweep generation total 803464K, used 336944K [0x000000051a8c0000, 0x000000054b962000, 0x00000007c0000000)
 Metaspace       used 139849K, capacity 143006K, committed 143308K, reserved 1173504K
  class space    used 18277K, capacity 18942K, committed 18956K, reserved 1048576K
}
Event: 8792.375 GC heap before
{Heap before GC invocations=423 (full 12):
 par new generation   total 306688K, used 286927K [0x0000000505c00000, 0x000000051a8c0000, 0x000000051a8c0000)
  eden space 272640K, 100% used [0x0000000505c00000, 0x0000000516640000, 0x0000000516640000)
  from space 34048K,  41% used [0x0000000516640000, 0x0000000517433ce0, 0x0000000518780000)
  to   space 34048K,   0% used [0x0000000518780000, 0x0000000518780000, 0x000000051a8c0000)
 concurrent mark-sweep generation total 803464K, used 336944K [0x000000051a8c0000, 0x000000054b962000, 0x00000007c0000000)
 Metaspace       used 139849K, capacity 143006K, committed 143308K, reserved 1173504K
  class space    used 18277K, capacity 18942K, committed 18956K, reserved 1048576K
Event: 8792.383 GC heap after
Heap after GC invocations=424 (full 12):
 par new generation   total 306688K, used 12381K [0x0000000505c00000, 0x000000051a8c0000, 0x000000051a8c0000)
  eden space 272640K,   0% used [0x0000000505c00000, 0x0000000505c00000, 0x0000000516640000)
  from space 34048K,  36% used [0x0000000518780000, 0x00000005193977a8, 0x000000051a8c0000)
  to   space 34048K,   0% used [0x0000000516640000, 0x0000000516640000, 0x0000000518780000)
 concurrent mark-sweep generation total 803464K, used 338485K [0x000000051a8c0000, 0x000000054b962000, 0x00000007c0000000)
 Metaspace       used 139849K, capacity 143006K, committed 143308K, reserved 1173504K
  class space    used 18277K, capacity 18942K, committed 18956K, reserved 1048576K
}
Event: 8792.794 GC heap before
{Heap before GC invocations=424 (full 12):
 par new generation   total 306688K, used 285021K [0x0000000505c00000, 0x000000051a8c0000, 0x000000051a8c0000)
  eden space 272640K, 100% used [0x0000000505c00000, 0x0000000516640000, 0x0000000516640000)
  from space 34048K,  36% used [0x0000000518780000, 0x00000005193977a8, 0x000000051a8c0000)
  to   space 34048K,   0% used [0x0000000516640000, 0x0000000516640000, 0x0000000518780000)
 concurrent mark-sweep generation total 803464K, used 338485K [0x000000051a8c0000, 0x000000054b962000, 0x00000007c0000000)
 Metaspace       used 139849K, capacity 143006K, committed 143308K, reserved 1173504K
  class space    used 18277K, capacity 18942K, committed 18956K, reserved 1048576K
Event: 8792.802 GC heap after
Heap after GC invocations=425 (full 12):
 par new generation   total 306688K, used 12942K [0x0000000505c00000, 0x000000051a8c0000, 0x000000051a8c0000)
  eden space 272640K,   0% used [0x0000000505c00000, 0x0000000505c00000, 0x0000000516640000)
  from space 34048K,  38% used [0x0000000516640000, 0x00000005172e38c0, 0x0000000518780000)
  to   space 34048K,   0% used [0x0000000518780000, 0x0000000518780000, 0x000000051a8c0000)
 concurrent mark-sweep generation total 803464K, used 340061K [0x000000051a8c0000, 0x000000054b962000, 0x00000007c0000000)
 Metaspace       used 139849K, capacity 143006K, committed 143308K, reserved 1173504K
  class space    used 18277K, capacity 18942K, committed 18956K, reserved 1048576K
}
Event: 8913.403 GC heap before
{Heap before GC invocations=425 (full 12):
 par new generation   total 306688K, used 285582K [0x0000000505c00000, 0x000000051a8c0000, 0x000000051a8c0000)
  eden space 272640K, 100% used [0x0000000505c00000, 0x0000000516640000, 0x0000000516640000)
  from space 34048K,  38% used [0x0000000516640000, 0x00000005172e38c0, 0x0000000518780000)
  to   space 34048K,   0% used [0x0000000518780000, 0x0000000518780000, 0x000000051a8c0000)
 concurrent mark-sweep generation total 803464K, used 340061K [0x000000051a8c0000, 0x000000054b962000, 0x00000007c0000000)
 Metaspace       used 139855K, capacity 143070K, committed 143308K, reserved 1173504K
  class space    used 18277K, capacity 18942K, committed 18956K, reserved 1048576K
Event: 8913.408 GC heap after
Heap after GC invocations=426 (full 12):
 par new generation   total 306688K, used 10707K [0x0000000505c00000, 0x000000051a8c0000, 0x000000051a8c0000)
  eden space 272640K,   0% used [0x0000000505c00000, 0x0000000505c00000, 0x0000000516640000)
  from space 34048K,  31% used [0x0000000518780000, 0x00000005191f4e40, 0x000000051a8c0000)
  to   space 34048K,   0% used [0x0000000516640000, 0x0000000516640000, 0x0000000518780000)
 concurrent mark-sweep generation total 803464K, used 340503K [0x000000051a8c0000, 0x000000054b962000, 0x00000007c0000000)
 Metaspace       used 139855K, capacity 143070K, committed 143308K, reserved 1173504K
  class space    used 18277K, capacity 18942K, committed 18956K, reserved 1048576K
}
Event: 8913.805 GC heap before
{Heap before GC invocations=426 (full 12):
 par new generation   total 306688K, used 283347K [0x0000000505c00000, 0x000000051a8c0000, 0x000000051a8c0000)
  eden space 272640K, 100% used [0x0000000505c00000, 0x0000000516640000, 0x0000000516640000)
  from space 34048K,  31% used [0x0000000518780000, 0x00000005191f4e40, 0x000000051a8c0000)
  to   space 34048K,   0% used [0x0000000516640000, 0x0000000516640000, 0x0000000518780000)
 concurrent mark-sweep generation total 803464K, used 340503K [0x000000051a8c0000, 0x000000054b962000, 0x00000007c0000000)
 Metaspace       used 139855K, capacity 143070K, committed 143308K, reserved 1173504K
  class space    used 18277K, capacity 18942K, committed 18956K, reserved 1048576K
Event: 8913.810 GC heap after
Heap after GC invocations=427 (full 12):
 par new generation   total 306688K, used 6418K [0x0000000505c00000, 0x000000051a8c0000, 0x000000051a8c0000)
  eden space 272640K,   0% used [0x0000000505c00000, 0x0000000505c00000, 0x0000000516640000)
  from space 34048K,  18% used [0x0000000516640000, 0x0000000516c84b58, 0x0000000518780000)
  to   space 34048K,   0% used [0x0000000518780000, 0x0000000518780000, 0x000000051a8c0000)
 concurrent mark-sweep generation total 803464K, used 340988K [0x000000051a8c0000, 0x000000054b962000, 0x00000007c0000000)
 Metaspace       used 139855K, capacity 143070K, committed 143308K, reserved 1173504K
  class space    used 18277K, capacity 18942K, committed 18956K, reserved 1048576K
}
Event: 8914.205 GC heap before
{Heap before GC invocations=427 (full 12):
 par new generation   total 306688K, used 279058K [0x0000000505c00000, 0x000000051a8c0000, 0x000000051a8c0000)
  eden space 272640K, 100% used [0x0000000505c00000, 0x0000000516640000, 0x0000000516640000)
  from space 34048K,  18% used [0x0000000516640000, 0x0000000516c84b58, 0x0000000518780000)
  to   space 34048K,   0% used [0x0000000518780000, 0x0000000518780000, 0x000000051a8c0000)
 concurrent mark-sweep generation total 803464K, used 340988K [0x000000051a8c0000, 0x000000054b962000, 0x00000007c0000000)
 Metaspace       used 139855K, capacity 143070K, committed 143308K, reserved 1173504K
  class space    used 18277K, capacity 18942K, committed 18956K, reserved 1048576K
Event: 8914.211 GC heap after
Heap after GC invocations=428 (full 12):
 par new generation   total 306688K, used 8049K [0x0000000505c00000, 0x000000051a8c0000, 0x000000051a8c0000)
  eden space 272640K,   0% used [0x0000000505c00000, 0x0000000505c00000, 0x0000000516640000)
  from space 34048K,  23% used [0x0000000518780000, 0x0000000518f5c7c8, 0x000000051a8c0000)
  to   space 34048K,   0% used [0x0000000516640000, 0x0000000516640000, 0x0000000518780000)
 concurrent mark-sweep generation total 803464K, used 341543K [0x000000051a8c0000, 0x000000054b962000, 0x00000007c0000000)
 Metaspace       used 139855K, capacity 143070K, committed 143308K, reserved 1173504K
  class space    used 18277K, capacity 18942K, committed 18956K, reserved 1048576K
}
Event: 8914.606 GC heap before
{Heap before GC invocations=428 (full 12):
 par new generation   total 306688K, used 280689K [0x0000000505c00000, 0x000000051a8c0000, 0x000000051a8c0000)
  eden space 272640K, 100% used [0x0000000505c00000, 0x0000000516640000, 0x0000000516640000)
  from space 34048K,  23% used [0x0000000518780000, 0x0000000518f5c7c8, 0x000000051a8c0000)
  to   space 34048K,   0% used [0x0000000516640000, 0x0000000516640000, 0x0000000518780000)
 concurrent mark-sweep generation total 803464K, used 341543K [0x000000051a8c0000, 0x000000054b962000, 0x00000007c0000000)
 Metaspace       used 139855K, capacity 143070K, committed 143308K, reserved 1173504K
  class space    used 18277K, capacity 18942K, committed 18956K, reserved 1048576K
Event: 8914.611 GC heap after
Heap after GC invocations=429 (full 12):
 par new generation   total 306688K, used 9840K [0x0000000505c00000, 0x000000051a8c0000, 0x000000051a8c0000)
  eden space 272640K,   0% used [0x0000000505c00000, 0x0000000505c00000, 0x0000000516640000)
  from space 34048K,  28% used [0x0000000516640000, 0x0000000516fdc218, 0x0000000518780000)
  to   space 34048K,   0% used [0x0000000518780000, 0x0000000518780000, 0x000000051a8c0000)
 concurrent mark-sweep generation total 803464K, used 342095K [0x000000051a8c0000, 0x000000054b962000, 0x00000007c0000000)
 Metaspace       used 139855K, capacity 143070K, committed 143308K, reserved 1173504K
  class space    used 18277K, capacity 18942K, committed 18956K, reserved 1048576K
}
Event: 8914.981 GC heap before
{Heap before GC invocations=429 (full 12):
 par new generation   total 306688K, used 282480K [0x0000000505c00000, 0x000000051a8c0000, 0x000000051a8c0000)
  eden space 272640K, 100% used [0x0000000505c00000, 0x0000000516640000, 0x0000000516640000)
  from space 34048K,  28% used [0x0000000516640000, 0x0000000516fdc218, 0x0000000518780000)
  to   space 34048K,   0% used [0x0000000518780000, 0x0000000518780000, 0x000000051a8c0000)
 concurrent mark-sweep generation total 803464K, used 342095K [0x000000051a8c0000, 0x000000054b962000, 0x00000007c0000000)
 Metaspace       used 139855K, capacity 143070K, committed 143308K, reserved 1173504K
  class space    used 18277K, capacity 18942K, committed 18956K, reserved 1048576K
Event: 8914.987 GC heap after
Heap after GC invocations=430 (full 12):
 par new generation   total 306688K, used 9949K [0x0000000505c00000, 0x000000051a8c0000, 0x000000051a8c0000)
  eden space 272640K,   0% used [0x0000000505c00000, 0x0000000505c00000, 0x0000000516640000)
  from space 34048K,  29% used [0x0000000518780000, 0x0000000519137420, 0x000000051a8c0000)
  to   space 34048K,   0% used [0x0000000516640000, 0x0000000516640000, 0x0000000518780000)
 concurrent mark-sweep generation total 803464K, used 342704K [0x000000051a8c0000, 0x000000054b962000, 0x00000007c0000000)
 Metaspace       used 139855K, capacity 143070K, committed 143308K, reserved 1173504K
  class space    used 18277K, capacity 18942K, committed 18956K, reserved 1048576K
}
Event: 8915.364 GC heap before
{Heap before GC invocations=430 (full 12):
 par new generation   total 306688K, used 282589K [0x0000000505c00000, 0x000000051a8c0000, 0x000000051a8c0000)
  eden space 272640K, 100% used [0x0000000505c00000, 0x0000000516640000, 0x0000000516640000)
  from space 34048K,  29% used [0x0000000518780000, 0x0000000519137420, 0x000000051a8c0000)
  to   space 34048K,   0% used [0x0000000516640000, 0x0000000516640000, 0x0000000518780000)
 concurrent mark-sweep generation total 803464K, used 342704K [0x000000051a8c0000, 0x000000054b962000, 0x00000007c0000000)
 Metaspace       used 139855K, capacity 143070K, committed 143308K, reserved 1173504K
  class space    used 18277K, capacity 18942K, committed 18956K, reserved 1048576K
Event: 8915.371 GC heap after
Heap after GC invocations=431 (full 12):
 par new generation   total 306688K, used 11562K [0x0000000505c00000, 0x000000051a8c0000, 0x000000051a8c0000)
  eden space 272640K,   0% used [0x0000000505c00000, 0x0000000505c00000, 0x0000000516640000)
  from space 34048K,  33% used [0x0000000516640000, 0x000000051718ab60, 0x0000000518780000)
  to   space 34048K,   0% used [0x0000000518780000, 0x0000000518780000, 0x000000051a8c0000)
 concurrent mark-sweep generation total 803464K, used 343267K [0x000000051a8c0000, 0x000000054b962000, 0x00000007c0000000)
 Metaspace       used 139855K, capacity 143070K, committed 143308K, reserved 1173504K
  class space    used 18277K, capacity 18942K, committed 18956K, reserved 1048576K
}
Event: 8915.762 GC heap before
{Heap before GC invocations=431 (full 12):
 par new generation   total 306688K, used 284202K [0x0000000505c00000, 0x000000051a8c0000, 0x000000051a8c0000)
  eden space 272640K, 100% used [0x0000000505c00000, 0x0000000516640000, 0x0000000516640000)
  from space 34048K,  33% used [0x0000000516640000, 0x000000051718ab60, 0x0000000518780000)
  to   space 34048K,   0% used [0x0000000518780000, 0x0000000518780000, 0x000000051a8c0000)
 concurrent mark-sweep generation total 803464K, used 343267K [0x000000051a8c0000, 0x000000054b962000, 0x00000007c0000000)
 Metaspace       used 139855K, capacity 143070K, committed 143308K, reserved 1173504K
  class space    used 18277K, capacity 18942K, committed 18956K, reserved 1048576K
Event: 8915.770 GC heap after
Heap after GC invocations=432 (full 12):
 par new generation   total 306688K, used 13301K [0x0000000505c00000, 0x000000051a8c0000, 0x000000051a8c0000)
  eden space 272640K,   0% used [0x0000000505c00000, 0x0000000505c00000, 0x0000000516640000)
  from space 34048K,  39% used [0x0000000518780000, 0x000000051947d590, 0x000000051a8c0000)
  to   space 34048K,   0% used [0x0000000516640000, 0x0000000516640000, 0x0000000518780000)
 concurrent mark-sweep generation total 803464K, used 344343K [0x000000051a8c0000, 0x000000054b962000, 0x00000007c0000000)
 Metaspace       used 139855K, capacity 143070K, committed 143308K, reserved 1173504K
  class space    used 18277K, capacity 18942K, committed 18956K, reserved 1048576K
}
Event: 8916.164 GC heap before
{Heap before GC invocations=432 (full 12):
 par new generation   total 306688K, used 285941K [0x0000000505c00000, 0x000000051a8c0000, 0x000000051a8c0000)
  eden space 272640K, 100% used [0x0000000505c00000, 0x0000000516640000, 0x0000000516640000)
  from space 34048K,  39% used [0x0000000518780000, 0x000000051947d590, 0x000000051a8c0000)
  to   space 34048K,   0% used [0x0000000516640000, 0x0000000516640000, 0x0000000518780000)
 concurrent mark-sweep generation total 803464K, used 344343K [0x000000051a8c0000, 0x000000054b962000, 0x00000007c0000000)
 Metaspace       used 139855K, capacity 143070K, committed 143308K, reserved 1173504K
  class space    used 18277K, capacity 18942K, committed 18956K, reserved 1048576K
Event: 8916.172 GC heap after
Heap after GC invocations=433 (full 12):
 par new generation   total 306688K, used 12006K [0x0000000505c00000, 0x000000051a8c0000, 0x000000051a8c0000)
  eden space 272640K,   0% used [0x0000000505c00000, 0x0000000505c00000, 0x0000000516640000)
  from space 34048K,  35% used [0x0000000516640000, 0x00000005171f9ba8, 0x0000000518780000)
  to   space 34048K,   0% used [0x0000000518780000, 0x0000000518780000, 0x000000051a8c0000)
 concurrent mark-sweep generation total 803464K, used 345863K [0x000000051a8c0000, 0x000000054b962000, 0x00000007c0000000)
 Metaspace       used 139855K, capacity 143070K, committed 143308K, reserved 1173504K
  class space    used 18277K, capacity 18942K, committed 18956K, reserved 1048576K
}
Event: 8916.575 GC heap before
{Heap before GC invocations=433 (full 12):
 par new generation   total 306688K, used 284646K [0x0000000505c00000, 0x000000051a8c0000, 0x000000051a8c0000)
  eden space 272640K, 100% used [0x0000000505c00000, 0x0000000516640000, 0x0000000516640000)
  from space 34048K,  35% used [0x0000000516640000, 0x00000005171f9ba8, 0x0000000518780000)
  to   space 34048K,   0% used [0x0000000518780000, 0x0000000518780000, 0x000000051a8c0000)
 concurrent mark-sweep generation total 803464K, used 345863K [0x000000051a8c0000, 0x000000054b962000, 0x00000007c0000000)
 Metaspace       used 139855K, capacity 143070K, committed 143308K, reserved 1173504K
  class space    used 18277K, capacity 18942K, committed 18956K, reserved 1048576K
Event: 8916.583 GC heap after
Heap after GC invocations=434 (full 12):
 par new generation   total 306688K, used 12567K [0x0000000505c00000, 0x000000051a8c0000, 0x000000051a8c0000)
  eden space 272640K,   0% used [0x0000000505c00000, 0x0000000505c00000, 0x0000000516640000)
  from space 34048K,  36% used [0x0000000518780000, 0x00000005193c5ce8, 0x000000051a8c0000)
  to   space 34048K,   0% used [0x0000000516640000, 0x0000000516640000, 0x0000000518780000)
 concurrent mark-sweep generation total 803464K, used 347426K [0x000000051a8c0000, 0x000000054b962000, 0x00000007c0000000)
 Metaspace       used 139855K, capacity 143070K, committed 143308K, reserved 1173504K
  class space    used 18277K, capacity 18942K, committed 18956K, reserved 1048576K
}
Event: 9014.523 GC heap before
{Heap before GC invocations=434 (full 12):
 par new generation   total 306688K, used 247272K [0x0000000505c00000, 0x000000051a8c0000, 0x000000051a8c0000)
  eden space 272640K,  86% used [0x0000000505c00000, 0x00000005141345e8, 0x0000000516640000)
  from space 34048K,  36% used [0x0000000518780000, 0x00000005193c5ce8, 0x000000051a8c0000)
  to   space 34048K,   0% used [0x0000000516640000, 0x0000000516640000, 0x0000000518780000)
 concurrent mark-sweep generation total 803464K, used 347426K [0x000000051a8c0000, 0x000000054b962000, 0x00000007c0000000)
 Metaspace       used 139855K, capacity 143070K, committed 143308K, reserved 1173504K
  class space    used 18277K, capacity 18942K, committed 18956K, reserved 1048576K
Event: 9014.911 GC heap after
Heap after GC invocations=435 (full 13):
 par new generation   total 306688K, used 0K [0x0000000505c00000, 0x000000051a8c0000, 0x000000051a8c0000)
  eden space 272640K,   0% used [0x0000000505c00000, 0x0000000505c00000, 0x0000000516640000)
  from space 34048K,   0% used [0x0000000518780000, 0x0000000518780000, 0x000000051a8c0000)
  to   space 34048K,   0% used [0x0000000516640000, 0x0000000516640000, 0x0000000518780000)
 concurrent mark-sweep generation total 768348K, used 230504K [0x000000051a8c0000, 0x0000000549717000, 0x00000007c0000000)
 Metaspace       used 139684K, capacity 142794K, committed 143308K, reserved 1173504K
  class space    used 18252K, capacity 18896K, committed 18956K, reserved 1048576K
}
Event: 9037.857 GC heap before
{Heap before GC invocations=435 (full 13):
 par new generation   total 306688K, used 272640K [0x0000000505c00000, 0x000000051a8c0000, 0x000000051a8c0000)
  eden space 272640K, 100% used [0x0000000505c00000, 0x0000000516640000, 0x0000000516640000)
  from space 34048K,   0% used [0x0000000518780000, 0x0000000518780000, 0x000000051a8c0000)
  to   space 34048K,   0% used [0x0000000516640000, 0x0000000516640000, 0x0000000518780000)
 concurrent mark-sweep generation total 768348K, used 230504K [0x000000051a8c0000, 0x0000000549717000, 0x00000007c0000000)
 Metaspace       used 139684K, capacity 142794K, committed 143308K, reserved 1173504K
  class space    used 18252K, capacity 18896K, committed 18956K, reserved 1048576K
Event: 9037.861 GC heap after
Heap after GC invocations=436 (full 13):
 par new generation   total 306688K, used 10385K [0x0000000505c00000, 0x000000051a8c0000, 0x000000051a8c0000)
  eden space 272640K,   0% used [0x0000000505c00000, 0x0000000505c00000, 0x0000000516640000)
  from space 34048K,  30% used [0x0000000516640000, 0x00000005170645e0, 0x0000000518780000)
  to   space 34048K,   0% used [0x0000000518780000, 0x0000000518780000, 0x000000051a8c0000)
 concurrent mark-sweep generation total 768348K, used 230504K [0x000000051a8c0000, 0x0000000549717000, 0x00000007c0000000)
 Metaspace       used 139684K, capacity 142794K, committed 143308K, reserved 1173504K
  class space    used 18252K, capacity 18896K, committed 18956K, reserved 1048576K
}
Event: 9038.256 GC heap before
{Heap before GC invocations=436 (full 13):
 par new generation   total 306688K, used 283025K [0x0000000505c00000, 0x000000051a8c0000, 0x000000051a8c0000)
  eden space 272640K, 100% used [0x0000000505c00000, 0x0000000516640000, 0x0000000516640000)
  from space 34048K,  30% used [0x0000000516640000, 0x00000005170645e0, 0x0000000518780000)
  to   space 34048K,   0% used [0x0000000518780000, 0x0000000518780000, 0x000000051a8c0000)
 concurrent mark-sweep generation total 768348K, used 230504K [0x000000051a8c0000, 0x0000000549717000, 0x00000007c0000000)
 Metaspace       used 139684K, capacity 142794K, committed 143308K, reserved 1173504K
  class space    used 18252K, capacity 18896K, committed 18956K, reserved 1048576K
Event: 9038.260 GC heap after
Heap after GC invocations=437 (full 13):
 par new generation   total 306688K, used 5065K [0x0000000505c00000, 0x000000051a8c0000, 0x000000051a8c0000)
  eden space 272640K,   0% used [0x0000000505c00000, 0x0000000505c00000, 0x0000000516640000)
  from space 34048K,  14% used [0x0000000518780000, 0x0000000518c72468, 0x000000051a8c0000)
  to   space 34048K,   0% used [0x0000000516640000, 0x0000000516640000, 0x0000000518780000)
 concurrent mark-sweep generation total 768348K, used 230504K [0x000000051a8c0000, 0x0000000549717000, 0x00000007c0000000)
 Metaspace       used 139684K, capacity 142794K, committed 143308K, reserved 1173504K
  class space    used 18252K, capacity 18896K, committed 18956K, reserved 1048576K
}
Event: 9038.676 GC heap before
{Heap before GC invocations=437 (full 13):
 par new generation   total 306688K, used 277705K [0x0000000505c00000, 0x000000051a8c0000, 0x000000051a8c0000)
  eden space 272640K, 100% used [0x0000000505c00000, 0x0000000516640000, 0x0000000516640000)
  from space 34048K,  14% used [0x0000000518780000, 0x0000000518c72468, 0x000000051a8c0000)
  to   space 34048K,   0% used [0x0000000516640000, 0x0000000516640000, 0x0000000518780000)
 concurrent mark-sweep generation total 768348K, used 230504K [0x000000051a8c0000, 0x0000000549717000, 0x00000007c0000000)
 Metaspace       used 139684K, capacity 142794K, committed 143308K, reserved 1173504K
  class space    used 18252K, capacity 18896K, committed 18956K, reserved 1048576K
Event: 9038.683 GC heap after
Heap after GC invocations=438 (full 13):
 par new generation   total 306688K, used 5363K [0x0000000505c00000, 0x000000051a8c0000, 0x000000051a8c0000)
  eden space 272640K,   0% used [0x0000000505c00000, 0x0000000505c00000, 0x0000000516640000)
  from space 34048K,  15% used [0x0000000516640000, 0x0000000516b7cd08, 0x0000000518780000)
  to   space 34048K,   0% used [0x0000000518780000, 0x0000000518780000, 0x000000051a8c0000)
 concurrent mark-sweep generation total 768348K, used 230504K [0x000000051a8c0000, 0x0000000549717000, 0x00000007c0000000)
 Metaspace       used 139684K, capacity 142794K, committed 143308K, reserved 1173504K
  class space    used 18252K, capacity 18896K, committed 18956K, reserved 1048576K
}
Event: 9039.089 GC heap before
{Heap before GC invocations=438 (full 13):
 par new generation   total 306688K, used 278003K [0x0000000505c00000, 0x000000051a8c0000, 0x000000051a8c0000)
  eden space 272640K, 100% used [0x0000000505c00000, 0x0000000516640000, 0x0000000516640000)
  from space 34048K,  15% used [0x0000000516640000, 0x0000000516b7cd08, 0x0000000518780000)
  to   space 34048K,   0% used [0x0000000518780000, 0x0000000518780000, 0x000000051a8c0000)
 concurrent mark-sweep generation total 768348K, used 230504K [0x000000051a8c0000, 0x0000000549717000, 0x00000007c0000000)
 Metaspace       used 139684K, capacity 142794K, committed 143308K, reserved 1173504K
  class space    used 18252K, capacity 18896K, committed 18956K, reserved 1048576K
Event: 9039.094 GC heap after
Heap after GC invocations=439 (full 13):
 par new generation   total 306688K, used 8639K [0x0000000505c00000, 0x000000051a8c0000, 0x000000051a8c0000)
  eden space 272640K,   0% used [0x0000000505c00000, 0x0000000505c00000, 0x0000000516640000)
  from space 34048K,  25% used [0x0000000518780000, 0x0000000518fefe40, 0x000000051a8c0000)
  to   space 34048K,   0% used [0x0000000516640000, 0x0000000516640000, 0x0000000518780000)
 concurrent mark-sweep generation total 768348K, used 230504K [0x000000051a8c0000, 0x0000000549717000, 0x00000007c0000000)
 Metaspace       used 139684K, capacity 142794K, committed 143308K, reserved 1173504K
  class space    used 18252K, capacity 18896K, committed 18956K, reserved 1048576K
}
Event: 9039.485 GC heap before
{Heap before GC invocations=439 (full 13):
 par new generation   total 306688K, used 281279K [0x0000000505c00000, 0x000000051a8c0000, 0x000000051a8c0000)
  eden space 272640K, 100% used [0x0000000505c00000, 0x0000000516640000, 0x0000000516640000)
  from space 34048K,  25% used [0x0000000518780000, 0x0000000518fefe40, 0x000000051a8c0000)
  to   space 34048K,   0% used [0x0000000516640000, 0x0000000516640000, 0x0000000518780000)
 concurrent mark-sweep generation total 768348K, used 230504K [0x000000051a8c0000, 0x0000000549717000, 0x00000007c0000000)
 Metaspace       used 139684K, capacity 142794K, committed 143308K, reserved 1173504K
  class space    used 18252K, capacity 18896K, committed 18956K, reserved 1048576K
Event: 9039.492 GC heap after
Heap after GC invocations=440 (full 13):
 par new generation   total 306688K, used 11567K [0x0000000505c00000, 0x000000051a8c0000, 0x000000051a8c0000)
  eden space 272640K,   0% used [0x0000000505c00000, 0x0000000505c00000, 0x0000000516640000)
  from space 34048K,  33% used [0x0000000516640000, 0x000000051718bd80, 0x0000000518780000)
  to   space 34048K,   0% used [0x0000000518780000, 0x0000000518780000, 0x000000051a8c0000)
 concurrent mark-sweep generation total 768348K, used 230504K [0x000000051a8c0000, 0x0000000549717000, 0x00000007c0000000)
 Metaspace       used 139684K, capacity 142794K, committed 143308K, reserved 1173504K
  class space    used 18252K, capacity 18896K, committed 18956K, reserved 1048576K
}
Event: 9039.852 GC heap before
{Heap before GC invocations=440 (full 13):
 par new generation   total 306688K, used 284207K [0x0000000505c00000, 0x000000051a8c0000, 0x000000051a8c0000)
  eden space 272640K, 100% used [0x0000000505c00000, 0x0000000516640000, 0x0000000516640000)
  from space 34048K,  33% used [0x0000000516640000, 0x000000051718bd80, 0x0000000518780000)
  to   space 34048K,   0% used [0x0000000518780000, 0x0000000518780000, 0x000000051a8c0000)
 concurrent mark-sweep generation total 768348K, used 230504K [0x000000051a8c0000, 0x0000000549717000, 0x00000007c0000000)
 Metaspace       used 139684K, capacity 142794K, committed 143308K, reserved 1173504K
  class space    used 18252K, capacity 18896K, committed 18956K, reserved 1048576K
Event: 9039.859 GC heap after
Heap after GC invocations=441 (full 13):
 par new generation   total 306688K, used 14975K [0x0000000505c00000, 0x000000051a8c0000, 0x000000051a8c0000)
  eden space 272640K,   0% used [0x0000000505c00000, 0x0000000505c00000, 0x0000000516640000)
  from space 34048K,  43% used [0x0000000518780000, 0x000000051961ff80, 0x000000051a8c0000)
  to   space 34048K,   0% used [0x0000000516640000, 0x0000000516640000, 0x0000000518780000)
 concurrent mark-sweep generation total 768348K, used 230504K [0x000000051a8c0000, 0x0000000549717000, 0x00000007c0000000)
 Metaspace       used 139684K, capacity 142794K, committed 143308K, reserved 1173504K
  class space    used 18252K, capacity 18896K, committed 18956K, reserved 1048576K
}
Event: 9040.270 GC heap before
{Heap before GC invocations=441 (full 13):
 par new generation   total 306688K, used 287615K [0x0000000505c00000, 0x000000051a8c0000, 0x000000051a8c0000)
  eden space 272640K, 100% used [0x0000000505c00000, 0x0000000516640000, 0x0000000516640000)
  from space 34048K,  43% used [0x0000000518780000, 0x000000051961ff80, 0x000000051a8c0000)
  to   space 34048K,   0% used [0x0000000516640000, 0x0000000516640000, 0x0000000518780000)
 concurrent mark-sweep generation total 768348K, used 230504K [0x000000051a8c0000, 0x0000000549717000, 0x00000007c0000000)
 Metaspace       used 139684K, capacity 142794K, committed 143308K, reserved 1173504K
  class space    used 18252K, capacity 18896K, committed 18956K, reserved 1048576K
Event: 9040.279 GC heap after
Heap after GC invocations=442 (full 13):
 par new generation   total 306688K, used 13904K [0x0000000505c00000, 0x000000051a8c0000, 0x000000051a8c0000)
  eden space 272640K,   0% used [0x0000000505c00000, 0x0000000505c00000, 0x0000000516640000)
  from space 34048K,  40% used [0x0000000516640000, 0x00000005173d41f0, 0x0000000518780000)
  to   space 34048K,   0% used [0x0000000518780000, 0x0000000518780000, 0x000000051a8c0000)
 concurrent mark-sweep generation total 768348K, used 232200K [0x000000051a8c0000, 0x0000000549717000, 0x00000007c0000000)
 Metaspace       used 139684K, capacity 142794K, committed 143308K, reserved 1173504K
  class space    used 18252K, capacity 18896K, committed 18956K, reserved 1048576K
}
Event: 9040.667 GC heap before
{Heap before GC invocations=442 (full 13):
 par new generation   total 306688K, used 286544K [0x0000000505c00000, 0x000000051a8c0000, 0x000000051a8c0000)
  eden space 272640K, 100% used [0x0000000505c00000, 0x0000000516640000, 0x0000000516640000)
  from space 34048K,  40% used [0x0000000516640000, 0x00000005173d41f0, 0x0000000518780000)
  to   space 34048K,   0% used [0x0000000518780000, 0x0000000518780000, 0x000000051a8c0000)
 concurrent mark-sweep generation total 768348K, used 232200K [0x000000051a8c0000, 0x0000000549717000, 0x00000007c0000000)
 Metaspace       used 139684K, capacity 142794K, committed 143308K, reserved 1173504K
  class space    used 18252K, capacity 18896K, committed 18956K, reserved 1048576K
Event: 9040.675 GC heap after
Heap after GC invocations=443 (full 13):
 par new generation   total 306688K, used 14577K [0x0000000505c00000, 0x000000051a8c0000, 0x000000051a8c0000)
  eden space 272640K,   0% used [0x0000000505c00000, 0x0000000505c00000, 0x0000000516640000)
  from space 34048K,  42% used [0x0000000518780000, 0x00000005195bc730, 0x000000051a8c0000)
  to   space 34048K,   0% used [0x0000000516640000, 0x0000000516640000, 0x0000000518780000)
 concurrent mark-sweep generation total 768348K, used 233744K [0x000000051a8c0000, 0x0000000549717000, 0x00000007c0000000)
 Metaspace       used 139684K, capacity 142794K, committed 143308K, reserved 1173504K
  class space    used 18252K, capacity 18896K, committed 18956K, reserved 1048576K
}
Event: 9041.138 GC heap before
{Heap before GC invocations=443 (full 13):
 par new generation   total 306688K, used 287217K [0x0000000505c00000, 0x000000051a8c0000, 0x000000051a8c0000)
  eden space 272640K, 100% used [0x0000000505c00000, 0x0000000516640000, 0x0000000516640000)
  from space 34048K,  42% used [0x0000000518780000, 0x00000005195bc730, 0x000000051a8c0000)
  to   space 34048K,   0% used [0x0000000516640000, 0x0000000516640000, 0x0000000518780000)
 concurrent mark-sweep generation total 768348K, used 233744K [0x000000051a8c0000, 0x0000000549717000, 0x00000007c0000000)
 Metaspace       used 139684K, capacity 142794K, committed 143308K, reserved 1173504K
  class space    used 18252K, capacity 18896K, committed 18956K, reserved 1048576K
Event: 9041.142 GC heap after
Heap after GC invocations=444 (full 13):
 par new generation   total 306688K, used 10183K [0x0000000505c00000, 0x000000051a8c0000, 0x000000051a8c0000)
  eden space 272640K,   0% used [0x0000000505c00000, 0x0000000505c00000, 0x0000000516640000)
  from space 34048K,  29% used [0x0000000516640000, 0x0000000517031da0, 0x0000000518780000)
  to   space 34048K,   0% used [0x0000000518780000, 0x0000000518780000, 0x000000051a8c0000)
 concurrent mark-sweep generation total 768348K, used 234189K [0x000000051a8c0000, 0x0000000549717000, 0x00000007c0000000)
 Metaspace       used 139684K, capacity 142794K, committed 143308K, reserved 1173504K
  class space    used 18252K, capacity 18896K, committed 18956K, reserved 1048576K
}
Event: 9161.971 GC heap before
{Heap before GC invocations=444 (full 13):
 par new generation   total 306688K, used 282823K [0x0000000505c00000, 0x000000051a8c0000, 0x000000051a8c0000)
  eden space 272640K, 100% used [0x0000000505c00000, 0x0000000516640000, 0x0000000516640000)
  from space 34048K,  29% used [0x0000000516640000, 0x0000000517031da0, 0x0000000518780000)
  to   space 34048K,   0% used [0x0000000518780000, 0x0000000518780000, 0x000000051a8c0000)
 concurrent mark-sweep generation total 768348K, used 234189K [0x000000051a8c0000, 0x0000000549717000, 0x00000007c0000000)
 Metaspace       used 139685K, capacity 142794K, committed 143308K, reserved 1173504K
  class space    used 18252K, capacity 18896K, committed 18956K, reserved 1048576K
Event: 9161.976 GC heap after
Heap after GC invocations=445 (full 13):
 par new generation   total 306688K, used 3423K [0x0000000505c00000, 0x000000051a8c0000, 0x000000051a8c0000)
  eden space 272640K,   0% used [0x0000000505c00000, 0x0000000505c00000, 0x0000000516640000)
  from space 34048K,  10% used [0x0000000518780000, 0x0000000518ad7e00, 0x000000051a8c0000)
  to   space 34048K,   0% used [0x0000000516640000, 0x0000000516640000, 0x0000000518780000)
 concurrent mark-sweep generation total 768348K, used 234651K [0x000000051a8c0000, 0x0000000549717000, 0x00000007c0000000)
 Metaspace       used 139685K, capacity 142794K, committed 143308K, reserved 1173504K
  class space    used 18252K, capacity 18896K, committed 18956K, reserved 1048576K
}
Event: 9162.371 GC heap before
{Heap before GC invocations=445 (full 13):
 par new generation   total 306688K, used 276063K [0x0000000505c00000, 0x000000051a8c0000, 0x000000051a8c0000)
  eden space 272640K, 100% used [0x0000000505c00000, 0x0000000516640000, 0x0000000516640000)
  from space 34048K,  10% used [0x0000000518780000, 0x0000000518ad7e00, 0x000000051a8c0000)
  to   space 34048K,   0% used [0x0000000516640000, 0x0000000516640000, 0x0000000518780000)
 concurrent mark-sweep generation total 768348K, used 234651K [0x000000051a8c0000, 0x0000000549717000, 0x00000007c0000000)
 Metaspace       used 139685K, capacity 142794K, committed 143308K, reserved 1173504K
  class space    used 18252K, capacity 18896K, committed 18956K, reserved 1048576K
Event: 9162.376 GC heap after
Heap after GC invocations=446 (full 13):
 par new generation   total 306688K, used 4976K [0x0000000505c00000, 0x000000051a8c0000, 0x000000051a8c0000)
  eden space 272640K,   0% used [0x0000000505c00000, 0x0000000505c00000, 0x0000000516640000)
  from space 34048K,  14% used [0x0000000516640000, 0x0000000516b1c000, 0x0000000518780000)
  to   space 34048K,   0% used [0x0000000518780000, 0x0000000518780000, 0x000000051a8c0000)
 concurrent mark-sweep generation total 768348K, used 235047K [0x000000051a8c0000, 0x0000000549717000, 0x00000007c0000000)
 Metaspace       used 139685K, capacity 142794K, committed 143308K, reserved 1173504K
  class space    used 18252K, capacity 18896K, committed 18956K, reserved 1048576K
}
Event: 9162.802 GC heap before
{Heap before GC invocations=446 (full 13):
 par new generation   total 306688K, used 277616K [0x0000000505c00000, 0x000000051a8c0000, 0x000000051a8c0000)
  eden space 272640K, 100% used [0x0000000505c00000, 0x0000000516640000, 0x0000000516640000)
  from space 34048K,  14% used [0x0000000516640000, 0x0000000516b1c000, 0x0000000518780000)
  to   space 34048K,   0% used [0x0000000518780000, 0x0000000518780000, 0x000000051a8c0000)
 concurrent mark-sweep generation total 768348K, used 235047K [0x000000051a8c0000, 0x0000000549717000, 0x00000007c0000000)
 Metaspace       used 139685K, capacity 142794K, committed 143308K, reserved 1173504K
  class space    used 18252K, capacity 18896K, committed 18956K, reserved 1048576K
Event: 9162.807 GC heap after
Heap after GC invocations=447 (full 13):
 par new generation   total 306688K, used 6286K [0x0000000505c00000, 0x000000051a8c0000, 0x000000051a8c0000)
  eden space 272640K,   0% used [0x0000000505c00000, 0x0000000505c00000, 0x0000000516640000)
  from space 34048K,  18% used [0x0000000518780000, 0x0000000518da3ac0, 0x000000051a8c0000)
  to   space 34048K,   0% used [0x0000000516640000, 0x0000000516640000, 0x0000000518780000)
 concurrent mark-sweep generation total 768348K, used 235054K [0x000000051a8c0000, 0x0000000549717000, 0x00000007c0000000)
 Metaspace       used 139685K, capacity 142794K, committed 143308K, reserved 1173504K
  class space    used 18252K, capacity 18896K, committed 18956K, reserved 1048576K
}
Event: 9163.246 GC heap before
{Heap before GC invocations=447 (full 13):
 par new generation   total 306688K, used 278926K [0x0000000505c00000, 0x000000051a8c0000, 0x000000051a8c0000)
  eden space 272640K, 100% used [0x0000000505c00000, 0x0000000516640000, 0x0000000516640000)
  from space 34048K,  18% used [0x0000000518780000, 0x0000000518da3ac0, 0x000000051a8c0000)
  to   space 34048K,   0% used [0x0000000516640000, 0x0000000516640000, 0x0000000518780000)
 concurrent mark-sweep generation total 768348K, used 235054K [0x000000051a8c0000, 0x0000000549717000, 0x00000007c0000000)
 Metaspace       used 139685K, capacity 142794K, committed 143308K, reserved 1173504K
  class space    used 18252K, capacity 18896K, committed 18956K, reserved 1048576K
Event: 9163.251 GC heap after
Heap after GC invocations=448 (full 13):
 par new generation   total 306688K, used 8872K [0x0000000505c00000, 0x000000051a8c0000, 0x000000051a8c0000)
  eden space 272640K,   0% used [0x0000000505c00000, 0x0000000505c00000, 0x0000000516640000)
  from space 34048K,  26% used [0x0000000516640000, 0x0000000516eea3c0, 0x0000000518780000)
  to   space 34048K,   0% used [0x0000000518780000, 0x0000000518780000, 0x000000051a8c0000)
 concurrent mark-sweep generation total 768348K, used 235531K [0x000000051a8c0000, 0x0000000549717000, 0x00000007c0000000)
 Metaspace       used 139685K, capacity 142794K, committed 143308K, reserved 1173504K
  class space    used 18252K, capacity 18896K, committed 18956K, reserved 1048576K
}
Event: 9163.646 GC heap before
{Heap before GC invocations=448 (full 13):
 par new generation   total 306688K, used 281512K [0x0000000505c00000, 0x000000051a8c0000, 0x000000051a8c0000)
  eden space 272640K, 100% used [0x0000000505c00000, 0x0000000516640000, 0x0000000516640000)
  from space 34048K,  26% used [0x0000000516640000, 0x0000000516eea3c0, 0x0000000518780000)
  to   space 34048K,   0% used [0x0000000518780000, 0x0000000518780000, 0x000000051a8c0000)
 concurrent mark-sweep generation total 768348K, used 235531K [0x000000051a8c0000, 0x0000000549717000, 0x00000007c0000000)
 Metaspace       used 139685K, capacity 142794K, committed 143308K, reserved 1173504K
  class space    used 18252K, capacity 18896K, committed 18956K, reserved 1048576K
Event: 9163.652 GC heap after
Heap after GC invocations=449 (full 13):
 par new generation   total 306688K, used 9739K [0x0000000505c00000, 0x000000051a8c0000, 0x000000051a8c0000)
  eden space 272640K,   0% used [0x0000000505c00000, 0x0000000505c00000, 0x0000000516640000)
  from space 34048K,  28% used [0x0000000518780000, 0x0000000519102f98, 0x000000051a8c0000)
  to   space 34048K,   0% used [0x0000000516640000, 0x0000000516640000, 0x0000000518780000)
 concurrent mark-sweep generation total 768348K, used 236225K [0x000000051a8c0000, 0x0000000549717000, 0x00000007c0000000)
 Metaspace       used 139685K, capacity 142794K, committed 143308K, reserved 1173504K
  class space    used 18252K, capacity 18896K, committed 18956K, reserved 1048576K
}
Event: 9164.036 GC heap before
{Heap before GC invocations=449 (full 13):
 par new generation   total 306688K, used 282379K [0x0000000505c00000, 0x000000051a8c0000, 0x000000051a8c0000)
  eden space 272640K, 100% used [0x0000000505c00000, 0x0000000516640000, 0x0000000516640000)
  from space 34048K,  28% used [0x0000000518780000, 0x0000000519102f98, 0x000000051a8c0000)
  to   space 34048K,   0% used [0x0000000516640000, 0x0000000516640000, 0x0000000518780000)
 concurrent mark-sweep generation total 768348K, used 236225K [0x000000051a8c0000, 0x0000000549717000, 0x00000007c0000000)
 Metaspace       used 139685K, capacity 142794K, committed 143308K, reserved 1173504K
  class space    used 18252K, capacity 18896K, committed 18956K, reserved 1048576K
Event: 9164.042 GC heap after
Heap after GC invocations=450 (full 13):
 par new generation   total 306688K, used 13080K [0x0000000505c00000, 0x000000051a8c0000, 0x000000051a8c0000)
  eden space 272640K,   0% used [0x0000000505c00000, 0x0000000505c00000, 0x0000000516640000)
  from space 34048K,  38% used [0x0000000516640000, 0x00000005173063c0, 0x0000000518780000)
  to   space 34048K,   0% used [0x0000000518780000, 0x0000000518780000, 0x000000051a8c0000)
 concurrent mark-sweep generation total 768348K, used 236479K [0x000000051a8c0000, 0x0000000549717000, 0x00000007c0000000)
 Metaspace       used 139685K, capacity 142794K, committed 143308K, reserved 1173504K
  class space    used 18252K, capacity 18896K, committed 18956K, reserved 1048576K
}
Event: 9164.404 GC heap before
{Heap before GC invocations=450 (full 13):
 par new generation   total 306688K, used 285720K [0x0000000505c00000, 0x000000051a8c0000, 0x000000051a8c0000)
  eden space 272640K, 100% used [0x0000000505c00000, 0x0000000516640000, 0x0000000516640000)
  from space 34048K,  38% used [0x0000000516640000, 0x00000005173063c0, 0x0000000518780000)
  to   space 34048K,   0% used [0x0000000518780000, 0x0000000518780000, 0x000000051a8c0000)
 concurrent mark-sweep generation total 768348K, used 236479K [0x000000051a8c0000, 0x0000000549717000, 0x00000007c0000000)
 Metaspace       used 139685K, capacity 142794K, committed 143308K, reserved 1173504K
  class space    used 18252K, capacity 18896K, committed 18956K, reserved 1048576K
Event: 9164.411 GC heap after
Heap after GC invocations=451 (full 13):
 par new generation   total 306688K, used 15613K [0x0000000505c00000, 0x000000051a8c0000, 0x000000051a8c0000)
  eden space 272640K,   0% used [0x0000000505c00000, 0x0000000505c00000, 0x0000000516640000)
  from space 34048K,  45% used [0x0000000518780000, 0x00000005196bf400, 0x000000051a8c0000)
  to   space 34048K,   0% used [0x0000000516640000, 0x0000000516640000, 0x0000000518780000)
 concurrent mark-sweep generation total 768348K, used 236644K [0x000000051a8c0000, 0x0000000549717000, 0x00000007c0000000)
 Metaspace       used 139685K, capacity 142794K, committed 143308K, reserved 1173504K
  class space    used 18252K, capacity 18896K, committed 18956K, reserved 1048576K
}
Event: 9164.789 GC heap before
{Heap before GC invocations=451 (full 13):
 par new generation   total 306688K, used 288253K [0x0000000505c00000, 0x000000051a8c0000, 0x000000051a8c0000)
  eden space 272640K, 100% used [0x0000000505c00000, 0x0000000516640000, 0x0000000516640000)
  from space 34048K,  45% used [0x0000000518780000, 0x00000005196bf400, 0x000000051a8c0000)
  to   space 34048K,   0% used [0x0000000516640000, 0x0000000516640000, 0x0000000518780000)
 concurrent mark-sweep generation total 768348K, used 236644K [0x000000051a8c0000, 0x0000000549717000, 0x00000007c0000000)
 Metaspace       used 139685K, capacity 142794K, committed 143308K, reserved 1173504K
  class space    used 18252K, capacity 18896K, committed 18956K, reserved 1048576K
Event: 9164.797 GC heap after
Heap after GC invocations=452 (full 13):
 par new generation   total 306688K, used 14072K [0x0000000505c00000, 0x000000051a8c0000, 0x000000051a8c0000)
  eden space 272640K,   0% used [0x0000000505c00000, 0x0000000505c00000, 0x0000000516640000)
  from space 34048K,  41% used [0x0000000516640000, 0x00000005173fe250, 0x0000000518780000)
  to   space 34048K,   0% used [0x0000000518780000, 0x0000000518780000, 0x000000051a8c0000)
 concurrent mark-sweep generation total 768348K, used 238274K [0x000000051a8c0000, 0x0000000549717000, 0x00000007c0000000)
 Metaspace       used 139685K, capacity 142794K, committed 143308K, reserved 1173504K
  class space    used 18252K, capacity 18896K, committed 18956K, reserved 1048576K
}
Event: 9165.196 GC heap before
{Heap before GC invocations=452 (full 13):
 par new generation   total 306688K, used 286712K [0x0000000505c00000, 0x000000051a8c0000, 0x000000051a8c0000)
  eden space 272640K, 100% used [0x0000000505c00000, 0x0000000516640000, 0x0000000516640000)
  from space 34048K,  41% used [0x0000000516640000, 0x00000005173fe250, 0x0000000518780000)
  to   space 34048K,   0% used [0x0000000518780000, 0x0000000518780000, 0x000000051a8c0000)
 concurrent mark-sweep generation total 768348K, used 238274K [0x000000051a8c0000, 0x0000000549717000, 0x00000007c0000000)
 Metaspace       used 139685K, capacity 142794K, committed 143308K, reserved 1173504K
  class space    used 18252K, capacity 18896K, committed 18956K, reserved 1048576K
Event: 9165.203 GC heap after
Heap after GC invocations=453 (full 13):
 par new generation   total 306688K, used 17303K [0x0000000505c00000, 0x000000051a8c0000, 0x000000051a8c0000)
  eden space 272640K,   0% used [0x0000000505c00000, 0x0000000505c00000, 0x0000000516640000)
  from space 34048K,  50% used [0x0000000518780000, 0x0000000519865ee8, 0x000000051a8c0000)
  to   space 34048K,   0% used [0x0000000516640000, 0x0000000516640000, 0x0000000518780000)
 concurrent mark-sweep generation total 768348K, used 239816K [0x000000051a8c0000, 0x0000000549717000, 0x00000007c0000000)
 Metaspace       used 139685K, capacity 142794K, committed 143308K, reserved 1173504K
  class space    used 18252K, capacity 18896K, committed 18956K, reserved 1048576K
}
Event: 9165.604 GC heap before
{Heap before GC invocations=453 (full 13):
 par new generation   total 306688K, used 289943K [0x0000000505c00000, 0x000000051a8c0000, 0x000000051a8c0000)
  eden space 272640K, 100% used [0x0000000505c00000, 0x0000000516640000, 0x0000000516640000)
  from space 34048K,  50% used [0x0000000518780000, 0x0000000519865ee8, 0x000000051a8c0000)
  to   space 34048K,   0% used [0x0000000516640000, 0x0000000516640000, 0x0000000518780000)
 concurrent mark-sweep generation total 768348K, used 239816K [0x000000051a8c0000, 0x0000000549717000, 0x00000007c0000000)
 Metaspace       used 139685K, capacity 142794K, committed 143308K, reserved 1173504K
  class space    used 18252K, capacity 18896K, committed 18956K, reserved 1048576K
Event: 9165.612 GC heap after
Heap after GC invocations=454 (full 13):
 par new generation   total 306688K, used 12678K [0x0000000505c00000, 0x000000051a8c0000, 0x000000051a8c0000)
  eden space 272640K,   0% used [0x0000000505c00000, 0x0000000505c00000, 0x0000000516640000)
  from space 34048K,  37% used [0x0000000516640000, 0x00000005172a1a40, 0x0000000518780000)
  to   space 34048K,   0% used [0x0000000518780000, 0x0000000518780000, 0x000000051a8c0000)
 concurrent mark-sweep generation total 768348K, used 241416K [0x000000051a8c0000, 0x0000000549717000, 0x00000007c0000000)
 Metaspace       used 139685K, capacity 142794K, committed 143308K, reserved 1173504K
  class space    used 18252K, capacity 18896K, committed 18956K, reserved 1048576K
}
Event: 9286.326 GC heap before
{Heap before GC invocations=454 (full 13):
 par new generation   total 306688K, used 285318K [0x0000000505c00000, 0x000000051a8c0000, 0x000000051a8c0000)
  eden space 272640K, 100% used [0x0000000505c00000, 0x0000000516640000, 0x0000000516640000)
  from space 34048K,  37% used [0x0000000516640000, 0x00000005172a1a40, 0x0000000518780000)
  to   space 34048K,   0% used [0x0000000518780000, 0x0000000518780000, 0x000000051a8c0000)
 concurrent mark-sweep generation total 768348K, used 241416K [0x000000051a8c0000, 0x0000000549717000, 0x00000007c0000000)
 Metaspace       used 139685K, capacity 142794K, committed 143308K, reserved 1173504K
  class space    used 18252K, capacity 18896K, committed 18956K, reserved 1048576K
Event: 9286.332 GC heap after
Heap after GC invocations=455 (full 13):
 par new generation   total 306688K, used 9569K [0x0000000505c00000, 0x000000051a8c0000, 0x000000051a8c0000)
  eden space 272640K,   0% used [0x0000000505c00000, 0x0000000505c00000, 0x0000000516640000)
  from space 34048K,  28% used [0x0000000518780000, 0x00000005190d84a0, 0x000000051a8c0000)
  to   space 34048K,   0% used [0x0000000516640000, 0x0000000516640000, 0x0000000518780000)
 concurrent mark-sweep generation total 768348K, used 241851K [0x000000051a8c0000, 0x0000000549717000, 0x00000007c0000000)
 Metaspace       used 139685K, capacity 142794K, committed 143308K, reserved 1173504K
  class space    used 18252K, capacity 18896K, committed 18956K, reserved 1048576K
}
Event: 9286.704 GC heap before
{Heap before GC invocations=455 (full 13):
 par new generation   total 306688K, used 282209K [0x0000000505c00000, 0x000000051a8c0000, 0x000000051a8c0000)
  eden space 272640K, 100% used [0x0000000505c00000, 0x0000000516640000, 0x0000000516640000)
  from space 34048K,  28% used [0x0000000518780000, 0x00000005190d84a0, 0x000000051a8c0000)
  to   space 34048K,   0% used [0x0000000516640000, 0x0000000516640000, 0x0000000518780000)
 concurrent mark-sweep generation total 768348K, used 241851K [0x000000051a8c0000, 0x0000000549717000, 0x00000007c0000000)
 Metaspace       used 139685K, capacity 142794K, committed 143308K, reserved 1173504K
  class space    used 18252K, capacity 18896K, committed 18956K, reserved 1048576K
Event: 9286.709 GC heap after
Heap after GC invocations=456 (full 13):
 par new generation   total 306688K, used 7856K [0x0000000505c00000, 0x000000051a8c0000, 0x000000051a8c0000)
  eden space 272640K,   0% used [0x0000000505c00000, 0x0000000505c00000, 0x0000000516640000)
  from space 34048K,  23% used [0x0000000516640000, 0x0000000516dec240, 0x0000000518780000)
  to   space 34048K,   0% used [0x0000000518780000, 0x0000000518780000, 0x000000051a8c0000)
 concurrent mark-sweep generation total 768348K, used 242327K [0x000000051a8c0000, 0x0000000549717000, 0x00000007c0000000)
 Metaspace       used 139685K, capacity 142794K, committed 143308K, reserved 1173504K
  class space    used 18252K, capacity 18896K, committed 18956K, reserved 1048576K
}
Event: 9287.095 GC heap before
{Heap before GC invocations=456 (full 13):
 par new generation   total 306688K, used 280496K [0x0000000505c00000, 0x000000051a8c0000, 0x000000051a8c0000)
  eden space 272640K, 100% used [0x0000000505c00000, 0x0000000516640000, 0x0000000516640000)
  from space 34048K,  23% used [0x0000000516640000, 0x0000000516dec240, 0x0000000518780000)
  to   space 34048K,   0% used [0x0000000518780000, 0x0000000518780000, 0x000000051a8c0000)
 concurrent mark-sweep generation total 768348K, used 242327K [0x000000051a8c0000, 0x0000000549717000, 0x00000007c0000000)
 Metaspace       used 139685K, capacity 142794K, committed 143308K, reserved 1173504K
  class space    used 18252K, capacity 18896K, committed 18956K, reserved 1048576K
Event: 9287.101 GC heap after
Heap after GC invocations=457 (full 13):
 par new generation   total 306688K, used 9772K [0x0000000505c00000, 0x000000051a8c0000, 0x000000051a8c0000)
  eden space 272640K,   0% used [0x0000000505c00000, 0x0000000505c00000, 0x0000000516640000)
  from space 34048K,  28% used [0x0000000518780000, 0x000000051910b340, 0x000000051a8c0000)
  to   space 34048K,   0% used [0x0000000516640000, 0x0000000516640000, 0x0000000518780000)
 concurrent mark-sweep generation total 768348K, used 242888K [0x000000051a8c0000, 0x0000000549717000, 0x00000007c0000000)
 Metaspace       used 139685K, capacity 142794K, committed 143308K, reserved 1173504K
  class space    used 18252K, capacity 18896K, committed 18956K, reserved 1048576K
}
Event: 9287.494 GC heap before
{Heap before GC invocations=457 (full 13):
 par new generation   total 306688K, used 282412K [0x0000000505c00000, 0x000000051a8c0000, 0x000000051a8c0000)
  eden space 272640K, 100% used [0x0000000505c00000, 0x0000000516640000, 0x0000000516640000)
  from space 34048K,  28% used [0x0000000518780000, 0x000000051910b340, 0x000000051a8c0000)
  to   space 34048K,   0% used [0x0000000516640000, 0x0000000516640000, 0x0000000518780000)
 concurrent mark-sweep generation total 768348K, used 242888K [0x000000051a8c0000, 0x0000000549717000, 0x00000007c0000000)
 Metaspace       used 139685K, capacity 142794K, committed 143308K, reserved 1173504K
  class space    used 18252K, capacity 18896K, committed 18956K, reserved 1048576K
Event: 9287.500 GC heap after
Heap after GC invocations=458 (full 13):
 par new generation   total 306688K, used 11670K [0x0000000505c00000, 0x000000051a8c0000, 0x000000051a8c0000)
  eden space 272640K,   0% used [0x0000000505c00000, 0x0000000505c00000, 0x0000000516640000)
  from space 34048K,  34% used [0x0000000516640000, 0x00000005171a5a00, 0x0000000518780000)
  to   space 34048K,   0% used [0x0000000518780000, 0x0000000518780000, 0x000000051a8c0000)
 concurrent mark-sweep generation total 768348K, used 243559K [0x000000051a8c0000, 0x0000000549717000, 0x00000007c0000000)
 Metaspace       used 139685K, capacity 142794K, committed 143308K, reserved 1173504K
  class space    used 18252K, capacity 18896K, committed 18956K, reserved 1048576K
}
Event: 9287.862 GC heap before
{Heap before GC invocations=458 (full 13):
 par new generation   total 306688K, used 284310K [0x0000000505c00000, 0x000000051a8c0000, 0x000000051a8c0000)
  eden space 272640K, 100% used [0x0000000505c00000, 0x0000000516640000, 0x0000000516640000)
  from space 34048K,  34% used [0x0000000516640000, 0x00000005171a5a00, 0x0000000518780000)
  to   space 34048K,   0% used [0x0000000518780000, 0x0000000518780000, 0x000000051a8c0000)
 concurrent mark-sweep generation total 768348K, used 243559K [0x000000051a8c0000, 0x0000000549717000, 0x00000007c0000000)
 Metaspace       used 139685K, capacity 142794K, committed 143308K, reserved 1173504K
  class space    used 18252K, capacity 18896K, committed 18956K, reserved 1048576K
Event: 9287.868 GC heap after
Heap after GC invocations=459 (full 13):
 par new generation   total 306688K, used 13441K [0x0000000505c00000, 0x000000051a8c0000, 0x000000051a8c0000)
  eden space 272640K,   0% used [0x0000000505c00000, 0x0000000505c00000, 0x0000000516640000)
  from space 34048K,  39% used [0x0000000518780000, 0x00000005194a0700, 0x000000051a8c0000)
  to   space 34048K,   0% used [0x0000000516640000, 0x0000000516640000, 0x0000000518780000)
 concurrent mark-sweep generation total 768348K, used 243926K [0x000000051a8c0000, 0x0000000549717000, 0x00000007c0000000)
 Metaspace       used 139685K, capacity 142794K, committed 143308K, reserved 1173504K
  class space    used 18252K, capacity 18896K, committed 18956K, reserved 1048576K
}
Event: 9288.240 GC heap before
{Heap before GC invocations=459 (full 13):
 par new generation   total 306688K, used 286081K [0x0000000505c00000, 0x000000051a8c0000, 0x000000051a8c0000)
  eden space 272640K, 100% used [0x0000000505c00000, 0x0000000516640000, 0x0000000516640000)
  from space 34048K,  39% used [0x0000000518780000, 0x00000005194a0700, 0x000000051a8c0000)
  to   space 34048K,   0% used [0x0000000516640000, 0x0000000516640000, 0x0000000518780000)
 concurrent mark-sweep generation total 768348K, used 243926K [0x000000051a8c0000, 0x0000000549717000, 0x00000007c0000000)
 Metaspace       used 139685K, capacity 142794K, committed 143308K, reserved 1173504K
  class space    used 18252K, capacity 18896K, committed 18956K, reserved 1048576K
Event: 9288.247 GC heap after
Heap after GC invocations=460 (full 13):
 par new generation   total 306688K, used 15888K [0x0000000505c00000, 0x000000051a8c0000, 0x000000051a8c0000)
  eden space 272640K,   0% used [0x0000000505c00000, 0x0000000505c00000, 0x0000000516640000)
  from space 34048K,  46% used [0x0000000516640000, 0x00000005175c40c0, 0x0000000518780000)
  to   space 34048K,   0% used [0x0000000518780000, 0x0000000518780000, 0x000000051a8c0000)
 concurrent mark-sweep generation total 768348K, used 244436K [0x000000051a8c0000, 0x0000000549717000, 0x00000007c0000000)
 Metaspace       used 139685K, capacity 142794K, committed 143308K, reserved 1173504K
  class space    used 18252K, capacity 18896K, committed 18956K, reserved 1048576K
}
Event: 9288.634 GC heap before
{Heap before GC invocations=460 (full 13):
 par new generation   total 306688K, used 288528K [0x0000000505c00000, 0x000000051a8c0000, 0x000000051a8c0000)
  eden space 272640K, 100% used [0x0000000505c00000, 0x0000000516640000, 0x0000000516640000)
  from space 34048K,  46% used [0x0000000516640000, 0x00000005175c40c0, 0x0000000518780000)
  to   space 34048K,   0% used [0x0000000518780000, 0x0000000518780000, 0x000000051a8c0000)
 concurrent mark-sweep generation total 768348K, used 244436K [0x000000051a8c0000, 0x0000000549717000, 0x00000007c0000000)
 Metaspace       used 139685K, capacity 142794K, committed 143308K, reserved 1173504K
  class space    used 18252K, capacity 18896K, committed 18956K, reserved 1048576K
Event: 9288.641 GC heap after
Heap after GC invocations=461 (full 13):
 par new generation   total 306688K, used 13786K [0x0000000505c00000, 0x000000051a8c0000, 0x000000051a8c0000)
  eden space 272640K,   0% used [0x0000000505c00000, 0x0000000505c00000, 0x0000000516640000)
  from space 34048K,  40% used [0x0000000518780000, 0x00000005194f6820, 0x000000051a8c0000)
  to   space 34048K,   0% used [0x0000000516640000, 0x0000000516640000, 0x0000000518780000)
 concurrent mark-sweep generation total 768348K, used 245842K [0x000000051a8c0000, 0x0000000549717000, 0x00000007c0000000)
 Metaspace       used 139685K, capacity 142794K, committed 143308K, reserved 1173504K
  class space    used 18252K, capacity 18896K, committed 18956K, reserved 1048576K
}
Event: 9289.034 GC heap before
{Heap before GC invocations=461 (full 13):
 par new generation   total 306688K, used 286426K [0x0000000505c00000, 0x000000051a8c0000, 0x000000051a8c0000)
  eden space 272640K, 100% used [0x0000000505c00000, 0x0000000516640000, 0x0000000516640000)
  from space 34048K,  40% used [0x0000000518780000, 0x00000005194f6820, 0x000000051a8c0000)
  to   space 34048K,   0% used [0x0000000516640000, 0x0000000516640000, 0x0000000518780000)
 concurrent mark-sweep generation total 768348K, used 245842K [0x000000051a8c0000, 0x0000000549717000, 0x00000007c0000000)
 Metaspace       used 139685K, capacity 142794K, committed 143308K, reserved 1173504K
  class space    used 18252K, capacity 18896K, committed 18956K, reserved 1048576K
Event: 9289.043 GC heap after
Heap after GC invocations=462 (full 13):
 par new generation   total 306688K, used 14479K [0x0000000505c00000, 0x000000051a8c0000, 0x000000051a8c0000)
  eden space 272640K,   0% used [0x0000000505c00000, 0x0000000505c00000, 0x0000000516640000)
  from space 34048K,  42% used [0x0000000516640000, 0x0000000517463cb0, 0x0000000518780000)
  to   space 34048K,   0% used [0x0000000518780000, 0x0000000518780000, 0x000000051a8c0000)
 concurrent mark-sweep generation total 768348K, used 247348K [0x000000051a8c0000, 0x0000000549717000, 0x00000007c0000000)
 Metaspace       used 139685K, capacity 142794K, committed 143308K, reserved 1173504K
  class space    used 18252K, capacity 18896K, committed 18956K, reserved 1048576K
}
Event: 9289.449 GC heap before
{Heap before GC invocations=462 (full 13):
 par new generation   total 306688K, used 287119K [0x0000000505c00000, 0x000000051a8c0000, 0x000000051a8c0000)
  eden space 272640K, 100% used [0x0000000505c00000, 0x0000000516640000, 0x0000000516640000)
  from space 34048K,  42% used [0x0000000516640000, 0x0000000517463cb0, 0x0000000518780000)
  to   space 34048K,   0% used [0x0000000518780000, 0x0000000518780000, 0x000000051a8c0000)
 concurrent mark-sweep generation total 768348K, used 247348K [0x000000051a8c0000, 0x0000000549717000, 0x00000007c0000000)
 Metaspace       used 139685K, capacity 142794K, committed 143308K, reserved 1173504K
  class space    used 18252K, capacity 18896K, committed 18956K, reserved 1048576K
Event: 9289.457 GC heap after
Heap after GC invocations=463 (full 13):
 par new generation   total 306688K, used 17612K [0x0000000505c00000, 0x000000051a8c0000, 0x000000051a8c0000)
  eden space 272640K,   0% used [0x0000000505c00000, 0x0000000505c00000, 0x0000000516640000)
  from space 34048K,  51% used [0x0000000518780000, 0x00000005198b31c0, 0x000000051a8c0000)
  to   space 34048K,   0% used [0x0000000516640000, 0x0000000516640000, 0x0000000518780000)
 concurrent mark-sweep generation total 768348K, used 248925K [0x000000051a8c0000, 0x0000000549717000, 0x00000007c0000000)
 Metaspace       used 139685K, capacity 142794K, committed 143308K, reserved 1173504K
  class space    used 18252K, capacity 18896K, committed 18956K, reserved 1048576K
}
Event: 9308.566 GC heap before
{Heap before GC invocations=463 (full 13):
 par new generation   total 306688K, used 290252K [0x0000000505c00000, 0x000000051a8c0000, 0x000000051a8c0000)
  eden space 272640K, 100% used [0x0000000505c00000, 0x0000000516640000, 0x0000000516640000)
  from space 34048K,  51% used [0x0000000518780000, 0x00000005198b31c0, 0x000000051a8c0000)
  to   space 34048K,   0% used [0x0000000516640000, 0x0000000516640000, 0x0000000518780000)
 concurrent mark-sweep generation total 768348K, used 248925K [0x000000051a8c0000, 0x0000000549717000, 0x00000007c0000000)
 Metaspace       used 139686K, capacity 142794K, committed 143308K, reserved 1173504K
  class space    used 18252K, capacity 18896K, committed 18956K, reserved 1048576K
Event: 9308.574 GC heap after
Heap after GC invocations=464 (full 13):
 par new generation   total 306688K, used 15703K [0x0000000505c00000, 0x000000051a8c0000, 0x000000051a8c0000)
  eden space 272640K,   0% used [0x0000000505c00000, 0x0000000505c00000, 0x0000000516640000)
  from space 34048K,  46% used [0x0000000516640000, 0x0000000517595dd0, 0x0000000518780000)
  to   space 34048K,   0% used [0x0000000518780000, 0x0000000518780000, 0x000000051a8c0000)
 concurrent mark-sweep generation total 768348K, used 250500K [0x000000051a8c0000, 0x0000000549717000, 0x00000007c0000000)
 Metaspace       used 139686K, capacity 142794K, committed 143308K, reserved 1173504K
  class space    used 18252K, capacity 18896K, committed 18956K, reserved 1048576K
}
Event: 9410.384 GC heap before
{Heap before GC invocations=464 (full 13):
 par new generation   total 306688K, used 288343K [0x0000000505c00000, 0x000000051a8c0000, 0x000000051a8c0000)
  eden space 272640K, 100% used [0x0000000505c00000, 0x0000000516640000, 0x0000000516640000)
  from space 34048K,  46% used [0x0000000516640000, 0x0000000517595dd0, 0x0000000518780000)
  to   space 34048K,   0% used [0x0000000518780000, 0x0000000518780000, 0x000000051a8c0000)
 concurrent mark-sweep generation total 768348K, used 250500K [0x000000051a8c0000, 0x0000000549717000, 0x00000007c0000000)
 Metaspace       used 139687K, capacity 142794K, committed 143308K, reserved 1173504K
  class space    used 18253K, capacity 18896K, committed 18956K, reserved 1048576K
Event: 9410.389 GC heap after
Heap after GC invocations=465 (full 13):
 par new generation   total 306688K, used 10790K [0x0000000505c00000, 0x000000051a8c0000, 0x000000051a8c0000)
  eden space 272640K,   0% used [0x0000000505c00000, 0x0000000505c00000, 0x0000000516640000)
  from space 34048K,  31% used [0x0000000518780000, 0x0000000519209ba0, 0x000000051a8c0000)
  to   space 34048K,   0% used [0x0000000516640000, 0x0000000516640000, 0x0000000518780000)
 concurrent mark-sweep generation total 768348K, used 250939K [0x000000051a8c0000, 0x0000000549717000, 0x00000007c0000000)
 Metaspace       used 139687K, capacity 142794K, committed 143308K, reserved 1173504K
  class space    used 18253K, capacity 18896K, committed 18956K, reserved 1048576K
}
Event: 9410.773 GC heap before
{Heap before GC invocations=465 (full 13):
 par new generation   total 306688K, used 283430K [0x0000000505c00000, 0x000000051a8c0000, 0x000000051a8c0000)
  eden space 272640K, 100% used [0x0000000505c00000, 0x0000000516640000, 0x0000000516640000)
  from space 34048K,  31% used [0x0000000518780000, 0x0000000519209ba0, 0x000000051a8c0000)
  to   space 34048K,   0% used [0x0000000516640000, 0x0000000516640000, 0x0000000518780000)
 concurrent mark-sweep generation total 768348K, used 250939K [0x000000051a8c0000, 0x0000000549717000, 0x00000007c0000000)
 Metaspace       used 139687K, capacity 142794K, committed 143308K, reserved 1173504K
  class space    used 18253K, capacity 18896K, committed 18956K, reserved 1048576K
Event: 9410.778 GC heap after
Heap after GC invocations=466 (full 13):
 par new generation   total 306688K, used 8860K [0x0000000505c00000, 0x000000051a8c0000, 0x000000051a8c0000)
  eden space 272640K,   0% used [0x0000000505c00000, 0x0000000505c00000, 0x0000000516640000)
  from space 34048K,  26% used [0x0000000516640000, 0x0000000516ee7140, 0x0000000518780000)
  to   space 34048K,   0% used [0x0000000518780000, 0x0000000518780000, 0x000000051a8c0000)
 concurrent mark-sweep generation total 768348K, used 251387K [0x000000051a8c0000, 0x0000000549717000, 0x00000007c0000000)
 Metaspace       used 139687K, capacity 142794K, committed 143308K, reserved 1173504K
  class space    used 18253K, capacity 18896K, committed 18956K, reserved 1048576K
}
Event: 9411.171 GC heap before
{Heap before GC invocations=466 (full 13):
 par new generation   total 306688K, used 281500K [0x0000000505c00000, 0x000000051a8c0000, 0x000000051a8c0000)
  eden space 272640K, 100% used [0x0000000505c00000, 0x0000000516640000, 0x0000000516640000)
  from space 34048K,  26% used [0x0000000516640000, 0x0000000516ee7140, 0x0000000518780000)
  to   space 34048K,   0% used [0x0000000518780000, 0x0000000518780000, 0x000000051a8c0000)
 concurrent mark-sweep generation total 768348K, used 251387K [0x000000051a8c0000, 0x0000000549717000, 0x00000007c0000000)
 Metaspace       used 139687K, capacity 142794K, committed 143308K, reserved 1173504K
  class space    used 18253K, capacity 18896K, committed 18956K, reserved 1048576K
Event: 9411.176 GC heap after
Heap after GC invocations=467 (full 13):
 par new generation   total 306688K, used 10796K [0x0000000505c00000, 0x000000051a8c0000, 0x000000051a8c0000)
  eden space 272640K,   0% used [0x0000000505c00000, 0x0000000505c00000, 0x0000000516640000)
  from space 34048K,  31% used [0x0000000518780000, 0x000000051920b240, 0x000000051a8c0000)
  to   space 34048K,   0% used [0x0000000516640000, 0x0000000516640000, 0x0000000518780000)
 concurrent mark-sweep generation total 768348K, used 251896K [0x000000051a8c0000, 0x0000000549717000, 0x00000007c0000000)
 Metaspace       used 139687K, capacity 142794K, committed 143308K, reserved 1173504K
  class space    used 18253K, capacity 18896K, committed 18956K, reserved 1048576K
}
Event: 9411.572 GC heap before
{Heap before GC invocations=467 (full 13):
 par new generation   total 306688K, used 283436K [0x0000000505c00000, 0x000000051a8c0000, 0x000000051a8c0000)
  eden space 272640K, 100% used [0x0000000505c00000, 0x0000000516640000, 0x0000000516640000)
  from space 34048K,  31% used [0x0000000518780000, 0x000000051920b240, 0x000000051a8c0000)
  to   space 34048K,   0% used [0x0000000516640000, 0x0000000516640000, 0x0000000518780000)
 concurrent mark-sweep generation total 768348K, used 251896K [0x000000051a8c0000, 0x0000000549717000, 0x00000007c0000000)
 Metaspace       used 139687K, capacity 142794K, committed 143308K, reserved 1173504K
  class space    used 18253K, capacity 18896K, committed 18956K, reserved 1048576K
Event: 9411.578 GC heap after
Heap after GC invocations=468 (full 13):
 par new generation   total 306688K, used 12799K [0x0000000505c00000, 0x000000051a8c0000, 0x000000051a8c0000)
  eden space 272640K,   0% used [0x0000000505c00000, 0x0000000505c00000, 0x0000000516640000)
  from space 34048K,  37% used [0x0000000516640000, 0x00000005172bfd80, 0x0000000518780000)
  to   space 34048K,   0% used [0x0000000518780000, 0x0000000518780000, 0x000000051a8c0000)
 concurrent mark-sweep generation total 768348K, used 252647K [0x000000051a8c0000, 0x0000000549717000, 0x00000007c0000000)
 Metaspace       used 139687K, capacity 142794K, committed 143308K, reserved 1173504K
  class space    used 18253K, capacity 18896K, committed 18956K, reserved 1048576K
}
Event: 9411.954 GC heap before
{Heap before GC invocations=468 (full 13):
 par new generation   total 306688K, used 285439K [0x0000000505c00000, 0x000000051a8c0000, 0x000000051a8c0000)
  eden space 272640K, 100% used [0x0000000505c00000, 0x0000000516640000, 0x0000000516640000)
  from space 34048K,  37% used [0x0000000516640000, 0x00000005172bfd80, 0x0000000518780000)
  to   space 34048K,   0% used [0x0000000518780000, 0x0000000518780000, 0x000000051a8c0000)
 concurrent mark-sweep generation total 768348K, used 252647K [0x000000051a8c0000, 0x0000000549717000, 0x00000007c0000000)
 Metaspace       used 139687K, capacity 142794K, committed 143308K, reserved 1173504K
  class space    used 18253K, capacity 18896K, committed 18956K, reserved 1048576K
Event: 9411.960 GC heap after
Heap after GC invocations=469 (full 13):
 par new generation   total 306688K, used 10020K [0x0000000505c00000, 0x000000051a8c0000, 0x000000051a8c0000)
  eden space 272640K,   0% used [0x0000000505c00000, 0x0000000505c00000, 0x0000000516640000)
  from space 34048K,  29% used [0x0000000518780000, 0x0000000519149138, 0x000000051a8c0000)
  to   space 34048K,   0% used [0x0000000516640000, 0x0000000516640000, 0x0000000518780000)
 concurrent mark-sweep generation total 768348K, used 253511K [0x000000051a8c0000, 0x0000000549717000, 0x00000007c0000000)
 Metaspace       used 139687K, capacity 142794K, committed 143308K, reserved 1173504K
  class space    used 18253K, capacity 18896K, committed 18956K, reserved 1048576K
}
Event: 9412.322 GC heap before
{Heap before GC invocations=469 (full 13):
 par new generation   total 306688K, used 282660K [0x0000000505c00000, 0x000000051a8c0000, 0x000000051a8c0000)
  eden space 272640K, 100% used [0x0000000505c00000, 0x0000000516640000, 0x0000000516640000)
  from space 34048K,  29% used [0x0000000518780000, 0x0000000519149138, 0x000000051a8c0000)
  to   space 34048K,   0% used [0x0000000516640000, 0x0000000516640000, 0x0000000518780000)
 concurrent mark-sweep generation total 768348K, used 253511K [0x000000051a8c0000, 0x0000000549717000, 0x00000007c0000000)
 Metaspace       used 139687K, capacity 142794K, committed 143308K, reserved 1173504K
  class space    used 18253K, capacity 18896K, committed 18956K, reserved 1048576K
Event: 9412.329 GC heap after
Heap after GC invocations=470 (full 13):
 par new generation   total 306688K, used 14733K [0x0000000505c00000, 0x000000051a8c0000, 0x000000051a8c0000)
  eden space 272640K,   0% used [0x0000000505c00000, 0x0000000505c00000, 0x0000000516640000)
  from space 34048K,  43% used [0x0000000516640000, 0x00000005174a3780, 0x0000000518780000)
  to   space 34048K,   0% used [0x0000000518780000, 0x0000000518780000, 0x000000051a8c0000)
 concurrent mark-sweep generation total 768348K, used 253927K [0x000000051a8c0000, 0x0000000549717000, 0x00000007c0000000)
 Metaspace       used 139687K, capacity 142794K, committed 143308K, reserved 1173504K
  class space    used 18253K, capacity 18896K, committed 18956K, reserved 1048576K
}
Event: 9412.719 GC heap before
{Heap before GC invocations=470 (full 13):
 par new generation   total 306688K, used 287373K [0x0000000505c00000, 0x000000051a8c0000, 0x000000051a8c0000)
  eden space 272640K, 100% used [0x0000000505c00000, 0x0000000516640000, 0x0000000516640000)
  from space 34048K,  43% used [0x0000000516640000, 0x00000005174a3780, 0x0000000518780000)
  to   space 34048K,   0% used [0x0000000518780000, 0x0000000518780000, 0x000000051a8c0000)
 concurrent mark-sweep generation total 768348K, used 253927K [0x000000051a8c0000, 0x0000000549717000, 0x00000007c0000000)
 Metaspace       used 139687K, capacity 142794K, committed 143308K, reserved 1173504K
  class space    used 18253K, capacity 18896K, committed 18956K, reserved 1048576K
Event: 9412.727 GC heap after
Heap after GC invocations=471 (full 13):
 par new generation   total 306688K, used 13780K [0x0000000505c00000, 0x000000051a8c0000, 0x000000051a8c0000)
  eden space 272640K,   0% used [0x0000000505c00000, 0x0000000505c00000, 0x0000000516640000)
  from space 34048K,  40% used [0x0000000518780000, 0x00000005194f51d0, 0x000000051a8c0000)
  to   space 34048K,   0% used [0x0000000516640000, 0x0000000516640000, 0x0000000518780000)
 concurrent mark-sweep generation total 768348K, used 255438K [0x000000051a8c0000, 0x0000000549717000, 0x00000007c0000000)
 Metaspace       used 139687K, capacity 142794K, committed 143308K, reserved 1173504K
  class space    used 18253K, capacity 18896K, committed 18956K, reserved 1048576K
}
Event: 9413.115 GC heap before
{Heap before GC invocations=471 (full 13):
 par new generation   total 306688K, used 286420K [0x0000000505c00000, 0x000000051a8c0000, 0x000000051a8c0000)
  eden space 272640K, 100% used [0x0000000505c00000, 0x0000000516640000, 0x0000000516640000)
  from space 34048K,  40% used [0x0000000518780000, 0x00000005194f51d0, 0x000000051a8c0000)
  to   space 34048K,   0% used [0x0000000516640000, 0x0000000516640000, 0x0000000518780000)
 concurrent mark-sweep generation total 768348K, used 255438K [0x000000051a8c0000, 0x0000000549717000, 0x00000007c0000000)
 Metaspace       used 139687K, capacity 142794K, committed 143308K, reserved 1173504K
  class space    used 18253K, capacity 18896K, committed 18956K, reserved 1048576K
Event: 9413.123 GC heap after
Heap after GC invocations=472 (full 13):
 par new generation   total 306688K, used 14656K [0x0000000505c00000, 0x000000051a8c0000, 0x000000051a8c0000)
  eden space 272640K,   0% used [0x0000000505c00000, 0x0000000505c00000, 0x0000000516640000)
  from space 34048K,  43% used [0x0000000516640000, 0x0000000517490080, 0x0000000518780000)
  to   space 34048K,   0% used [0x0000000518780000, 0x0000000518780000, 0x000000051a8c0000)
 concurrent mark-sweep generation total 768348K, used 256981K [0x000000051a8c0000, 0x0000000549717000, 0x00000007c0000000)
 Metaspace       used 139687K, capacity 142794K, committed 143308K, reserved 1173504K
  class space    used 18253K, capacity 18896K, committed 18956K, reserved 1048576K
}
Event: 9413.523 GC heap before
{Heap before GC invocations=472 (full 13):
 par new generation   total 306688K, used 287296K [0x0000000505c00000, 0x000000051a8c0000, 0x000000051a8c0000)
  eden space 272640K, 100% used [0x0000000505c00000, 0x0000000516640000, 0x0000000516640000)
  from space 34048K,  43% used [0x0000000516640000, 0x0000000517490080, 0x0000000518780000)
  to   space 34048K,   0% used [0x0000000518780000, 0x0000000518780000, 0x000000051a8c0000)
 concurrent mark-sweep generation total 768348K, used 256981K [0x000000051a8c0000, 0x0000000549717000, 0x00000007c0000000)
 Metaspace       used 139687K, capacity 142794K, committed 143308K, reserved 1173504K
  class space    used 18253K, capacity 18896K, committed 18956K, reserved 1048576K
Event: 9413.531 GC heap after
Heap after GC invocations=473 (full 13):
 par new generation   total 306688K, used 17831K [0x0000000505c00000, 0x000000051a8c0000, 0x000000051a8c0000)
  eden space 272640K,   0% used [0x0000000505c00000, 0x0000000505c00000, 0x0000000516640000)
  from space 34048K,  52% used [0x0000000518780000, 0x00000005198e9ef0, 0x000000051a8c0000)
  to   space 34048K,   0% used [0x0000000516640000, 0x0000000516640000, 0x0000000518780000)
 concurrent mark-sweep generation total 768348K, used 258571K [0x000000051a8c0000, 0x0000000549717000, 0x00000007c0000000)
 Metaspace       used 139687K, capacity 142794K, committed 143308K, reserved 1173504K
  class space    used 18253K, capacity 18896K, committed 18956K, reserved 1048576K
}
Event: 9534.259 GC heap before
{Heap before GC invocations=473 (full 13):
 par new generation   total 306688K, used 290471K [0x0000000505c00000, 0x000000051a8c0000, 0x000000051a8c0000)
  eden space 272640K, 100% used [0x0000000505c00000, 0x0000000516640000, 0x0000000516640000)
  from space 34048K,  52% used [0x0000000518780000, 0x00000005198e9ef0, 0x000000051a8c0000)
  to   space 34048K,   0% used [0x0000000516640000, 0x0000000516640000, 0x0000000518780000)
 concurrent mark-sweep generation total 768348K, used 258571K [0x000000051a8c0000, 0x0000000549717000, 0x00000007c0000000)
 Metaspace       used 139689K, capacity 142794K, committed 143308K, reserved 1173504K
  class space    used 18253K, capacity 18896K, committed 18956K, reserved 1048576K
Event: 9534.264 GC heap after
Heap after GC invocations=474 (full 13):
 par new generation   total 306688K, used 6547K [0x0000000505c00000, 0x000000051a8c0000, 0x000000051a8c0000)
  eden space 272640K,   0% used [0x0000000505c00000, 0x0000000505c00000, 0x0000000516640000)
  from space 34048K,  19% used [0x0000000516640000, 0x0000000516ca4ea0, 0x0000000518780000)
  to   space 34048K,   0% used [0x0000000518780000, 0x0000000518780000, 0x000000051a8c0000)
 concurrent mark-sweep generation total 768348K, used 259078K [0x000000051a8c0000, 0x0000000549717000, 0x00000007c0000000)
 Metaspace       used 139689K, capacity 142794K, committed 143308K, reserved 1173504K
  class space    used 18253K, capacity 18896K, committed 18956K, reserved 1048576K
}
Event: 9534.662 GC heap before
{Heap before GC invocations=474 (full 13):
 par new generation   total 306688K, used 279187K [0x0000000505c00000, 0x000000051a8c0000, 0x000000051a8c0000)
  eden space 272640K, 100% used [0x0000000505c00000, 0x0000000516640000, 0x0000000516640000)
  from space 34048K,  19% used [0x0000000516640000, 0x0000000516ca4ea0, 0x0000000518780000)
  to   space 34048K,   0% used [0x0000000518780000, 0x0000000518780000, 0x000000051a8c0000)
 concurrent mark-sweep generation total 768348K, used 259078K [0x000000051a8c0000, 0x0000000549717000, 0x00000007c0000000)
 Metaspace       used 139689K, capacity 142794K, committed 143308K, reserved 1173504K
  class space    used 18253K, capacity 18896K, committed 18956K, reserved 1048576K
Event: 9534.667 GC heap after
Heap after GC invocations=475 (full 13):
 par new generation   total 306688K, used 6036K [0x0000000505c00000, 0x000000051a8c0000, 0x000000051a8c0000)
  eden space 272640K,   0% used [0x0000000505c00000, 0x0000000505c00000, 0x0000000516640000)
  from space 34048K,  17% used [0x0000000518780000, 0x0000000518d65100, 0x000000051a8c0000)
  to   space 34048K,   0% used [0x0000000516640000, 0x0000000516640000, 0x0000000518780000)
 concurrent mark-sweep generation total 768348K, used 259488K [0x000000051a8c0000, 0x0000000549717000, 0x00000007c0000000)
 Metaspace       used 139689K, capacity 142794K, committed 143308K, reserved 1173504K
  class space    used 18253K, capacity 18896K, committed 18956K, reserved 1048576K
}
Event: 9535.062 GC heap before
{Heap before GC invocations=475 (full 13):
 par new generation   total 306688K, used 278676K [0x0000000505c00000, 0x000000051a8c0000, 0x000000051a8c0000)
  eden space 272640K, 100% used [0x0000000505c00000, 0x0000000516640000, 0x0000000516640000)
  from space 34048K,  17% used [0x0000000518780000, 0x0000000518d65100, 0x000000051a8c0000)
  to   space 34048K,   0% used [0x0000000516640000, 0x0000000516640000, 0x0000000518780000)
 concurrent mark-sweep generation total 768348K, used 259488K [0x000000051a8c0000, 0x0000000549717000, 0x00000007c0000000)
 Metaspace       used 139689K, capacity 142794K, committed 143308K, reserved 1173504K
  class space    used 18253K, capacity 18896K, committed 18956K, reserved 1048576K
Event: 9535.067 GC heap after
Heap after GC invocations=476 (full 13):
 par new generation   total 306688K, used 8685K [0x0000000505c00000, 0x000000051a8c0000, 0x000000051a8c0000)
  eden space 272640K,   0% used [0x0000000505c00000, 0x0000000505c00000, 0x0000000516640000)
  from space 34048K,  25% used [0x0000000516640000, 0x0000000516ebb640, 0x0000000518780000)
  to   space 34048K,   0% used [0x0000000518780000, 0x0000000518780000, 0x000000051a8c0000)
 concurrent mark-sweep generation total 768348K, used 259986K [0x000000051a8c0000, 0x0000000549717000, 0x00000007c0000000)
 Metaspace       used 139689K, capacity 142794K, committed 143308K, reserved 1173504K
  class space    used 18253K, capacity 18896K, committed 18956K, reserved 1048576K
}
Event: 9535.464 GC heap before
{Heap before GC invocations=476 (full 13):
 par new generation   total 306688K, used 281325K [0x0000000505c00000, 0x000000051a8c0000, 0x000000051a8c0000)
  eden space 272640K, 100% used [0x0000000505c00000, 0x0000000516640000, 0x0000000516640000)
  from space 34048K,  25% used [0x0000000516640000, 0x0000000516ebb640, 0x0000000518780000)
  to   space 34048K,   0% used [0x0000000518780000, 0x0000000518780000, 0x000000051a8c0000)
 concurrent mark-sweep generation total 768348K, used 259986K [0x000000051a8c0000, 0x0000000549717000, 0x00000007c0000000)
 Metaspace       used 139689K, capacity 142794K, committed 143308K, reserved 1173504K
  class space    used 18253K, capacity 18896K, committed 18956K, reserved 1048576K
Event: 9535.470 GC heap after
Heap after GC invocations=477 (full 13):
 par new generation   total 306688K, used 11020K [0x0000000505c00000, 0x000000051a8c0000, 0x000000051a8c0000)
  eden space 272640K,   0% used [0x0000000505c00000, 0x0000000505c00000, 0x0000000516640000)
  from space 34048K,  32% used [0x0000000518780000, 0x0000000519243280, 0x000000051a8c0000)
  to   space 34048K,   0% used [0x0000000516640000, 0x0000000516640000, 0x0000000518780000)
 concurrent mark-sweep generation total 768348K, used 260629K [0x000000051a8c0000, 0x0000000549717000, 0x00000007c0000000)
 Metaspace       used 139689K, capacity 142794K, committed 143308K, reserved 1173504K
  class space    used 18253K, capacity 18896K, committed 18956K, reserved 1048576K
}
Event: 9535.883 GC heap before
{Heap before GC invocations=477 (full 13):
 par new generation   total 306688K, used 283660K [0x0000000505c00000, 0x000000051a8c0000, 0x000000051a8c0000)
  eden space 272640K, 100% used [0x0000000505c00000, 0x0000000516640000, 0x0000000516640000)
  from space 34048K,  32% used [0x0000000518780000, 0x0000000519243280, 0x000000051a8c0000)
  to   space 34048K,   0% used [0x0000000516640000, 0x0000000516640000, 0x0000000518780000)
 concurrent mark-sweep generation total 768348K, used 260629K [0x000000051a8c0000, 0x0000000549717000, 0x00000007c0000000)
 Metaspace       used 139689K, capacity 142794K, committed 143308K, reserved 1173504K
  class space    used 18253K, capacity 18896K, committed 18956K, reserved 1048576K
Event: 9535.887 GC heap after
Heap after GC invocations=478 (full 13):
 par new generation   total 306688K, used 6494K [0x0000000505c00000, 0x000000051a8c0000, 0x000000051a8c0000)
  eden space 272640K,   0% used [0x0000000505c00000, 0x0000000505c00000, 0x0000000516640000)
  from space 34048K,  19% used [0x0000000516640000, 0x0000000516c97be0, 0x0000000518780000)
  to   space 34048K,   0% used [0x0000000518780000, 0x0000000518780000, 0x000000051a8c0000)
 concurrent mark-sweep generation total 768348K, used 261158K [0x000000051a8c0000, 0x0000000549717000, 0x00000007c0000000)
 Metaspace       used 139689K, capacity 142794K, committed 143308K, reserved 1173504K
  class space    used 18253K, capacity 18896K, committed 18956K, reserved 1048576K
}
Event: 9536.264 GC heap before
{Heap before GC invocations=478 (full 13):
 par new generation   total 306688K, used 279134K [0x0000000505c00000, 0x000000051a8c0000, 0x000000051a8c0000)
  eden space 272640K, 100% used [0x0000000505c00000, 0x0000000516640000, 0x0000000516640000)
  from space 34048K,  19% used [0x0000000516640000, 0x0000000516c97be0, 0x0000000518780000)
  to   space 34048K,   0% used [0x0000000518780000, 0x0000000518780000, 0x000000051a8c0000)
 concurrent mark-sweep generation total 768348K, used 261158K [0x000000051a8c0000, 0x0000000549717000, 0x00000007c0000000)
 Metaspace       used 139689K, capacity 142794K, committed 143308K, reserved 1173504K
  class space    used 18253K, capacity 18896K, committed 18956K, reserved 1048576K
Event: 9536.268 GC heap after
Heap after GC invocations=479 (full 13):
 par new generation   total 306688K, used 3647K [0x0000000505c00000, 0x000000051a8c0000, 0x000000051a8c0000)
  eden space 272640K,   0% used [0x0000000505c00000, 0x0000000505c00000, 0x0000000516640000)
  from space 34048K,  10% used [0x0000000518780000, 0x0000000518b0fe00, 0x000000051a8c0000)
  to   space 34048K,   0% used [0x0000000516640000, 0x0000000516640000, 0x0000000518780000)
 concurrent mark-sweep generation total 768348K, used 261639K [0x000000051a8c0000, 0x0000000549717000, 0x00000007c0000000)
 Metaspace       used 139689K, capacity 142794K, committed 143308K, reserved 1173504K
  class space    used 18253K, capacity 18896K, committed 18956K, reserved 1048576K
}
Event: 9536.646 GC heap before
{Heap before GC invocations=479 (full 13):
 par new generation   total 306688K, used 276287K [0x0000000505c00000, 0x000000051a8c0000, 0x000000051a8c0000)
  eden space 272640K, 100% used [0x0000000505c00000, 0x0000000516640000, 0x0000000516640000)
  from space 34048K,  10% used [0x0000000518780000, 0x0000000518b0fe00, 0x000000051a8c0000)
  to   space 34048K,   0% used [0x0000000516640000, 0x0000000516640000, 0x0000000518780000)
 concurrent mark-sweep generation total 768348K, used 261639K [0x000000051a8c0000, 0x0000000549717000, 0x00000007c0000000)
 Metaspace       used 139689K, capacity 142794K, committed 143308K, reserved 1173504K
  class space    used 18253K, capacity 18896K, committed 18956K, reserved 1048576K
Event: 9536.651 GC heap after
Heap after GC invocations=480 (full 13):
 par new generation   total 306688K, used 4395K [0x0000000505c00000, 0x000000051a8c0000, 0x000000051a8c0000)
  eden space 272640K,   0% used [0x0000000505c00000, 0x0000000505c00000, 0x0000000516640000)
  from space 34048K,  12% used [0x0000000516640000, 0x0000000516a8ad80, 0x0000000518780000)
  to   space 34048K,   0% used [0x0000000518780000, 0x0000000518780000, 0x000000051a8c0000)
 concurrent mark-sweep generation total 768348K, used 261897K [0x000000051a8c0000, 0x0000000549717000, 0x00000007c0000000)
 Metaspace       used 139689K, capacity 142794K, committed 143308K, reserved 1173504K
  class space    used 18253K, capacity 18896K, committed 18956K, reserved 1048576K
}
Event: 9537.039 GC heap before
{Heap before GC invocations=480 (full 13):
 par new generation   total 306688K, used 277035K [0x0000000505c00000, 0x000000051a8c0000, 0x000000051a8c0000)
  eden space 272640K, 100% used [0x0000000505c00000, 0x0000000516640000, 0x0000000516640000)
  from space 34048K,  12% used [0x0000000516640000, 0x0000000516a8ad80, 0x0000000518780000)
  to   space 34048K,   0% used [0x0000000518780000, 0x0000000518780000, 0x000000051a8c0000)
 concurrent mark-sweep generation total 768348K, used 261897K [0x000000051a8c0000, 0x0000000549717000, 0x00000007c0000000)
 Metaspace       used 139689K, capacity 142794K, committed 143308K, reserved 1173504K
  class space    used 18253K, capacity 18896K, committed 18956K, reserved 1048576K
Event: 9537.043 GC heap after
Heap after GC invocations=481 (full 13):
 par new generation   total 306688K, used 6683K [0x0000000505c00000, 0x000000051a8c0000, 0x000000051a8c0000)
  eden space 272640K,   0% used [0x0000000505c00000, 0x0000000505c00000, 0x0000000516640000)
  from space 34048K,  19% used [0x0000000518780000, 0x0000000518e06dc0, 0x000000051a8c0000)
  to   space 34048K,   0% used [0x0000000516640000, 0x0000000516640000, 0x0000000518780000)
 concurrent mark-sweep generation total 768348K, used 261902K [0x000000051a8c0000, 0x0000000549717000, 0x00000007c0000000)
 Metaspace       used 139689K, capacity 142794K, committed 143308K, reserved 1173504K
  class space    used 18253K, capacity 18896K, committed 18956K, reserved 1048576K
}
Event: 9537.446 GC heap before
{Heap before GC invocations=481 (full 13):
 par new generation   total 306688K, used 279323K [0x0000000505c00000, 0x000000051a8c0000, 0x000000051a8c0000)
  eden space 272640K, 100% used [0x0000000505c00000, 0x0000000516640000, 0x0000000516640000)
  from space 34048K,  19% used [0x0000000518780000, 0x0000000518e06dc0, 0x000000051a8c0000)
  to   space 34048K,   0% used [0x0000000516640000, 0x0000000516640000, 0x0000000518780000)
 concurrent mark-sweep generation total 768348K, used 261902K [0x000000051a8c0000, 0x0000000549717000, 0x00000007c0000000)
 Metaspace       used 139689K, capacity 142794K, committed 143308K, reserved 1173504K
  class space    used 18253K, capacity 18896K, committed 18956K, reserved 1048576K
Event: 9537.452 GC heap after
Heap after GC invocations=482 (full 13):
 par new generation   total 306688K, used 9840K [0x0000000505c00000, 0x000000051a8c0000, 0x000000051a8c0000)
  eden space 272640K,   0% used [0x0000000505c00000, 0x0000000505c00000, 0x0000000516640000)
  from space 34048K,  28% used [0x0000000516640000, 0x0000000516fdc1c0, 0x0000000518780000)
  to   space 34048K,   0% used [0x0000000518780000, 0x0000000518780000, 0x000000051a8c0000)
 concurrent mark-sweep generation total 768348K, used 261907K [0x000000051a8c0000, 0x0000000549717000, 0x00000007c0000000)
 Metaspace       used 139689K, capacity 142794K, committed 143308K, reserved 1173504K
  class space    used 18253K, capacity 18896K, committed 18956K, reserved 1048576K
}
Event: 9548.501 GC heap before
{Heap before GC invocations=482 (full 13):
 par new generation   total 306688K, used 282480K [0x0000000505c00000, 0x000000051a8c0000, 0x000000051a8c0000)
  eden space 272640K, 100% used [0x0000000505c00000, 0x0000000516640000, 0x0000000516640000)
  from space 34048K,  28% used [0x0000000516640000, 0x0000000516fdc1c0, 0x0000000518780000)
  to   space 34048K,   0% used [0x0000000518780000, 0x0000000518780000, 0x000000051a8c0000)
 concurrent mark-sweep generation total 768348K, used 261907K [0x000000051a8c0000, 0x0000000549717000, 0x00000007c0000000)
 Metaspace       used 139689K, capacity 142794K, committed 143308K, reserved 1173504K
  class space    used 18253K, capacity 18896K, committed 18956K, reserved 1048576K
Event: 9548.509 GC heap after
Heap after GC invocations=483 (full 13):
 par new generation   total 306688K, used 11858K [0x0000000505c00000, 0x000000051a8c0000, 0x000000051a8c0000)
  eden space 272640K,   0% used [0x0000000505c00000, 0x0000000505c00000, 0x0000000516640000)
  from space 34048K,  34% used [0x0000000518780000, 0x0000000519314838, 0x000000051a8c0000)
  to   space 34048K,   0% used [0x0000000516640000, 0x0000000516640000, 0x0000000518780000)
 concurrent mark-sweep generation total 768348K, used 261912K [0x000000051a8c0000, 0x0000000549717000, 0x00000007c0000000)
 Metaspace       used 139689K, capacity 142794K, committed 143308K, reserved 1173504K
  class space    used 18253K, capacity 18896K, committed 18956K, reserved 1048576K
}
Event: 9658.446 GC heap before
{Heap before GC invocations=483 (full 13):
 par new generation   total 306688K, used 284498K [0x0000000505c00000, 0x000000051a8c0000, 0x000000051a8c0000)
  eden space 272640K, 100% used [0x0000000505c00000, 0x0000000516640000, 0x0000000516640000)
  from space 34048K,  34% used [0x0000000518780000, 0x0000000519314838, 0x000000051a8c0000)
  to   space 34048K,   0% used [0x0000000516640000, 0x0000000516640000, 0x0000000518780000)
 concurrent mark-sweep generation total 768348K, used 261912K [0x000000051a8c0000, 0x0000000549717000, 0x00000007c0000000)
 Metaspace       used 139772K, capacity 142876K, committed 143436K, reserved 1173504K
  class space    used 18254K, capacity 18901K, committed 19084K, reserved 1048576K
Event: 9658.458 GC heap after
Heap after GC invocations=484 (full 13):
 par new generation   total 306688K, used 10900K [0x0000000505c00000, 0x000000051a8c0000, 0x000000051a8c0000)
  eden space 272640K,   0% used [0x0000000505c00000, 0x0000000505c00000, 0x0000000516640000)
  from space 34048K,  32% used [0x0000000516640000, 0x00000005170e5170, 0x0000000518780000)
  to   space 34048K,   0% used [0x0000000518780000, 0x0000000518780000, 0x000000051a8c0000)
 concurrent mark-sweep generation total 768348K, used 261922K [0x000000051a8c0000, 0x0000000549717000, 0x00000007c0000000)
 Metaspace       used 139772K, capacity 142876K, committed 143436K, reserved 1173504K
  class space    used 18254K, capacity 18901K, committed 19084K, reserved 1048576K
}
Event: 9658.860 GC heap before
{Heap before GC invocations=484 (full 13):
 par new generation   total 306688K, used 283540K [0x0000000505c00000, 0x000000051a8c0000, 0x000000051a8c0000)
  eden space 272640K, 100% used [0x0000000505c00000, 0x0000000516640000, 0x0000000516640000)
  from space 34048K,  32% used [0x0000000516640000, 0x00000005170e5170, 0x0000000518780000)
  to   space 34048K,   0% used [0x0000000518780000, 0x0000000518780000, 0x000000051a8c0000)
 concurrent mark-sweep generation total 768348K, used 261922K [0x000000051a8c0000, 0x0000000549717000, 0x00000007c0000000)
 Metaspace       used 139772K, capacity 142876K, committed 143436K, reserved 1173504K
  class space    used 18254K, capacity 18901K, committed 19084K, reserved 1048576K
Event: 9658.866 GC heap after
Heap after GC invocations=485 (full 13):
 par new generation   total 306688K, used 8412K [0x0000000505c00000, 0x000000051a8c0000, 0x000000051a8c0000)
  eden space 272640K,   0% used [0x0000000505c00000, 0x0000000505c00000, 0x0000000516640000)
  from space 34048K,  24% used [0x0000000518780000, 0x0000000518fb7200, 0x000000051a8c0000)
  to   space 34048K,   0% used [0x0000000516640000, 0x0000000516640000, 0x0000000518780000)
 concurrent mark-sweep generation total 768348K, used 261935K [0x000000051a8c0000, 0x0000000549717000, 0x00000007c0000000)
 Metaspace       used 139772K, capacity 142876K, committed 143436K, reserved 1173504K
  class space    used 18254K, capacity 18901K, committed 19084K, reserved 1048576K
}
Event: 9659.257 GC heap before
{Heap before GC invocations=485 (full 13):
 par new generation   total 306688K, used 281052K [0x0000000505c00000, 0x000000051a8c0000, 0x000000051a8c0000)
  eden space 272640K, 100% used [0x0000000505c00000, 0x0000000516640000, 0x0000000516640000)
  from space 34048K,  24% used [0x0000000518780000, 0x0000000518fb7200, 0x000000051a8c0000)
  to   space 34048K,   0% used [0x0000000516640000, 0x0000000516640000, 0x0000000518780000)
 concurrent mark-sweep generation total 768348K, used 261935K [0x000000051a8c0000, 0x0000000549717000, 0x00000007c0000000)
 Metaspace       used 139772K, capacity 142876K, committed 143436K, reserved 1173504K
  class space    used 18254K, capacity 18901K, committed 19084K, reserved 1048576K
Event: 9659.264 GC heap after
Heap after GC invocations=486 (full 13):
 par new generation   total 306688K, used 12760K [0x0000000505c00000, 0x000000051a8c0000, 0x000000051a8c0000)
  eden space 272640K,   0% used [0x0000000505c00000, 0x0000000505c00000, 0x0000000516640000)
  from space 34048K,  37% used [0x0000000516640000, 0x00000005172b63c0, 0x0000000518780000)
  to   space 34048K,   0% used [0x0000000518780000, 0x0000000518780000, 0x000000051a8c0000)
 concurrent mark-sweep generation total 768348K, used 261952K [0x000000051a8c0000, 0x0000000549717000, 0x00000007c0000000)
 Metaspace       used 139772K, capacity 142876K, committed 143436K, reserved 1173504K
  class space    used 18254K, capacity 18901K, committed 19084K, reserved 1048576K
}
Event: 9659.654 GC heap before
{Heap before GC invocations=486 (full 13):
 par new generation   total 306688K, used 285400K [0x0000000505c00000, 0x000000051a8c0000, 0x000000051a8c0000)
  eden space 272640K, 100% used [0x0000000505c00000, 0x0000000516640000, 0x0000000516640000)
  from space 34048K,  37% used [0x0000000516640000, 0x00000005172b63c0, 0x0000000518780000)
  to   space 34048K,   0% used [0x0000000518780000, 0x0000000518780000, 0x000000051a8c0000)
 concurrent mark-sweep generation total 768348K, used 261952K [0x000000051a8c0000, 0x0000000549717000, 0x00000007c0000000)
 Metaspace       used 139772K, capacity 142876K, committed 143436K, reserved 1173504K
  class space    used 18254K, capacity 18901K, committed 19084K, reserved 1048576K
Event: 9659.661 GC heap after
Heap after GC invocations=487 (full 13):
 par new generation   total 306688K, used 16108K [0x0000000505c00000, 0x000000051a8c0000, 0x000000051a8c0000)
  eden space 272640K,   0% used [0x0000000505c00000, 0x0000000505c00000, 0x0000000516640000)
  from space 34048K,  47% used [0x0000000518780000, 0x000000051973b240, 0x000000051a8c0000)
  to   space 34048K,   0% used [0x0000000516640000, 0x0000000516640000, 0x0000000518780000)
 concurrent mark-sweep generation total 768348K, used 261968K [0x000000051a8c0000, 0x0000000549717000, 0x00000007c0000000)
 Metaspace       used 139772K, capacity 142876K, committed 143436K, reserved 1173504K
  class space    used 18254K, capacity 18901K, committed 19084K, reserved 1048576K
}
Event: 9660.034 GC heap before
{Heap before GC invocations=487 (full 13):
 par new generation   total 306688K, used 288748K [0x0000000505c00000, 0x000000051a8c0000, 0x000000051a8c0000)
  eden space 272640K, 100% used [0x0000000505c00000, 0x0000000516640000, 0x0000000516640000)
  from space 34048K,  47% used [0x0000000518780000, 0x000000051973b240, 0x000000051a8c0000)
  to   space 34048K,   0% used [0x0000000516640000, 0x0000000516640000, 0x0000000518780000)
 concurrent mark-sweep generation total 768348K, used 261968K [0x000000051a8c0000, 0x0000000549717000, 0x00000007c0000000)
 Metaspace       used 139772K, capacity 142876K, committed 143436K, reserved 1173504K
  class space    used 18254K, capacity 18901K, committed 19084K, reserved 1048576K
Event: 9660.042 GC heap after
Heap after GC invocations=488 (full 13):
 par new generation   total 306688K, used 19212K [0x0000000505c00000, 0x000000051a8c0000, 0x000000051a8c0000)
  eden space 272640K,   0% used [0x0000000505c00000, 0x0000000505c00000, 0x0000000516640000)
  from space 34048K,  56% used [0x0000000516640000, 0x0000000517903100, 0x0000000518780000)
  to   space 34048K,   0% used [0x0000000518780000, 0x0000000518780000, 0x000000051a8c0000)
 concurrent mark-sweep generation total 768348K, used 261987K [0x000000051a8c0000, 0x0000000549717000, 0x00000007c0000000)
 Metaspace       used 139772K, capacity 142876K, committed 143436K, reserved 1173504K
  class space    used 18254K, capacity 18901K, committed 19084K, reserved 1048576K
}
Event: 9660.436 GC heap before
{Heap before GC invocations=488 (full 13):
 par new generation   total 306688K, used 291852K [0x0000000505c00000, 0x000000051a8c0000, 0x000000051a8c0000)
  eden space 272640K, 100% used [0x0000000505c00000, 0x0000000516640000, 0x0000000516640000)
  from space 34048K,  56% used [0x0000000516640000, 0x0000000517903100, 0x0000000518780000)
  to   space 34048K,   0% used [0x0000000518780000, 0x0000000518780000, 0x000000051a8c0000)
 concurrent mark-sweep generation total 768348K, used 261987K [0x000000051a8c0000, 0x0000000549717000, 0x00000007c0000000)
 Metaspace       used 139772K, capacity 142876K, committed 143436K, reserved 1173504K
  class space    used 18254K, capacity 18901K, committed 19084K, reserved 1048576K
Event: 9660.445 GC heap after
Heap after GC invocations=489 (full 13):
 par new generation   total 306688K, used 19758K [0x0000000505c00000, 0x000000051a8c0000, 0x000000051a8c0000)
  eden space 272640K,   0% used [0x0000000505c00000, 0x0000000505c00000, 0x0000000516640000)
  from space 34048K,  58% used [0x0000000518780000, 0x0000000519acba60, 0x000000051a8c0000)
  to   space 34048K,   0% used [0x0000000516640000, 0x0000000516640000, 0x0000000518780000)
 concurrent mark-sweep generation total 768348K, used 262009K [0x000000051a8c0000, 0x0000000549717000, 0x00000007c0000000)
 Metaspace       used 139772K, capacity 142876K, committed 143436K, reserved 1173504K
  class space    used 18254K, capacity 18901K, committed 19084K, reserved 1048576K
}
Event: 9660.818 GC heap before
{Heap before GC invocations=489 (full 13):
 par new generation   total 306688K, used 292398K [0x0000000505c00000, 0x000000051a8c0000, 0x000000051a8c0000)
  eden space 272640K, 100% used [0x0000000505c00000, 0x0000000516640000, 0x0000000516640000)
  from space 34048K,  58% used [0x0000000518780000, 0x0000000519acba60, 0x000000051a8c0000)
  to   space 34048K,   0% used [0x0000000516640000, 0x0000000516640000, 0x0000000518780000)
 concurrent mark-sweep generation total 768348K, used 262009K [0x000000051a8c0000, 0x0000000549717000, 0x00000007c0000000)
 Metaspace       used 139772K, capacity 142876K, committed 143436K, reserved 1173504K
  class space    used 18254K, capacity 18901K, committed 19084K, reserved 1048576K
Event: 9660.844 GC heap after
Heap after GC invocations=490 (full 13):
 par new generation   total 306688K, used 19650K [0x0000000505c00000, 0x000000051a8c0000, 0x000000051a8c0000)
  eden space 272640K,   0% used [0x0000000505c00000, 0x0000000505c00000, 0x0000000516640000)
  from space 34048K,  57% used [0x0000000516640000, 0x0000000517970a40, 0x0000000518780000)
  to   space 34048K,   0% used [0x0000000518780000, 0x0000000518780000, 0x000000051a8c0000)
 concurrent mark-sweep generation total 768348K, used 267693K [0x000000051a8c0000, 0x0000000549717000, 0x00000007c0000000)
 Metaspace       used 139772K, capacity 142876K, committed 143436K, reserved 1173504K
  class space    used 18254K, capacity 18901K, committed 19084K, reserved 1048576K
}
Event: 9661.255 GC heap before
{Heap before GC invocations=490 (full 13):
 par new generation   total 306688K, used 292290K [0x0000000505c00000, 0x000000051a8c0000, 0x000000051a8c0000)
  eden space 272640K, 100% used [0x0000000505c00000, 0x0000000516640000, 0x0000000516640000)
  from space 34048K,  57% used [0x0000000516640000, 0x0000000517970a40, 0x0000000518780000)
  to   space 34048K,   0% used [0x0000000518780000, 0x0000000518780000, 0x000000051a8c0000)
 concurrent mark-sweep generation total 768348K, used 267693K [0x000000051a8c0000, 0x0000000549717000, 0x00000007c0000000)
 Metaspace       used 139772K, capacity 142876K, committed 143436K, reserved 1173504K
  class space    used 18254K, capacity 18901K, committed 19084K, reserved 1048576K
Event: 9661.262 GC heap after
Heap after GC invocations=491 (full 13):
 par new generation   total 306688K, used 14295K [0x0000000505c00000, 0x000000051a8c0000, 0x000000051a8c0000)
  eden space 272640K,   0% used [0x0000000505c00000, 0x0000000505c00000, 0x0000000516640000)
  from space 34048K,  41% used [0x0000000518780000, 0x0000000519575d80, 0x000000051a8c0000)
  to   space 34048K,   0% used [0x0000000516640000, 0x0000000516640000, 0x0000000518780000)
 concurrent mark-sweep generation total 768348K, used 269357K [0x000000051a8c0000, 0x0000000549717000, 0x00000007c0000000)
 Metaspace       used 139772K, capacity 142876K, committed 143436K, reserved 1173504K
  class space    used 18254K, capacity 18901K, committed 19084K, reserved 1048576K
}
Event: 9661.661 GC heap before
{Heap before GC invocations=491 (full 13):
 par new generation   total 306688K, used 286935K [0x0000000505c00000, 0x000000051a8c0000, 0x000000051a8c0000)
  eden space 272640K, 100% used [0x0000000505c00000, 0x0000000516640000, 0x0000000516640000)
  from space 34048K,  41% used [0x0000000518780000, 0x0000000519575d80, 0x000000051a8c0000)
  to   space 34048K,   0% used [0x0000000516640000, 0x0000000516640000, 0x0000000518780000)
 concurrent mark-sweep generation total 768348K, used 269357K [0x000000051a8c0000, 0x0000000549717000, 0x00000007c0000000)
 Metaspace       used 139772K, capacity 142876K, committed 143436K, reserved 1173504K
  class space    used 18254K, capacity 18901K, committed 19084K, reserved 1048576K
Event: 9661.668 GC heap after
Heap after GC invocations=492 (full 13):
 par new generation   total 306688K, used 16989K [0x0000000505c00000, 0x000000051a8c0000, 0x000000051a8c0000)
  eden space 272640K,   0% used [0x0000000505c00000, 0x0000000505c00000, 0x0000000516640000)
  from space 34048K,  49% used [0x0000000516640000, 0x00000005176d7588, 0x0000000518780000)
  to   space 34048K,   0% used [0x0000000518780000, 0x0000000518780000, 0x000000051a8c0000)
 concurrent mark-sweep generation total 768348K, used 270901K [0x000000051a8c0000, 0x0000000549717000, 0x00000007c0000000)
 Metaspace       used 139772K, capacity 142876K, committed 143436K, reserved 1173504K
  class space    used 18254K, capacity 18901K, committed 19084K, reserved 1048576K
}
Event: 9662.082 GC heap before
{Heap before GC invocations=492 (full 13):
 par new generation   total 306688K, used 289629K [0x0000000505c00000, 0x000000051a8c0000, 0x000000051a8c0000)
  eden space 272640K, 100% used [0x0000000505c00000, 0x0000000516640000, 0x0000000516640000)
  from space 34048K,  49% used [0x0000000516640000, 0x00000005176d7588, 0x0000000518780000)
  to   space 34048K,   0% used [0x0000000518780000, 0x0000000518780000, 0x000000051a8c0000)
 concurrent mark-sweep generation total 768348K, used 270901K [0x000000051a8c0000, 0x0000000549717000, 0x00000007c0000000)
 Metaspace       used 139772K, capacity 142876K, committed 143436K, reserved 1173504K
  class space    used 18254K, capacity 18901K, committed 19084K, reserved 1048576K
Event: 9662.090 GC heap after
Heap after GC invocations=493 (full 13):
 par new generation   total 306688K, used 15915K [0x0000000505c00000, 0x000000051a8c0000, 0x000000051a8c0000)
  eden space 272640K,   0% used [0x0000000505c00000, 0x0000000505c00000, 0x0000000516640000)
  from space 34048K,  46% used [0x0000000518780000, 0x000000051970adb0, 0x000000051a8c0000)
  to   space 34048K,   0% used [0x0000000516640000, 0x0000000516640000, 0x0000000518780000)
 concurrent mark-sweep generation total 768348K, used 272587K [0x000000051a8c0000, 0x0000000549717000, 0x00000007c0000000)
 Metaspace       used 139772K, capacity 142876K, committed 143436K, reserved 1173504K
  class space    used 18254K, capacity 18901K, committed 19084K, reserved 1048576K
}
Event: 9731.692 GC heap before
{Heap before GC invocations=493 (full 13):
 par new generation   total 306688K, used 288555K [0x0000000505c00000, 0x000000051a8c0000, 0x000000051a8c0000)
  eden space 272640K, 100% used [0x0000000505c00000, 0x0000000516640000, 0x0000000516640000)
  from space 34048K,  46% used [0x0000000518780000, 0x000000051970adb0, 0x000000051a8c0000)
  to   space 34048K,   0% used [0x0000000516640000, 0x0000000516640000, 0x0000000518780000)
 concurrent mark-sweep generation total 768348K, used 272587K [0x000000051a8c0000, 0x0000000549717000, 0x00000007c0000000)
 Metaspace       used 139776K, capacity 142882K, committed 143436K, reserved 1173504K
  class space    used 18255K, capacity 18902K, committed 19084K, reserved 1048576K
Event: 9731.738 GC heap after
Heap after GC invocations=494 (full 13):
 par new generation   total 306688K, used 34048K [0x0000000505c00000, 0x000000051a8c0000, 0x000000051a8c0000)
  eden space 272640K,   0% used [0x0000000505c00000, 0x0000000505c00000, 0x0000000516640000)
  from space 34048K, 100% used [0x0000000516640000, 0x0000000518780000, 0x0000000518780000)
  to   space 34048K,   0% used [0x0000000518780000, 0x0000000518780000, 0x000000051a8c0000)
 concurrent mark-sweep generation total 768348K, used 286973K [0x000000051a8c0000, 0x0000000549717000, 0x00000007c0000000)
 Metaspace       used 139776K, capacity 142882K, committed 143436K, reserved 1173504K
  class space    used 18255K, capacity 18902K, committed 19084K, reserved 1048576K
}
Event: 9732.005 GC heap before
{Heap before GC invocations=494 (full 13):
 par new generation   total 306688K, used 306688K [0x0000000505c00000, 0x000000051a8c0000, 0x000000051a8c0000)
  eden space 272640K, 100% used [0x0000000505c00000, 0x0000000516640000, 0x0000000516640000)
  from space 34048K, 100% used [0x0000000516640000, 0x0000000518780000, 0x0000000518780000)
  to   space 34048K,   0% used [0x0000000518780000, 0x0000000518780000, 0x000000051a8c0000)
 concurrent mark-sweep generation total 768348K, used 286973K [0x000000051a8c0000, 0x0000000549717000, 0x00000007c0000000)
 Metaspace       used 139776K, capacity 142882K, committed 143436K, reserved 1173504K
  class space    used 18255K, capacity 18902K, committed 19084K, reserved 1048576K
Event: 9732.408 GC heap after
Heap after GC invocations=495 (full 13):
 par new generation   total 306688K, used 34048K [0x0000000505c00000, 0x000000051a8c0000, 0x000000051a8c0000)
  eden space 272640K,   0% used [0x0000000505c00000, 0x0000000505c00000, 0x0000000516640000)
  from space 34048K, 100% used [0x0000000518780000, 0x000000051a8c0000, 0x000000051a8c0000)
  to   space 34048K,   0% used [0x0000000516640000, 0x0000000516640000, 0x0000000518780000)
 concurrent mark-sweep generation total 768348K, used 565750K [0x000000051a8c0000, 0x0000000549717000, 0x00000007c0000000)
 Metaspace       used 139776K, capacity 142882K, committed 143436K, reserved 1173504K
  class space    used 18255K, capacity 18902K, committed 19084K, reserved 1048576K
}
Event: 9732.740 GC heap before
{Heap before GC invocations=495 (full 14):
 par new generation   total 306688K, used 306688K [0x0000000505c00000, 0x000000051a8c0000, 0x000000051a8c0000)
  eden space 272640K, 100% used [0x0000000505c00000, 0x0000000516640000, 0x0000000516640000)
  from space 34048K, 100% used [0x0000000518780000, 0x000000051a8c0000, 0x000000051a8c0000)
  to   space 34048K,   0% used [0x0000000516640000, 0x0000000516640000, 0x0000000518780000)
 concurrent mark-sweep generation total 768348K, used 565750K [0x000000051a8c0000, 0x0000000549717000, 0x00000007c0000000)
 Metaspace       used 139776K, capacity 142882K, committed 143436K, reserved 1173504K
  class space    used 18255K, capacity 18902K, committed 19084K, reserved 1048576K
Event: 9733.203 GC heap after
Heap after GC invocations=496 (full 14):
 par new generation   total 306688K, used 34048K [0x0000000505c00000, 0x000000051a8c0000, 0x000000051a8c0000)
  eden space 272640K,   0% used [0x0000000505c00000, 0x0000000505c00000, 0x0000000516640000)
  from space 34048K, 100% used [0x0000000516640000, 0x0000000518780000, 0x0000000518780000)
  to   space 34048K,   0% used [0x0000000518780000, 0x0000000518780000, 0x000000051a8c0000)
 concurrent mark-sweep generation total 822108K, used 821538K [0x000000051a8c0000, 0x000000054cb97000, 0x00000007c0000000)
 Metaspace       used 139776K, capacity 142882K, committed 143436K, reserved 1173504K
  class space    used 18255K, capacity 18902K, committed 19084K, reserved 1048576K
}
Event: 9733.483 GC heap before
{Heap before GC invocations=496 (full 14):
 par new generation   total 306688K, used 306688K [0x0000000505c00000, 0x000000051a8c0000, 0x000000051a8c0000)
  eden space 272640K, 100% used [0x0000000505c00000, 0x0000000516640000, 0x0000000516640000)
  from space 34048K, 100% used [0x0000000516640000, 0x0000000518780000, 0x0000000518780000)
  to   space 34048K,   0% used [0x0000000518780000, 0x0000000518780000, 0x000000051a8c0000)
 concurrent mark-sweep generation total 822108K, used 821538K [0x000000051a8c0000, 0x000000054cb97000, 0x00000007c0000000)
 Metaspace       used 139776K, capacity 142882K, committed 143436K, reserved 1173504K
  class space    used 18255K, capacity 18902K, committed 19084K, reserved 1048576K
Event: 9734.169 GC heap after
Heap after GC invocations=497 (full 14):
 par new generation   total 306688K, used 34048K [0x0000000505c00000, 0x000000051a8c0000, 0x000000051a8c0000)
  eden space 272640K,   0% used [0x0000000505c00000, 0x0000000505c00000, 0x0000000516640000)
  from space 34048K, 100% used [0x0000000518780000, 0x000000051a8c0000, 0x000000051a8c0000)
  to   space 34048K,   0% used [0x0000000516640000, 0x0000000516640000, 0x0000000518780000)
 concurrent mark-sweep generation total 1094432K, used 1093823K [0x000000051a8c0000, 0x000000055d588000, 0x00000007c0000000)
 Metaspace       used 139776K, capacity 142882K, committed 143436K, reserved 1173504K
  class space    used 18255K, capacity 18902K, committed 19084K, reserved 1048576K
}
Event: 9734.536 GC heap before
{Heap before GC invocations=497 (full 14):
 par new generation   total 306688K, used 306688K [0x0000000505c00000, 0x000000051a8c0000, 0x000000051a8c0000)
  eden space 272640K, 100% used [0x0000000505c00000, 0x0000000516640000, 0x0000000516640000)
  from space 34048K, 100% used [0x0000000518780000, 0x000000051a8c0000, 0x000000051a8c0000)
  to   space 34048K,   0% used [0x0000000516640000, 0x0000000516640000, 0x0000000518780000)
 concurrent mark-sweep generation total 1094432K, used 1093823K [0x000000051a8c0000, 0x000000055d588000, 0x00000007c0000000)
 Metaspace       used 139777K, capacity 142882K, committed 143436K, reserved 1173504K
  class space    used 18255K, capacity 18902K, committed 19084K, reserved 1048576K
Event: 9735.265 GC heap after
Heap after GC invocations=498 (full 14):
 par new generation   total 306688K, used 34048K [0x0000000505c00000, 0x000000051a8c0000, 0x000000051a8c0000)
  eden space 272640K,   0% used [0x0000000505c00000, 0x0000000505c00000, 0x0000000516640000)
  from space 34048K, 100% used [0x0000000516640000, 0x0000000518780000, 0x0000000518780000)
  to   space 34048K,   0% used [0x0000000518780000, 0x0000000518780000, 0x000000051a8c0000)
 concurrent mark-sweep generation total 1369760K, used 1369098K [0x000000051a8c0000, 0x000000056e268000, 0x00000007c0000000)
 Metaspace       used 139777K, capacity 142882K, committed 143436K, reserved 1173504K
  class space    used 18255K, capacity 18902K, committed 19084K, reserved 1048576K
}
Event: 9735.591 GC heap before
{Heap before GC invocations=498 (full 14):
 par new generation   total 306688K, used 233586K [0x0000000505c00000, 0x000000051a8c0000, 0x000000051a8c0000)
  eden space 272640K,  73% used [0x0000000505c00000, 0x0000000511edcbd8, 0x0000000516640000)
  from space 34048K, 100% used [0x0000000516640000, 0x0000000518780000, 0x0000000518780000)
  to   space 34048K,   0% used [0x0000000518780000, 0x0000000518780000, 0x000000051a8c0000)
 concurrent mark-sweep generation total 1369760K, used 1359357K [0x000000051a8c0000, 0x000000056e268000, 0x00000007c0000000)
 Metaspace       used 139777K, capacity 142882K, committed 143436K, reserved 1173504K
  class space    used 18255K, capacity 18902K, committed 19084K, reserved 1048576K
Event: 9735.976 GC heap after
Heap after GC invocations=499 (full 14):
 par new generation   total 306688K, used 34048K [0x0000000505c00000, 0x000000051a8c0000, 0x000000051a8c0000)
  eden space 272640K,   0% used [0x0000000505c00000, 0x0000000505c00000, 0x0000000516640000)
  from space 34048K, 100% used [0x0000000518780000, 0x000000051a8c0000, 0x000000051a8c0000)
  to   space 34048K,   0% used [0x0000000516640000, 0x0000000516640000, 0x0000000518780000)
 concurrent mark-sweep generation total 1551968K, used 1550284K [0x000000051a8c0000, 0x0000000579458000, 0x00000007c0000000)
 Metaspace       used 139777K, capacity 142882K, committed 143436K, reserved 1173504K
  class space    used 18255K, capacity 18902K, committed 19084K, reserved 1048576K
}
Event: 9736.157 GC heap before
{Heap before GC invocations=499 (full 14):
 par new generation   total 306688K, used 306688K [0x0000000505c00000, 0x000000051a8c0000, 0x000000051a8c0000)
  eden space 272640K, 100% used [0x0000000505c00000, 0x0000000516640000, 0x0000000516640000)
  from space 34048K, 100% used [0x0000000518780000, 0x000000051a8c0000, 0x000000051a8c0000)
  to   space 34048K,   0% used [0x0000000516640000, 0x0000000516640000, 0x0000000518780000)
 concurrent mark-sweep generation total 2518060K, used 1510835K [0x000000051a8c0000, 0x00000005b43cb000, 0x00000007c0000000)
 Metaspace       used 139773K, capacity 142876K, committed 143436K, reserved 1173504K
  class space    used 18254K, capacity 18901K, committed 19084K, reserved 1048576K
Event: 9736.727 GC heap after
Heap after GC invocations=500 (full 14):
 par new generation   total 306688K, used 34048K [0x0000000505c00000, 0x000000051a8c0000, 0x000000051a8c0000)
  eden space 272640K,   0% used [0x0000000505c00000, 0x0000000505c00000, 0x0000000516640000)
  from space 34048K, 100% used [0x0000000516640000, 0x0000000518780000, 0x0000000518780000)
  to   space 34048K,   0% used [0x0000000518780000, 0x0000000518780000, 0x000000051a8c0000)
 concurrent mark-sweep generation total 2518060K, used 1783251K [0x000000051a8c0000, 0x00000005b43cb000, 0x00000007c0000000)
 Metaspace       used 139773K, capacity 142876K, committed 143436K, reserved 1173504K
  class space    used 18254K, capacity 18901K, committed 19084K, reserved 1048576K
}
Event: 9737.267 GC heap before
{Heap before GC invocations=500 (full 15):
 par new generation   total 306688K, used 306688K [0x0000000505c00000, 0x000000051a8c0000, 0x000000051a8c0000)
  eden space 272640K, 100% used [0x0000000505c00000, 0x0000000516640000, 0x0000000516640000)
  from space 34048K, 100% used [0x0000000516640000, 0x0000000518780000, 0x0000000518780000)
  to   space 34048K,   0% used [0x0000000518780000, 0x0000000518780000, 0x000000051a8c0000)
 concurrent mark-sweep generation total 2518060K, used 1783251K [0x000000051a8c0000, 0x00000005b43cb000, 0x00000007c0000000)
 Metaspace       used 139773K, capacity 142876K, committed 143436K, reserved 1173504K
  class space    used 18254K, capacity 18901K, committed 19084K, reserved 1048576K
Event: 9738.111 GC heap after
Heap after GC invocations=501 (full 15):
 par new generation   total 306688K, used 34048K [0x0000000505c00000, 0x000000051a8c0000, 0x000000051a8c0000)
  eden space 272640K,   0% used [0x0000000505c00000, 0x0000000505c00000, 0x0000000516640000)
  from space 34048K, 100% used [0x0000000518780000, 0x000000051a8c0000, 0x000000051a8c0000)
  to   space 34048K,   0% used [0x0000000516640000, 0x0000000516640000, 0x0000000518780000)
 concurrent mark-sweep generation total 2518060K, used 2055643K [0x000000051a8c0000, 0x00000005b43cb000, 0x00000007c0000000)
 Metaspace       used 139773K, capacity 142876K, committed 143436K, reserved 1173504K
  class space    used 18254K, capacity 18901K, committed 19084K, reserved 1048576K
}
Event: 9738.653 GC heap before
{Heap before GC invocations=501 (full 15):
 par new generation   total 306688K, used 306688K [0x0000000505c00000, 0x000000051a8c0000, 0x000000051a8c0000)
  eden space 272640K, 100% used [0x0000000505c00000, 0x0000000516640000, 0x0000000516640000)
  from space 34048K, 100% used [0x0000000518780000, 0x000000051a8c0000, 0x000000051a8c0000)
  to   space 34048K,   0% used [0x0000000516640000, 0x0000000516640000, 0x0000000518780000)
 concurrent mark-sweep generation total 2518060K, used 2055643K [0x000000051a8c0000, 0x00000005b43cb000, 0x00000007c0000000)
 Metaspace       used 139775K, capacity 142876K, committed 143436K, reserved 1173504K
  class space    used 18254K, capacity 18901K, committed 19084K, reserved 1048576K
Event: 9739.297 GC heap after
Heap after GC invocations=502 (full 15):
 par new generation   total 306688K, used 34048K [0x0000000505c00000, 0x000000051a8c0000, 0x000000051a8c0000)
  eden space 272640K,   0% used [0x0000000505c00000, 0x0000000505c00000, 0x0000000516640000)
  from space 34048K, 100% used [0x0000000516640000, 0x0000000518780000, 0x0000000518780000)
  to   space 34048K,   0% used [0x0000000518780000, 0x0000000518780000, 0x000000051a8c0000)
 concurrent mark-sweep generation total 2518060K, used 2327708K [0x000000051a8c0000, 0x00000005b43cb000, 0x00000007c0000000)
 Metaspace       used 139775K, capacity 142876K, committed 143436K, reserved 1173504K
  class space    used 18254K, capacity 18901K, committed 19084K, reserved 1048576K
}
Event: 9739.613 GC heap before
{Heap before GC invocations=502 (full 15):
 par new generation   total 306688K, used 306688K [0x0000000505c00000, 0x000000051a8c0000, 0x000000051a8c0000)
  eden space 272640K, 100% used [0x0000000505c00000, 0x0000000516640000, 0x0000000516640000)
  from space 34048K, 100% used [0x0000000516640000, 0x0000000518780000, 0x0000000518780000)
  to   space 34048K,   0% used [0x0000000518780000, 0x0000000518780000, 0x000000051a8c0000)
 concurrent mark-sweep generation total 2518060K, used 2327708K [0x000000051a8c0000, 0x00000005b43cb000, 0x00000007c0000000)
 Metaspace       used 139775K, capacity 142876K, committed 143436K, reserved 1173504K
  class space    used 18254K, capacity 18901K, committed 19084K, reserved 1048576K
Event: 9740.159 GC heap after
Heap after GC invocations=503 (full 15):
 par new generation   total 306688K, used 34046K [0x0000000505c00000, 0x000000051a8c0000, 0x000000051a8c0000)
  eden space 272640K,   0% used [0x0000000505c00000, 0x0000000505c00000, 0x0000000516640000)
  from space 34048K,  99% used [0x0000000518780000, 0x000000051a8bfbe0, 0x000000051a8c0000)
  to   space 34048K,   0% used [0x0000000516640000, 0x0000000516640000, 0x0000000518780000)
 concurrent mark-sweep generation total 2602924K, used 2599952K [0x000000051a8c0000, 0x00000005b96ab000, 0x00000007c0000000)
 Metaspace       used 139775K, capacity 142876K, committed 143436K, reserved 1173504K
  class space    used 18254K, capacity 18901K, committed 19084K, reserved 1048576K
}
Event: 9740.404 GC heap before
{Heap before GC invocations=503 (full 15):
 par new generation   total 306688K, used 258270K [0x0000000505c00000, 0x000000051a8c0000, 0x000000051a8c0000)
  eden space 272640K,  82% used [0x0000000505c00000, 0x00000005136f7c28, 0x0000000516640000)
  from space 34048K,  99% used [0x0000000518780000, 0x000000051a8bfbe0, 0x000000051a8c0000)
  to   space 34048K,   0% used [0x0000000516640000, 0x0000000516640000, 0x0000000518780000)
 concurrent mark-sweep generation total 2602924K, used 2599952K [0x000000051a8c0000, 0x00000005b96ab000, 0x00000007c0000000)
 Metaspace       used 139775K, capacity 142876K, committed 143436K, reserved 1173504K
  class space    used 18254K, capacity 18901K, committed 19084K, reserved 1048576K
Event: 9740.887 GC heap after
Heap after GC invocations=504 (full 15):
 par new generation   total 306688K, used 34046K [0x0000000505c00000, 0x000000051a8c0000, 0x000000051a8c0000)
  eden space 272640K,   0% used [0x0000000505c00000, 0x0000000505c00000, 0x0000000516640000)
  from space 34048K,  99% used [0x0000000516640000, 0x000000051877fb80, 0x0000000518780000)
  to   space 34048K,   0% used [0x0000000518780000, 0x0000000518780000, 0x000000051a8c0000)
 concurrent mark-sweep generation total 2825260K, used 2822182K [0x000000051a8c0000, 0x00000005c6fcb000, 0x00000007c0000000)
 Metaspace       used 139775K, capacity 142876K, committed 143436K, reserved 1173504K
  class space    used 18254K, capacity 18901K, committed 19084K, reserved 1048576K
}
Event: 9740.947 GC heap before
{Heap before GC invocations=504 (full 15):
 par new generation   total 306688K, used 306686K [0x0000000505c00000, 0x000000051a8c0000, 0x000000051a8c0000)
  eden space 272640K, 100% used [0x0000000505c00000, 0x0000000516640000, 0x0000000516640000)
  from space 34048K,  99% used [0x0000000516640000, 0x000000051877fb80, 0x0000000518780000)
  to   space 34048K,   0% used [0x0000000518780000, 0x0000000518780000, 0x000000051a8c0000)
 concurrent mark-sweep generation total 2825260K, used 2822182K [0x000000051a8c0000, 0x00000005c6fcb000, 0x00000007c0000000)
 Metaspace       used 139775K, capacity 142876K, committed 143436K, reserved 1173504K
  class space    used 18254K, capacity 18901K, committed 19084K, reserved 1048576K
Event: 9741.651 GC heap after
Heap after GC invocations=505 (full 15):
 par new generation   total 306688K, used 34046K [0x0000000505c00000, 0x000000051a8c0000, 0x000000051a8c0000)
  eden space 272640K,   0% used [0x0000000505c00000, 0x0000000505c00000, 0x0000000516640000)
  from space 34048K,  99% used [0x0000000518780000, 0x000000051a8bfb00, 0x000000051a8c0000)
  to   space 34048K,   0% used [0x0000000516640000, 0x0000000516640000, 0x0000000518780000)
 concurrent mark-sweep generation total 3121584K, used 3118373K [0x000000051a8c0000, 0x00000005d912c000, 0x00000007c0000000)
 Metaspace       used 139775K, capacity 142876K, committed 143436K, reserved 1173504K
  class space    used 18254K, capacity 18901K, committed 19084K, reserved 1048576K
}
Event: 9742.006 GC heap before
{Heap before GC invocations=505 (full 15):
 par new generation   total 306688K, used 306686K [0x0000000505c00000, 0x000000051a8c0000, 0x000000051a8c0000)
  eden space 272640K, 100% used [0x0000000505c00000, 0x0000000516640000, 0x0000000516640000)
  from space 34048K,  99% used [0x0000000518780000, 0x000000051a8bfb00, 0x000000051a8c0000)
  to   space 34048K,   0% used [0x0000000516640000, 0x0000000516640000, 0x0000000518780000)
 concurrent mark-sweep generation total 3121584K, used 3118373K [0x000000051a8c0000, 0x00000005d912c000, 0x00000007c0000000)
 Metaspace       used 139775K, capacity 142876K, committed 143436K, reserved 1173504K
  class space    used 18254K, capacity 18901K, committed 19084K, reserved 1048576K
Event: 9742.548 GC heap after
Heap after GC invocations=506 (full 15):
 par new generation   total 306688K, used 34048K [0x0000000505c00000, 0x000000051a8c0000, 0x000000051a8c0000)
  eden space 272640K,   0% used [0x0000000505c00000, 0x0000000505c00000, 0x0000000516640000)
  from space 34048K, 100% used [0x0000000516640000, 0x0000000518780000, 0x0000000518780000)
  to   space 34048K,   0% used [0x0000000518780000, 0x0000000518780000, 0x000000051a8c0000)
 concurrent mark-sweep generation total 3369840K, used 3366859K [0x000000051a8c0000, 0x00000005e839c000, 0x00000007c0000000)
 Metaspace       used 139775K, capacity 142876K, committed 143436K, reserved 1173504K
  class space    used 18254K, capacity 18901K, committed 19084K, reserved 1048576K
}
Event: 9742.847 GC heap before
{Heap before GC invocations=506 (full 15):
 par new generation   total 306688K, used 306688K [0x0000000505c00000, 0x000000051a8c0000, 0x000000051a8c0000)
  eden space 272640K, 100% used [0x0000000505c00000, 0x0000000516640000, 0x0000000516640000)
  from space 34048K, 100% used [0x0000000516640000, 0x0000000518780000, 0x0000000518780000)
  to   space 34048K,   0% used [0x0000000518780000, 0x0000000518780000, 0x000000051a8c0000)
 concurrent mark-sweep generation total 3369840K, used 3366859K [0x000000051a8c0000, 0x00000005e839c000, 0x00000007c0000000)
 Metaspace       used 139775K, capacity 142876K, committed 143436K, reserved 1173504K
  class space    used 18254K, capacity 18901K, committed 19084K, reserved 1048576K
Event: 9743.430 GC heap after
Heap after GC invocations=507 (full 15):
 par new generation   total 306688K, used 34048K [0x0000000505c00000, 0x000000051a8c0000, 0x000000051a8c0000)
  eden space 272640K,   0% used [0x0000000505c00000, 0x0000000505c00000, 0x0000000516640000)
  from space 34048K, 100% used [0x0000000518780000, 0x000000051a8c0000, 0x000000051a8c0000)
  to   space 34048K,   0% used [0x0000000516640000, 0x0000000516640000, 0x0000000518780000)
 concurrent mark-sweep generation total 3642672K, used 3639540K [0x000000051a8c0000, 0x00000005f8e0c000, 0x00000007c0000000)
 Metaspace       used 139775K, capacity 142876K, committed 143436K, reserved 1173504K
  class space    used 18254K, capacity 18901K, committed 19084K, reserved 1048576K
}
Event: 9743.757 GC heap before
{Heap before GC invocations=507 (full 15):
 par new generation   total 306688K, used 306688K [0x0000000505c00000, 0x000000051a8c0000, 0x000000051a8c0000)
  eden space 272640K, 100% used [0x0000000505c00000, 0x0000000516640000, 0x0000000516640000)
  from space 34048K, 100% used [0x0000000518780000, 0x000000051a8c0000, 0x000000051a8c0000)
  to   space 34048K,   0% used [0x0000000516640000, 0x0000000516640000, 0x0000000518780000)
 concurrent mark-sweep generation total 3642672K, used 3639540K [0x000000051a8c0000, 0x00000005f8e0c000, 0x00000007c0000000)
 Metaspace       used 139775K, capacity 142876K, committed 143436K, reserved 1173504K
  class space    used 18254K, capacity 18901K, committed 19084K, reserved 1048576K
Event: 9744.354 GC heap after
Heap after GC invocations=508 (full 15):
 par new generation   total 306688K, used 34048K [0x0000000505c00000, 0x000000051a8c0000, 0x000000051a8c0000)
  eden space 272640K,   0% used [0x0000000505c00000, 0x0000000505c00000, 0x0000000516640000)
  from space 34048K, 100% used [0x0000000516640000, 0x0000000518780000, 0x0000000518780000)
  to   space 34048K,   0% used [0x0000000518780000, 0x0000000518780000, 0x000000051a8c0000)
 concurrent mark-sweep generation total 3915504K, used 3912287K [0x000000051a8c0000, 0x000000060987c000, 0x00000007c0000000)
 Metaspace       used 139775K, capacity 142876K, committed 143436K, reserved 1173504K
  class space    used 18254K, capacity 18901K, committed 19084K, reserved 1048576K
}
Event: 9744.652 GC heap before
{Heap before GC invocations=508 (full 15):
 par new generation   total 306688K, used 306688K [0x0000000505c00000, 0x000000051a8c0000, 0x000000051a8c0000)
  eden space 272640K, 100% used [0x0000000505c00000, 0x0000000516640000, 0x0000000516640000)
  from space 34048K, 100% used [0x0000000516640000, 0x0000000518780000, 0x0000000518780000)
  to   space 34048K,   0% used [0x0000000518780000, 0x0000000518780000, 0x000000051a8c0000)
 concurrent mark-sweep generation total 3915504K, used 3912287K [0x000000051a8c0000, 0x000000060987c000, 0x00000007c0000000)
 Metaspace       used 139775K, capacity 142876K, committed 143436K, reserved 1173504K
  class space    used 18254K, capacity 18901K, committed 19084K, reserved 1048576K
Event: 9745.235 GC heap after
Heap after GC invocations=509 (full 15):
 par new generation   total 306688K, used 34048K [0x0000000505c00000, 0x000000051a8c0000, 0x000000051a8c0000)
  eden space 272640K,   0% used [0x0000000505c00000, 0x0000000505c00000, 0x0000000516640000)
  from space 34048K, 100% used [0x0000000518780000, 0x000000051a8c0000, 0x000000051a8c0000)
  to   space 34048K,   0% used [0x0000000516640000, 0x0000000516640000, 0x0000000518780000)
 concurrent mark-sweep generation total 4187184K, used 4183896K [0x000000051a8c0000, 0x000000061a1cc000, 0x00000007c0000000)
 Metaspace       used 139775K, capacity 142876K, committed 143436K, reserved 1173504K
  class space    used 18254K, capacity 18901K, committed 19084K, reserved 1048576K
}
Event: 9745.685 GC heap before
{Heap before GC invocations=509 (full 15):
 par new generation   total 306688K, used 306688K [0x0000000505c00000, 0x000000051a8c0000, 0x000000051a8c0000)
  eden space 272640K, 100% used [0x0000000505c00000, 0x0000000516640000, 0x0000000516640000)
  from space 34048K, 100% used [0x0000000518780000, 0x000000051a8c0000, 0x000000051a8c0000)
  to   space 34048K,   0% used [0x0000000516640000, 0x0000000516640000, 0x0000000518780000)
 concurrent mark-sweep generation total 4187184K, used 4183896K [0x000000051a8c0000, 0x000000061a1cc000, 0x00000007c0000000)
 Metaspace       used 139775K, capacity 142876K, committed 143436K, reserved 1173504K
  class space    used 18254K, capacity 18901K, committed 19084K, reserved 1048576K
Event: 9746.280 GC heap after
Heap after GC invocations=510 (full 15):
 par new generation   total 306688K, used 34048K [0x0000000505c00000, 0x000000051a8c0000, 0x000000051a8c0000)
  eden space 272640K,   0% used [0x0000000505c00000, 0x0000000505c00000, 0x0000000516640000)
  from space 34048K, 100% used [0x0000000516640000, 0x0000000518780000, 0x0000000518780000)
  to   space 34048K,   0% used [0x0000000518780000, 0x0000000518780000, 0x000000051a8c0000)
 concurrent mark-sweep generation total 4459440K, used 4456140K [0x000000051a8c0000, 0x000000062abac000, 0x00000007c0000000)
 Metaspace       used 139775K, capacity 142876K, committed 143436K, reserved 1173504K
  class space    used 18254K, capacity 18901K, committed 19084K, reserved 1048576K
}
Event: 9746.617 GC heap before
{Heap before GC invocations=510 (full 15):
 par new generation   total 306688K, used 306688K [0x0000000505c00000, 0x000000051a8c0000, 0x000000051a8c0000)
  eden space 272640K, 100% used [0x0000000505c00000, 0x0000000516640000, 0x0000000516640000)
  from space 34048K, 100% used [0x0000000516640000, 0x0000000518780000, 0x0000000518780000)
  to   space 34048K,   0% used [0x0000000518780000, 0x0000000518780000, 0x000000051a8c0000)
 concurrent mark-sweep generation total 4459440K, used 4456140K [0x000000051a8c0000, 0x000000062abac000, 0x00000007c0000000)
 Metaspace       used 139775K, capacity 142876K, committed 143436K, reserved 1173504K
  class space    used 18254K, capacity 18901K, committed 19084K, reserved 1048576K
Event: 9747.207 GC heap after
Heap after GC invocations=511 (full 15):
 par new generation   total 306688K, used 34048K [0x0000000505c00000, 0x000000051a8c0000, 0x000000051a8c0000)
  eden space 272640K,   0% used [0x0000000505c00000, 0x0000000505c00000, 0x0000000516640000)
  from space 34048K, 100% used [0x0000000518780000, 0x000000051a8c0000, 0x000000051a8c0000)
  to   space 34048K,   0% used [0x0000000516640000, 0x0000000516640000, 0x0000000518780000)
 concurrent mark-sweep generation total 4731504K, used 4728355K [0x000000051a8c0000, 0x000000063b55c000, 0x00000007c0000000)
 Metaspace       used 139775K, capacity 142876K, committed 143436K, reserved 1173504K
  class space    used 18254K, capacity 18901K, committed 19084K, reserved 1048576K
}
Event: 9747.507 GC heap before
{Heap before GC invocations=511 (full 15):
 par new generation   total 306688K, used 306688K [0x0000000505c00000, 0x000000051a8c0000, 0x000000051a8c0000)
  eden space 272640K, 100% used [0x0000000505c00000, 0x0000000516640000, 0x0000000516640000)
  from space 34048K, 100% used [0x0000000518780000, 0x000000051a8c0000, 0x000000051a8c0000)
  to   space 34048K,   0% used [0x0000000516640000, 0x0000000516640000, 0x0000000518780000)
 concurrent mark-sweep generation total 4731504K, used 4728355K [0x000000051a8c0000, 0x000000063b55c000, 0x00000007c0000000)
 Metaspace       used 139775K, capacity 142876K, committed 143436K, reserved 1173504K
  class space    used 18254K, capacity 18901K, committed 19084K, reserved 1048576K
Event: 9748.100 GC heap after
Heap after GC invocations=512 (full 15):
 par new generation   total 306688K, used 34048K [0x0000000505c00000, 0x000000051a8c0000, 0x000000051a8c0000)
  eden space 272640K,   0% used [0x0000000505c00000, 0x0000000505c00000, 0x0000000516640000)
  from space 34048K, 100% used [0x0000000516640000, 0x0000000518780000, 0x0000000518780000)
  to   space 34048K,   0% used [0x0000000518780000, 0x0000000518780000, 0x000000051a8c0000)
 concurrent mark-sweep generation total 5003952K, used 5000599K [0x000000051a8c0000, 0x000000064bf6c000, 0x00000007c0000000)
 Metaspace       used 139775K, capacity 142876K, committed 143436K, reserved 1173504K
  class space    used 18254K, capacity 18901K, committed 19084K, reserved 1048576K
}
Event: 9748.208 GC heap before
{Heap before GC invocations=512 (full 15):
 par new generation   total 306688K, used 104966K [0x0000000505c00000, 0x000000051a8c0000, 0x000000051a8c0000)
  eden space 272640K,  26% used [0x0000000505c00000, 0x000000050a141910, 0x0000000516640000)
  from space 34048K, 100% used [0x0000000516640000, 0x0000000518780000, 0x0000000518780000)
  to   space 34048K,   0% used [0x0000000518780000, 0x0000000518780000, 0x000000051a8c0000)
 concurrent mark-sweep generation total 5003952K, used 5000599K [0x000000051a8c0000, 0x000000064bf6c000, 0x00000007c0000000)
 Metaspace       used 139775K, capacity 142876K, committed 143436K, reserved 1173504K
  class space    used 18254K, capacity 18901K, committed 19084K, reserved 1048576K
Event: 9748.378 GC heap after
Heap after GC invocations=513 (full 15):
 par new generation   total 306688K, used 34046K [0x0000000505c00000, 0x000000051a8c0000, 0x000000051a8c0000)
  eden space 272640K,   0% used [0x0000000505c00000, 0x0000000505c00000, 0x0000000516640000)
  from space 34048K,  99% used [0x0000000518780000, 0x000000051a8bf9d8, 0x000000051a8c0000)
  to   space 34048K,   0% used [0x0000000516640000, 0x0000000516640000, 0x0000000518780000)
 concurrent mark-sweep generation total 5073648K, used 5070408K [0x000000051a8c0000, 0x000000065037c000, 0x00000007c0000000)
 Metaspace       used 139775K, capacity 142876K, committed 143436K, reserved 1173504K
  class space    used 18254K, capacity 18901K, committed 19084K, reserved 1048576K
}

